2023-11-03 18:40:53.423 +01:00 [INF] User profile is available. Using '/Users/henrik_vik/.aspnet/DataProtection-Keys' as key repository; keys will not be encrypted at rest.
2023-11-03 18:40:57.774 +01:00 [INF] Now listening on: https://localhost:7060
2023-11-03 18:40:57.779 +01:00 [INF] Now listening on: http://localhost:5035
2023-11-03 18:40:57.821 +01:00 [INF] Application started. Press Ctrl+C to shut down.
2023-11-03 18:40:57.826 +01:00 [INF] Hosting environment: Development
2023-11-03 18:40:57.829 +01:00 [INF] Content root path: /Users/henrik_vik/Projects/Hobbyprosjekt_FjordNest/FjordNestPro
2023-11-03 18:40:59.900 +01:00 [INF] Request starting HTTP/1.1 GET https://localhost:7060/ - -
2023-11-03 18:41:00.474 +01:00 [INF] Identity.Application was not authenticated. Failure message: Unprotect ticket failed
2023-11-03 18:41:00.485 +01:00 [INF] Executing endpoint 'FjordNestPro.Controllers.HomeController.Index (FjordNestPro)'
2023-11-03 18:41:00.517 +01:00 [INF] Route matched with {action = "Index", controller = "Home", area = "", page = ""}. Executing controller action with signature System.Threading.Tasks.Task`1[Microsoft.AspNetCore.Mvc.IActionResult] Index() on controller FjordNestPro.Controllers.HomeController (FjordNestPro).
2023-11-03 18:41:00.705 +01:00 [INF] Executing ViewResult, running view Index.
2023-11-03 18:41:01.045 +01:00 [INF] Executed ViewResult - view Index executed in 409.4817ms.
2023-11-03 18:41:01.048 +01:00 [INF] Executed action FjordNestPro.Controllers.HomeController.Index (FjordNestPro) in 530.4893ms
2023-11-03 18:41:01.048 +01:00 [INF] Executed endpoint 'FjordNestPro.Controllers.HomeController.Index (FjordNestPro)'
2023-11-03 18:41:01.055 +01:00 [INF] Request finished HTTP/1.1 GET https://localhost:7060/ - - - 200 - text/html;+charset=utf-8 1223.1604ms
2023-11-03 18:41:01.111 +01:00 [INF] Request starting HTTP/1.1 GET https://localhost:7060/lib/jquery/jquery.js - -
2023-11-03 18:41:01.116 +01:00 [INF] Request starting HTTP/1.1 GET https://localhost:7060/lib/bootstrap/js/bootstrap.js - -
2023-11-03 18:41:01.122 +01:00 [INF] Identity.Application was not authenticated. Failure message: Unprotect ticket failed
2023-11-03 18:41:01.122 +01:00 [INF] Identity.Application was not authenticated. Failure message: Unprotect ticket failed
2023-11-03 18:41:01.124 +01:00 [INF] Request finished HTTP/1.1 GET https://localhost:7060/lib/jquery/jquery.js - - - 404 0 - 12.3379ms
2023-11-03 18:41:01.145 +01:00 [INF] Request finished HTTP/1.1 GET https://localhost:7060/lib/bootstrap/js/bootstrap.js - - - 404 0 - 28.8188ms
2023-11-03 18:41:01.172 +01:00 [INF] Request starting HTTP/1.1 GET https://localhost:7060/lib/jquery-validate/jquery.validate.js - -
2023-11-03 18:41:01.178 +01:00 [INF] Identity.Application was not authenticated. Failure message: Unprotect ticket failed
2023-11-03 18:41:01.179 +01:00 [INF] Request finished HTTP/1.1 GET https://localhost:7060/lib/jquery-validate/jquery.validate.js - - - 404 0 - 7.3526ms
2023-11-03 18:41:03.055 +01:00 [INF] Request starting HTTP/1.1 GET https://localhost:7060/Identity/Account/Login - -
2023-11-03 18:41:03.061 +01:00 [INF] Identity.Application was not authenticated. Failure message: Unprotect ticket failed
2023-11-03 18:41:03.061 +01:00 [INF] Executing endpoint '/Account/Login'
2023-11-03 18:41:03.110 +01:00 [INF] Route matched with {page = "/Account/Login", area = "Identity", action = "", controller = ""}. Executing page /Account/Login
2023-11-03 18:41:03.166 +01:00 [INF] Executing handler method FjordNestPro.Areas.Identity.Pages.Account.LoginModel.OnGetAsync - ModelState is "Valid"
2023-11-03 18:41:03.180 +01:00 [INF] AuthenticationScheme: Identity.External signed out.
2023-11-03 18:41:03.182 +01:00 [INF] Executed handler method OnGetAsync, returned result .
2023-11-03 18:41:03.187 +01:00 [INF] Executing an implicit handler method - ModelState is "Valid"
2023-11-03 18:41:03.187 +01:00 [INF] Executed an implicit handler method, returned result Microsoft.AspNetCore.Mvc.RazorPages.PageResult.
2023-11-03 18:41:03.299 +01:00 [INF] Executed page /Account/Login in 188.6928ms
2023-11-03 18:41:03.299 +01:00 [INF] Executed endpoint '/Account/Login'
2023-11-03 18:41:03.300 +01:00 [INF] Request finished HTTP/1.1 GET https://localhost:7060/Identity/Account/Login - - - 200 - text/html;+charset=utf-8 244.4801ms
2023-11-03 18:41:03.341 +01:00 [INF] Request starting HTTP/1.1 GET https://localhost:7060/lib/bootstrap/js/bootstrap.js - -
2023-11-03 18:41:03.342 +01:00 [INF] Identity.Application was not authenticated. Failure message: Unprotect ticket failed
2023-11-03 18:41:03.342 +01:00 [INF] Request finished HTTP/1.1 GET https://localhost:7060/lib/bootstrap/js/bootstrap.js - - - 404 0 - 0.9652ms
2023-11-03 18:41:03.348 +01:00 [INF] Request starting HTTP/1.1 GET https://localhost:7060/lib/jquery-validate/jquery.validate.js - -
2023-11-03 18:41:03.349 +01:00 [INF] Request starting HTTP/1.1 GET https://localhost:7060/lib/jquery/jquery.js - -
2023-11-03 18:41:03.349 +01:00 [INF] Identity.Application was not authenticated. Failure message: Unprotect ticket failed
2023-11-03 18:41:03.349 +01:00 [INF] Identity.Application was not authenticated. Failure message: Unprotect ticket failed
2023-11-03 18:41:03.350 +01:00 [INF] Request finished HTTP/1.1 GET https://localhost:7060/lib/jquery/jquery.js - - - 404 0 - 0.9804ms
2023-11-03 18:41:03.350 +01:00 [INF] Request finished HTTP/1.1 GET https://localhost:7060/lib/jquery-validate/jquery.validate.js - - - 404 0 - 0.9803ms
2023-11-03 18:41:10.167 +01:00 [INF] Request starting HTTP/1.1 POST https://localhost:7060/Identity/Account/Login application/x-www-form-urlencoded 263
2023-11-03 18:41:10.174 +01:00 [INF] Identity.Application was not authenticated. Failure message: Unprotect ticket failed
2023-11-03 18:41:10.174 +01:00 [INF] Executing endpoint '/Account/Login'
2023-11-03 18:41:10.175 +01:00 [INF] Route matched with {page = "/Account/Login", area = "Identity", action = "", controller = ""}. Executing page /Account/Login
2023-11-03 18:41:10.220 +01:00 [INF] Executing handler method FjordNestPro.Areas.Identity.Pages.Account.LoginModel.OnPostAsync - ModelState is "Valid"
2023-11-03 18:41:10.506 +01:00 [INF] AuthenticationScheme: Identity.Application signed in.
2023-11-03 18:41:10.510 +01:00 [INF] User logged in.
2023-11-03 18:41:10.511 +01:00 [INF] Executed handler method OnPostAsync, returned result Microsoft.AspNetCore.Mvc.LocalRedirectResult.
2023-11-03 18:41:10.511 +01:00 [INF] Executing LocalRedirectResult, redirecting to /.
2023-11-03 18:41:10.512 +01:00 [INF] Executed page /Account/Login in 336.773ms
2023-11-03 18:41:10.512 +01:00 [INF] Executed endpoint '/Account/Login'
2023-11-03 18:41:10.516 +01:00 [INF] Request finished HTTP/1.1 POST https://localhost:7060/Identity/Account/Login application/x-www-form-urlencoded 263 - 302 0 - 348.8871ms
2023-11-03 18:41:10.517 +01:00 [INF] Request starting HTTP/1.1 GET https://localhost:7060/ - -
2023-11-03 18:41:10.521 +01:00 [INF] Executing endpoint 'FjordNestPro.Controllers.HomeController.Index (FjordNestPro)'
2023-11-03 18:41:10.521 +01:00 [INF] Route matched with {action = "Index", controller = "Home", area = "", page = ""}. Executing controller action with signature System.Threading.Tasks.Task`1[Microsoft.AspNetCore.Mvc.IActionResult] Index() on controller FjordNestPro.Controllers.HomeController (FjordNestPro).
2023-11-03 18:41:10.612 +01:00 [INF] Executing ViewResult, running view Index.
2023-11-03 18:41:10.621 +01:00 [INF] Executed ViewResult - view Index executed in 9.0594ms.
2023-11-03 18:41:10.621 +01:00 [INF] Executed action FjordNestPro.Controllers.HomeController.Index (FjordNestPro) in 99.9036ms
2023-11-03 18:41:10.621 +01:00 [INF] Executed endpoint 'FjordNestPro.Controllers.HomeController.Index (FjordNestPro)'
2023-11-03 18:41:10.622 +01:00 [INF] Request finished HTTP/1.1 GET https://localhost:7060/ - - - 200 - text/html;+charset=utf-8 104.9054ms
2023-11-03 18:41:10.657 +01:00 [INF] Request starting HTTP/1.1 GET https://localhost:7060/lib/bootstrap/js/bootstrap.js - -
2023-11-03 18:41:10.660 +01:00 [INF] Request finished HTTP/1.1 GET https://localhost:7060/lib/bootstrap/js/bootstrap.js - - - 404 0 - 3.0191ms
2023-11-03 18:41:10.662 +01:00 [INF] Request starting HTTP/1.1 GET https://localhost:7060/lib/jquery/jquery.js - -
2023-11-03 18:41:10.663 +01:00 [INF] Request starting HTTP/1.1 GET https://localhost:7060/lib/jquery-validate/jquery.validate.js - -
2023-11-03 18:41:10.666 +01:00 [INF] Request finished HTTP/1.1 GET https://localhost:7060/lib/jquery/jquery.js - - - 404 0 - 4.0731ms
2023-11-03 18:41:10.666 +01:00 [INF] Request finished HTTP/1.1 GET https://localhost:7060/lib/jquery-validate/jquery.validate.js - - - 404 0 - 4.0764ms
2023-11-03 18:41:33.067 +01:00 [INF] Request starting HTTP/1.1 GET https://localhost:7060/Admin - -
2023-11-03 18:41:33.088 +01:00 [INF] Executing endpoint 'FjordNestPro.Areas.Admin.Controllers.AdminController.Index (FjordNestPro)'
2023-11-03 18:41:33.092 +01:00 [INF] Route matched with {area = "Admin", action = "Index", controller = "Admin", page = ""}. Executing controller action with signature Microsoft.AspNetCore.Mvc.IActionResult Index() on controller FjordNestPro.Areas.Admin.Controllers.AdminController (FjordNestPro).
2023-11-03 18:41:33.096 +01:00 [INF] Executing ViewResult, running view Index.
2023-11-03 18:41:33.138 +01:00 [INF] Executed ViewResult - view Index executed in 45.8915ms.
2023-11-03 18:41:33.139 +01:00 [INF] Executed action FjordNestPro.Areas.Admin.Controllers.AdminController.Index (FjordNestPro) in 46.7947ms
2023-11-03 18:41:33.139 +01:00 [INF] Executed endpoint 'FjordNestPro.Areas.Admin.Controllers.AdminController.Index (FjordNestPro)'
2023-11-03 18:41:33.139 +01:00 [INF] Request finished HTTP/1.1 GET https://localhost:7060/Admin - - - 200 - text/html;+charset=utf-8 72.2463ms
2023-11-03 18:41:33.161 +01:00 [INF] Request starting HTTP/1.1 GET https://localhost:7060/lib/bootstrap/js/bootstrap.js - -
2023-11-03 18:41:33.166 +01:00 [INF] Request starting HTTP/1.1 GET https://localhost:7060/lib/jquery/jquery.js - -
2023-11-03 18:41:33.281 +01:00 [INF] Request starting HTTP/1.1 GET https://localhost:7060/lib/jquery-validate/jquery.validate.js - -
2023-11-03 18:41:33.303 +01:00 [INF] Request finished HTTP/1.1 GET https://localhost:7060/lib/bootstrap/js/bootstrap.js - - - 404 0 - 141.6958ms
2023-11-03 18:41:33.303 +01:00 [INF] Request finished HTTP/1.1 GET https://localhost:7060/lib/jquery/jquery.js - - - 404 0 - 136.4871ms
2023-11-03 18:41:33.416 +01:00 [INF] Request starting HTTP/1.1 GET https://localhost:7060/images/Logo.png.png - -
2023-11-03 18:41:33.416 +01:00 [INF] Request finished HTTP/1.1 GET https://localhost:7060/lib/jquery-validate/jquery.validate.js - - - 404 0 - 135.0073ms
2023-11-03 18:41:33.493 +01:00 [INF] Sending file. Request path: '/images/Logo.png.png'. Physical path: '/Users/henrik_vik/Projects/Hobbyprosjekt_FjordNest/FjordNestPro/wwwroot/images/Logo.png.png'
2023-11-03 18:41:33.494 +01:00 [INF] Request finished HTTP/1.1 GET https://localhost:7060/images/Logo.png.png - - - 200 18519 image/png 77.7895ms
2023-11-03 18:43:51.275 +01:00 [INF] Request starting HTTP/1.1 GET https://localhost:7060/Admin/Address - -
2023-11-03 18:43:51.319 +01:00 [INF] Executing endpoint 'FjordNestPro.Areas.Admin.Controllers.AddressController.Index (FjordNestPro)'
2023-11-03 18:43:51.333 +01:00 [INF] Route matched with {area = "Admin", action = "Index", controller = "Address", page = ""}. Executing controller action with signature System.Threading.Tasks.Task`1[Microsoft.AspNetCore.Mvc.IActionResult] Index(System.String, System.String, System.String) on controller FjordNestPro.Areas.Admin.Controllers.AddressController (FjordNestPro).
2023-11-03 18:43:51.419 +01:00 [INF] Executing ViewResult, running view Index.
2023-11-03 18:43:51.537 +01:00 [INF] Executed ViewResult - view Index executed in 120.0458ms.
2023-11-03 18:43:51.537 +01:00 [INF] Executed action FjordNestPro.Areas.Admin.Controllers.AddressController.Index (FjordNestPro) in 203.4702ms
2023-11-03 18:43:51.537 +01:00 [INF] Executed endpoint 'FjordNestPro.Areas.Admin.Controllers.AddressController.Index (FjordNestPro)'
2023-11-03 18:43:51.537 +01:00 [INF] Request finished HTTP/1.1 GET https://localhost:7060/Admin/Address - - - 200 - text/html;+charset=utf-8 263.9763ms
2023-11-03 18:43:51.564 +01:00 [INF] Request starting HTTP/1.1 GET https://localhost:7060/lib/bootstrap/js/bootstrap.js - -
2023-11-03 18:43:51.566 +01:00 [INF] Request finished HTTP/1.1 GET https://localhost:7060/lib/bootstrap/js/bootstrap.js - - - 404 0 - 2.3336ms
2023-11-03 18:43:51.569 +01:00 [INF] Request starting HTTP/1.1 GET https://localhost:7060/lib/jquery/jquery.js - -
2023-11-03 18:43:51.569 +01:00 [INF] Request starting HTTP/1.1 GET https://localhost:7060/lib/jquery-validate/jquery.validate.js - -
2023-11-03 18:43:51.595 +01:00 [INF] Request starting HTTP/1.1 GET https://localhost:7060/Admin/images/Logo.png.png - -
2023-11-03 18:43:51.620 +01:00 [INF] Request finished HTTP/1.1 GET https://localhost:7060/lib/jquery/jquery.js - - - 404 0 - 51.3207ms
2023-11-03 18:43:51.621 +01:00 [INF] Request finished HTTP/1.1 GET https://localhost:7060/lib/jquery-validate/jquery.validate.js - - - 404 0 - 51.3003ms
2023-11-03 18:43:51.699 +01:00 [INF] Request finished HTTP/1.1 GET https://localhost:7060/Admin/images/Logo.png.png - - - 404 0 - 103.8089ms
2023-11-03 18:44:48.124 +01:00 [INF] Request starting HTTP/1.1 GET https://localhost:7060/Admin/Address - -
2023-11-03 18:44:48.127 +01:00 [INF] Executing endpoint 'FjordNestPro.Areas.Admin.Controllers.AddressController.Index (FjordNestPro)'
2023-11-03 18:44:48.127 +01:00 [INF] Route matched with {area = "Admin", action = "Index", controller = "Address", page = ""}. Executing controller action with signature System.Threading.Tasks.Task`1[Microsoft.AspNetCore.Mvc.IActionResult] Index(System.String, System.String, System.String) on controller FjordNestPro.Areas.Admin.Controllers.AddressController (FjordNestPro).
2023-11-03 18:44:48.140 +01:00 [INF] Executing ViewResult, running view Index.
2023-11-03 18:44:48.195 +01:00 [INF] Executed ViewResult - view Index executed in 54.8696ms.
2023-11-03 18:44:48.221 +01:00 [INF] Executed action FjordNestPro.Areas.Admin.Controllers.AddressController.Index (FjordNestPro) in 93.0587ms
2023-11-03 18:44:48.221 +01:00 [INF] Executed endpoint 'FjordNestPro.Areas.Admin.Controllers.AddressController.Index (FjordNestPro)'
2023-11-03 18:44:48.221 +01:00 [INF] Request finished HTTP/1.1 GET https://localhost:7060/Admin/Address - - - 200 - text/html;+charset=utf-8 96.8070ms
2023-11-03 18:44:48.227 +01:00 [INF] Request starting HTTP/1.1 GET https://localhost:7060/lib/bootstrap/js/bootstrap.js - -
2023-11-03 18:44:48.228 +01:00 [INF] Request finished HTTP/1.1 GET https://localhost:7060/lib/bootstrap/js/bootstrap.js - - - 404 0 - 1.2865ms
2023-11-03 18:44:48.276 +01:00 [INF] Request starting HTTP/1.1 GET https://localhost:7060/lib/jquery-validate/jquery.validate.js - -
2023-11-03 18:44:48.276 +01:00 [INF] Request starting HTTP/1.1 GET https://localhost:7060/Admin/images/Logo.png.png - -
2023-11-03 18:44:48.276 +01:00 [INF] Request starting HTTP/1.1 GET https://localhost:7060/lib/jquery/jquery.js - -
2023-11-03 18:44:48.281 +01:00 [INF] Request finished HTTP/1.1 GET https://localhost:7060/lib/jquery-validate/jquery.validate.js - - - 404 0 - 5.4834ms
2023-11-03 18:44:48.281 +01:00 [INF] Request finished HTTP/1.1 GET https://localhost:7060/Admin/images/Logo.png.png - - - 404 0 - 5.4806ms
2023-11-03 18:44:48.281 +01:00 [INF] Request finished HTTP/1.1 GET https://localhost:7060/lib/jquery/jquery.js - - - 404 0 - 5.4461ms
2023-11-03 18:45:45.696 +01:00 [INF] Request starting HTTP/1.1 GET https://localhost:7060/Admin/User - -
2023-11-03 18:45:45.711 +01:00 [INF] Executing endpoint 'FjordNestPro.Areas.Admin.Controllers.UserController.Index (FjordNestPro)'
2023-11-03 18:45:45.726 +01:00 [INF] Route matched with {area = "Admin", action = "Index", controller = "User", page = ""}. Executing controller action with signature System.Threading.Tasks.Task`1[Microsoft.AspNetCore.Mvc.IActionResult] Index(System.String, System.String, System.String) on controller FjordNestPro.Areas.Admin.Controllers.UserController (FjordNestPro).
2023-11-03 18:45:45.747 +01:00 [INF] Fetching users based on search parameters.
2023-11-03 18:45:45.777 +01:00 [INF] Executing ViewResult, running view Index.
2023-11-03 18:45:45.990 +01:00 [INF] Executed ViewResult - view Index executed in 214.974ms.
2023-11-03 18:45:45.990 +01:00 [INF] Executed action FjordNestPro.Areas.Admin.Controllers.UserController.Index (FjordNestPro) in 263.8628ms
2023-11-03 18:45:45.990 +01:00 [INF] Executed endpoint 'FjordNestPro.Areas.Admin.Controllers.UserController.Index (FjordNestPro)'
2023-11-03 18:45:45.990 +01:00 [INF] Request finished HTTP/1.1 GET https://localhost:7060/Admin/User - - - 200 - text/html;+charset=utf-8 295.5740ms
2023-11-03 18:45:46.083 +01:00 [INF] Request starting HTTP/1.1 GET https://localhost:7060/lib/bootstrap/js/bootstrap.js - -
2023-11-03 18:45:46.157 +01:00 [INF] Request starting HTTP/1.1 GET https://localhost:7060/lib/jquery/jquery.js - -
2023-11-03 18:45:46.254 +01:00 [INF] Request starting HTTP/1.1 GET https://localhost:7060/lib/jquery-validate/jquery.validate.js - -
2023-11-03 18:45:46.254 +01:00 [INF] Request finished HTTP/1.1 GET https://localhost:7060/lib/jquery/jquery.js - - - 404 0 - 97.1803ms
2023-11-03 18:45:46.283 +01:00 [INF] Request finished HTTP/1.1 GET https://localhost:7060/lib/bootstrap/js/bootstrap.js - - - 404 0 - 170.6805ms
2023-11-03 18:45:46.287 +01:00 [INF] Request starting HTTP/1.1 GET https://localhost:7060/Admin/images/Logo.png.png - -
2023-11-03 18:45:46.288 +01:00 [INF] Request finished HTTP/1.1 GET https://localhost:7060/Admin/images/Logo.png.png - - - 404 0 - 0.9247ms
2023-11-03 18:45:46.379 +01:00 [INF] Request finished HTTP/1.1 GET https://localhost:7060/lib/jquery-validate/jquery.validate.js - - - 404 0 - 100.2754ms
2023-11-03 18:45:50.480 +01:00 [INF] Request starting HTTP/1.1 GET https://localhost:7060/Admin/User/Details/1 - -
2023-11-03 18:45:50.507 +01:00 [INF] Executing endpoint 'FjordNestPro.Areas.Admin.Controllers.UserController.Details (FjordNestPro)'
2023-11-03 18:45:50.517 +01:00 [INF] Route matched with {area = "Admin", action = "Details", controller = "User", page = ""}. Executing controller action with signature System.Threading.Tasks.Task`1[Microsoft.AspNetCore.Mvc.IActionResult] Details(System.String) on controller FjordNestPro.Areas.Admin.Controllers.UserController (FjordNestPro).
2023-11-03 18:45:50.525 +01:00 [INF] Fetching user details for deletion. User ID: 1
2023-11-03 18:45:50.633 +01:00 [WRN] Compiling a query which loads related collections for more than one collection navigation, either via 'Include' or through projection, but no 'QuerySplittingBehavior' has been configured. By default, Entity Framework will use 'QuerySplittingBehavior.SingleQuery', which can potentially result in slow query performance. See https://go.microsoft.com/fwlink/?linkid=2134277 for more information. To identify the query that's triggering this warning call 'ConfigureWarnings(w => w.Throw(RelationalEventId.MultipleCollectionIncludeWarning))'.
2023-11-03 18:45:50.753 +01:00 [INF] Executing ViewResult, running view Details.
2023-11-03 18:45:50.772 +01:00 [INF] Executed ViewResult - view Details executed in 19.0684ms.
2023-11-03 18:45:50.772 +01:00 [INF] Executed action FjordNestPro.Areas.Admin.Controllers.UserController.Details (FjordNestPro) in 254.4514ms
2023-11-03 18:45:50.772 +01:00 [INF] Executed endpoint 'FjordNestPro.Areas.Admin.Controllers.UserController.Details (FjordNestPro)'
2023-11-03 18:45:50.773 +01:00 [INF] Request finished HTTP/1.1 GET https://localhost:7060/Admin/User/Details/1 - - - 200 - text/html;+charset=utf-8 293.0377ms
2023-11-03 18:45:50.821 +01:00 [INF] Request starting HTTP/1.1 GET https://localhost:7060/lib/bootstrap/js/bootstrap.js - -
2023-11-03 18:45:50.821 +01:00 [INF] Request starting HTTP/1.1 GET https://localhost:7060/lib/jquery/jquery.js - -
2023-11-03 18:45:50.821 +01:00 [INF] Request starting HTTP/1.1 GET https://localhost:7060/lib/jquery-validate/jquery.validate.js - -
2023-11-03 18:45:50.821 +01:00 [INF] Request starting HTTP/1.1 GET https://localhost:7060/Admin/User/Details/images/Logo.png.png - -
2023-11-03 18:45:50.822 +01:00 [INF] Request finished HTTP/1.1 GET https://localhost:7060/lib/jquery/jquery.js - - - 404 0 - 1.0885ms
2023-11-03 18:45:50.822 +01:00 [INF] Request finished HTTP/1.1 GET https://localhost:7060/lib/bootstrap/js/bootstrap.js - - - 404 0 - 1.0914ms
2023-11-03 18:45:50.824 +01:00 [INF] Request finished HTTP/1.1 GET https://localhost:7060/lib/jquery-validate/jquery.validate.js - - - 404 0 - 2.7643ms
2023-11-03 18:45:50.825 +01:00 [INF] Request finished HTTP/1.1 GET https://localhost:7060/Admin/User/Details/images/Logo.png.png - - - 404 0 - 4.1151ms
2023-11-03 18:46:19.036 +01:00 [INF] Request starting HTTP/1.1 GET https://localhost:7060/Admin/Booking/Details/27 - -
2023-11-03 18:46:19.062 +01:00 [INF] Executing endpoint 'FjordNestPro.Areas.Admin.Controllers.BookingController.Details (FjordNestPro)'
2023-11-03 18:46:19.068 +01:00 [INF] Route matched with {area = "Admin", action = "Details", controller = "Booking", page = ""}. Executing controller action with signature System.Threading.Tasks.Task`1[Microsoft.AspNetCore.Mvc.IActionResult] Details(System.Nullable`1[System.Int32]) on controller FjordNestPro.Areas.Admin.Controllers.BookingController (FjordNestPro).
2023-11-03 18:46:19.104 +01:00 [INF] Executing ViewResult, running view Details.
2023-11-03 18:46:19.124 +01:00 [INF] Executed ViewResult - view Details executed in 20.9435ms.
2023-11-03 18:46:19.125 +01:00 [INF] Executed action FjordNestPro.Areas.Admin.Controllers.BookingController.Details (FjordNestPro) in 56.7864ms
2023-11-03 18:46:19.125 +01:00 [INF] Executed endpoint 'FjordNestPro.Areas.Admin.Controllers.BookingController.Details (FjordNestPro)'
2023-11-03 18:46:19.125 +01:00 [INF] Request finished HTTP/1.1 GET https://localhost:7060/Admin/Booking/Details/27 - - - 200 - text/html;+charset=utf-8 92.6805ms
2023-11-03 18:46:19.167 +01:00 [INF] Request starting HTTP/1.1 GET https://localhost:7060/lib/jquery/jquery.js - -
2023-11-03 18:46:19.167 +01:00 [INF] Request starting HTTP/1.1 GET https://localhost:7060/lib/jquery-validate/jquery.validate.js - -
2023-11-03 18:46:19.167 +01:00 [INF] Request starting HTTP/1.1 GET https://localhost:7060/Admin/Booking/Details/images/Logo.png.png - -
2023-11-03 18:46:19.174 +01:00 [INF] Request starting HTTP/1.1 GET https://localhost:7060/lib/bootstrap/js/bootstrap.js - -
2023-11-03 18:46:19.176 +01:00 [INF] Request finished HTTP/1.1 GET https://localhost:7060/lib/jquery-validate/jquery.validate.js - - - 404 0 - 8.6405ms
2023-11-03 18:46:19.224 +01:00 [INF] Request finished HTTP/1.1 GET https://localhost:7060/lib/bootstrap/js/bootstrap.js - - - 404 0 - 25.4453ms
2023-11-03 18:46:19.224 +01:00 [INF] Request finished HTTP/1.1 GET https://localhost:7060/lib/jquery/jquery.js - - - 404 0 - 33.0115ms
2023-11-03 18:46:19.259 +01:00 [INF] Request finished HTTP/1.1 GET https://localhost:7060/Admin/Booking/Details/images/Logo.png.png - - - 404 0 - 91.8131ms
2023-11-03 18:46:29.433 +01:00 [INF] Request starting HTTP/1.1 GET https://localhost:7060/Admin/Booking - -
2023-11-03 18:46:29.435 +01:00 [INF] Executing endpoint 'FjordNestPro.Areas.Admin.Controllers.BookingController.Index (FjordNestPro)'
2023-11-03 18:46:29.442 +01:00 [INF] Route matched with {area = "Admin", action = "Index", controller = "Booking", page = ""}. Executing controller action with signature System.Threading.Tasks.Task`1[Microsoft.AspNetCore.Mvc.IActionResult] Index(System.String, System.Nullable`1[System.Int32], System.Nullable`1[System.DateTime], System.Nullable`1[System.DateTime]) on controller FjordNestPro.Areas.Admin.Controllers.BookingController (FjordNestPro).
2023-11-03 18:46:29.450 +01:00 [INF] Fetching bookings based on filters.
2023-11-03 18:46:29.532 +01:00 [INF] Executing ViewResult, running view Index.
2023-11-03 18:46:31.118 +01:00 [INF] Executed ViewResult - view Index executed in 1586.6951ms.
2023-11-03 18:46:31.118 +01:00 [INF] Executed action FjordNestPro.Areas.Admin.Controllers.BookingController.Index (FjordNestPro) in 1675.5773ms
2023-11-03 18:46:31.118 +01:00 [INF] Executed endpoint 'FjordNestPro.Areas.Admin.Controllers.BookingController.Index (FjordNestPro)'
2023-11-03 18:46:31.119 +01:00 [INF] Request finished HTTP/1.1 GET https://localhost:7060/Admin/Booking - - - 200 - text/html;+charset=utf-8 1686.2382ms
2023-11-03 18:46:31.123 +01:00 [INF] Request starting HTTP/1.1 GET https://localhost:7060/lib/bootstrap/js/bootstrap.js - -
2023-11-03 18:46:31.124 +01:00 [INF] Request finished HTTP/1.1 GET https://localhost:7060/lib/bootstrap/js/bootstrap.js - - - 404 0 - 1.2019ms
2023-11-03 18:46:31.131 +01:00 [INF] Request starting HTTP/1.1 GET https://localhost:7060/lib/jquery-validate/jquery.validate.js - -
2023-11-03 18:46:31.131 +01:00 [INF] Request starting HTTP/1.1 GET https://localhost:7060/lib/jquery/jquery.js - -
2023-11-03 18:46:31.132 +01:00 [INF] Request starting HTTP/1.1 GET https://localhost:7060/Admin/images/Logo.png.png - -
2023-11-03 18:46:31.132 +01:00 [INF] Request finished HTTP/1.1 GET https://localhost:7060/lib/jquery-validate/jquery.validate.js - - - 404 0 - 0.6384ms
2023-11-03 18:46:31.132 +01:00 [INF] Request finished HTTP/1.1 GET https://localhost:7060/Admin/images/Logo.png.png - - - 404 0 - 0.5819ms
2023-11-03 18:46:31.132 +01:00 [INF] Request finished HTTP/1.1 GET https://localhost:7060/lib/jquery/jquery.js - - - 404 0 - 0.6479ms
2023-11-03 19:03:46.545 +01:00 [INF] Request starting HTTP/1.1 GET https://localhost:7060/Admin/Property - -
2023-11-03 19:03:46.568 +01:00 [INF] Executing endpoint 'FjordNestPro.Areas.Admin.Controllers.PropertyController.Index (FjordNestPro)'
2023-11-03 19:03:46.600 +01:00 [INF] Route matched with {area = "Admin", action = "Index", controller = "Property", page = ""}. Executing controller action with signature System.Threading.Tasks.Task`1[Microsoft.AspNetCore.Mvc.IActionResult] Index(System.String, System.String, System.String, System.Nullable`1[System.Int32], System.Nullable`1[System.Decimal], System.Nullable`1[System.Boolean]) on controller FjordNestPro.Areas.Admin.Controllers.PropertyController (FjordNestPro).
2023-11-03 19:03:46.622 +01:00 [INF] Fetching properties based on filters.
2023-11-03 19:03:46.704 +01:00 [INF] Executing ViewResult, running view Index.
2023-11-03 19:03:46.822 +01:00 [INF] Executed ViewResult - view Index executed in 120.8514ms.
2023-11-03 19:03:46.823 +01:00 [INF] Executed action FjordNestPro.Areas.Admin.Controllers.PropertyController.Index (FjordNestPro) in 222.9408ms
2023-11-03 19:03:46.823 +01:00 [INF] Executed endpoint 'FjordNestPro.Areas.Admin.Controllers.PropertyController.Index (FjordNestPro)'
2023-11-03 19:03:46.823 +01:00 [INF] Request finished HTTP/1.1 GET https://localhost:7060/Admin/Property - - - 200 - text/html;+charset=utf-8 279.0598ms
2023-11-03 19:03:46.873 +01:00 [INF] Request starting HTTP/1.1 GET https://localhost:7060/lib/bootstrap/js/bootstrap.js - -
2023-11-03 19:03:46.875 +01:00 [INF] Request finished HTTP/1.1 GET https://localhost:7060/lib/bootstrap/js/bootstrap.js - - - 404 0 - 1.4909ms
2023-11-03 19:03:46.904 +01:00 [INF] Request starting HTTP/1.1 GET https://localhost:7060/lib/jquery/jquery.js - -
2023-11-03 19:03:46.904 +01:00 [INF] Request starting HTTP/1.1 GET https://localhost:7060/lib/jquery-validate/jquery.validate.js - -
2023-11-03 19:03:46.935 +01:00 [INF] Request finished HTTP/1.1 GET https://localhost:7060/lib/jquery-validate/jquery.validate.js - - - 404 0 - 31.2173ms
2023-11-03 19:03:46.935 +01:00 [INF] Request finished HTTP/1.1 GET https://localhost:7060/lib/jquery/jquery.js - - - 404 0 - 31.9456ms
2023-11-03 19:03:46.991 +01:00 [INF] Request starting HTTP/1.1 GET https://localhost:7060/Admin/images/Logo.png.png - -
2023-11-03 19:03:47.016 +01:00 [INF] Request finished HTTP/1.1 GET https://localhost:7060/Admin/images/Logo.png.png - - - 404 0 - 27.5354ms
