2023-11-09 13:18:21.919 +01:00 [INF] User profile is available. Using '/Users/henrik_vik/.aspnet/DataProtection-Keys' as key repository; keys will not be encrypted at rest.
2023-11-09 13:18:25.630 +01:00 [INF] Now listening on: https://localhost:7060
2023-11-09 13:18:25.634 +01:00 [INF] Now listening on: http://localhost:5035
2023-11-09 13:18:25.699 +01:00 [INF] Application started. Press Ctrl+C to shut down.
2023-11-09 13:18:25.703 +01:00 [INF] Hosting environment: Development
2023-11-09 13:18:25.706 +01:00 [INF] Content root path: /Users/henrik_vik/Projects/FjordNest/FjordNestPro
2023-11-09 13:18:27.316 +01:00 [INF] Request starting HTTP/1.1 GET https://localhost:7060/ - -
2023-11-09 13:18:27.654 +01:00 [INF] Executing endpoint 'FjordNestPro.Controllers.HomeController.Index (FjordNestPro)'
2023-11-09 13:18:27.672 +01:00 [INF] Route matched with {action = "Index", controller = "Home", area = "", page = ""}. Executing controller action with signature System.Threading.Tasks.Task`1[Microsoft.AspNetCore.Mvc.IActionResult] Index() on controller FjordNestPro.Controllers.HomeController (FjordNestPro).
2023-11-09 13:18:27.790 +01:00 [INF] Executing ViewResult, running view Index.
2023-11-09 13:18:28.051 +01:00 [INF] Executed ViewResult - view Index executed in 261.9943ms.
2023-11-09 13:18:28.055 +01:00 [INF] Executed action FjordNestPro.Controllers.HomeController.Index (FjordNestPro) in 381.6621ms
2023-11-09 13:18:28.056 +01:00 [INF] Executed endpoint 'FjordNestPro.Controllers.HomeController.Index (FjordNestPro)'
2023-11-09 13:18:28.072 +01:00 [INF] Request finished HTTP/1.1 GET https://localhost:7060/ - - - 200 - text/html;+charset=utf-8 760.8594ms
2023-11-09 13:18:28.093 +01:00 [INF] Request starting HTTP/1.1 GET https://localhost:7060/lib/bootstrap/js/bootstrap.js - -
2023-11-09 13:18:28.097 +01:00 [INF] Request starting HTTP/1.1 GET https://localhost:7060/FjordNestPro.styles.css?v=QjdrAyVcddb7Ic5Jx02Kk0EEcdccZkc2GImgQhtPBEM - -
2023-11-09 13:18:28.111 +01:00 [INF] Request finished HTTP/1.1 GET https://localhost:7060/lib/bootstrap/js/bootstrap.js - - - 404 0 - 17.9821ms
2023-11-09 13:18:28.218 +01:00 [INF] Request starting HTTP/1.1 GET https://localhost:7060/lib/jquery/jquery.js - -
2023-11-09 13:18:28.245 +01:00 [INF] Request starting HTTP/1.1 GET https://localhost:7060/lib/jquery-validate/jquery.validate.js - -
2023-11-09 13:18:28.318 +01:00 [INF] Sending file. Request path: '/FjordNestPro.styles.css'. Physical path: '/Users/henrik_vik/Projects/FjordNest/FjordNestPro/obj/Debug/net7.0/scopedcss/bundle/FjordNestPro.styles.css'
2023-11-09 13:18:28.319 +01:00 [INF] Request finished HTTP/1.1 GET https://localhost:7060/FjordNestPro.styles.css?v=QjdrAyVcddb7Ic5Jx02Kk0EEcdccZkc2GImgQhtPBEM - - - 200 9561 text/css 222.3179ms
2023-11-09 13:18:28.323 +01:00 [INF] Request finished HTTP/1.1 GET https://localhost:7060/lib/jquery/jquery.js - - - 404 0 - 127.1265ms
2023-11-09 13:18:28.323 +01:00 [INF] Request finished HTTP/1.1 GET https://localhost:7060/lib/jquery-validate/jquery.validate.js - - - 404 0 - 78.8985ms
2023-11-09 13:18:31.010 +01:00 [INF] Request starting HTTP/1.1 GET https://localhost:7060/Admin - -
2023-11-09 13:18:31.024 +01:00 [INF] Executing endpoint 'FjordNestPro.Areas.Admin.Controllers.AdminController.Index (FjordNestPro)'
2023-11-09 13:18:31.028 +01:00 [INF] Route matched with {area = "Admin", action = "Index", controller = "Admin", page = ""}. Executing controller action with signature Microsoft.AspNetCore.Mvc.IActionResult Index() on controller FjordNestPro.Areas.Admin.Controllers.AdminController (FjordNestPro).
2023-11-09 13:18:31.034 +01:00 [INF] Executing ViewResult, running view Index.
2023-11-09 13:18:31.080 +01:00 [INF] Executed ViewResult - view Index executed in 49.63ms.
2023-11-09 13:18:31.081 +01:00 [INF] Executed action FjordNestPro.Areas.Admin.Controllers.AdminController.Index (FjordNestPro) in 52.4562ms
2023-11-09 13:18:31.081 +01:00 [INF] Executed endpoint 'FjordNestPro.Areas.Admin.Controllers.AdminController.Index (FjordNestPro)'
2023-11-09 13:18:31.081 +01:00 [INF] Request finished HTTP/1.1 GET https://localhost:7060/Admin - - - 200 - text/html;+charset=utf-8 71.8385ms
2023-11-09 13:18:31.105 +01:00 [INF] Request starting HTTP/1.1 GET https://localhost:7060/FjordNestPro.styles.css?v=QjdrAyVcddb7Ic5Jx02Kk0EEcdccZkc2GImgQhtPBEM - -
2023-11-09 13:18:31.106 +01:00 [INF] Request starting HTTP/1.1 GET https://localhost:7060/lib/bootstrap/js/bootstrap.js - -
2023-11-09 13:18:31.106 +01:00 [INF] Request starting HTTP/1.1 GET https://localhost:7060/lib/jquery/jquery.js - -
2023-11-09 13:18:31.107 +01:00 [INF] Request finished HTTP/1.1 GET https://localhost:7060/lib/jquery/jquery.js - - - 404 0 - 0.9925ms
2023-11-09 13:18:31.107 +01:00 [INF] Request finished HTTP/1.1 GET https://localhost:7060/lib/bootstrap/js/bootstrap.js - - - 404 0 - 1.1145ms
2023-11-09 13:18:31.109 +01:00 [INF] Request starting HTTP/1.1 GET https://localhost:7060/lib/jquery-validate/jquery.validate.js - -
2023-11-09 13:18:31.111 +01:00 [INF] Request finished HTTP/1.1 GET https://localhost:7060/lib/jquery-validate/jquery.validate.js - - - 404 0 - 2.4592ms
2023-11-09 13:18:31.141 +01:00 [INF] The file /FjordNestPro.styles.css was not modified
2023-11-09 13:18:31.141 +01:00 [INF] Request finished HTTP/1.1 GET https://localhost:7060/FjordNestPro.styles.css?v=QjdrAyVcddb7Ic5Jx02Kk0EEcdccZkc2GImgQhtPBEM - - - 304 - text/css 36.0957ms
2023-11-09 13:18:33.192 +01:00 [INF] Request starting HTTP/1.1 GET https://localhost:7060/Admin/Address - -
2023-11-09 13:18:33.195 +01:00 [INF] Executing endpoint 'FjordNestPro.Areas.Admin.Controllers.AddressController.Index (FjordNestPro)'
2023-11-09 13:18:33.210 +01:00 [INF] Route matched with {area = "Admin", action = "Index", controller = "Address", page = ""}. Executing controller action with signature System.Threading.Tasks.Task`1[Microsoft.AspNetCore.Mvc.IActionResult] Index(System.String, System.String, System.String) on controller FjordNestPro.Areas.Admin.Controllers.AddressController (FjordNestPro).
2023-11-09 13:18:33.258 +01:00 [INF] Executing ViewResult, running view Index.
2023-11-09 13:18:33.351 +01:00 [INF] Executed ViewResult - view Index executed in 93.3509ms.
2023-11-09 13:18:33.351 +01:00 [INF] Executed action FjordNestPro.Areas.Admin.Controllers.AddressController.Index (FjordNestPro) in 141.002ms
2023-11-09 13:18:33.351 +01:00 [INF] Executed endpoint 'FjordNestPro.Areas.Admin.Controllers.AddressController.Index (FjordNestPro)'
2023-11-09 13:18:33.351 +01:00 [INF] Request finished HTTP/1.1 GET https://localhost:7060/Admin/Address - - - 200 - text/html;+charset=utf-8 159.3642ms
2023-11-09 13:18:33.366 +01:00 [INF] Request starting HTTP/1.1 GET https://localhost:7060/FjordNestPro.styles.css?v=QjdrAyVcddb7Ic5Jx02Kk0EEcdccZkc2GImgQhtPBEM - -
2023-11-09 13:18:33.367 +01:00 [INF] The file /FjordNestPro.styles.css was not modified
2023-11-09 13:18:33.367 +01:00 [INF] Request finished HTTP/1.1 GET https://localhost:7060/FjordNestPro.styles.css?v=QjdrAyVcddb7Ic5Jx02Kk0EEcdccZkc2GImgQhtPBEM - - - 304 - text/css 0.8360ms
2023-11-09 13:18:33.370 +01:00 [INF] Request starting HTTP/1.1 GET https://localhost:7060/lib/jquery/jquery.js - -
2023-11-09 13:18:33.370 +01:00 [INF] Request starting HTTP/1.1 GET https://localhost:7060/lib/jquery-validate/jquery.validate.js - -
2023-11-09 13:18:33.370 +01:00 [INF] Request starting HTTP/1.1 GET https://localhost:7060/lib/bootstrap/js/bootstrap.js - -
2023-11-09 13:18:33.370 +01:00 [INF] Request starting HTTP/1.1 GET https://localhost:7060/Admin/images/Logo.png.png - -
2023-11-09 13:18:33.371 +01:00 [INF] Request finished HTTP/1.1 GET https://localhost:7060/lib/jquery-validate/jquery.validate.js - - - 404 0 - 0.8645ms
2023-11-09 13:18:33.371 +01:00 [INF] Request finished HTTP/1.1 GET https://localhost:7060/lib/bootstrap/js/bootstrap.js - - - 404 0 - 0.9564ms
2023-11-09 13:18:33.371 +01:00 [INF] Request finished HTTP/1.1 GET https://localhost:7060/lib/jquery/jquery.js - - - 404 0 - 1.0445ms
2023-11-09 13:18:33.374 +01:00 [INF] Request finished HTTP/1.1 GET https://localhost:7060/Admin/images/Logo.png.png - - - 404 0 - 3.5039ms
2023-11-09 13:18:34.309 +01:00 [INF] Request starting HTTP/1.1 GET https://localhost:7060/Admin/User - -
2023-11-09 13:18:34.311 +01:00 [INF] Executing endpoint 'FjordNestPro.Areas.Admin.Controllers.UserController.Index (FjordNestPro)'
2023-11-09 13:18:34.317 +01:00 [INF] Route matched with {area = "Admin", action = "Index", controller = "User", page = ""}. Executing controller action with signature System.Threading.Tasks.Task`1[Microsoft.AspNetCore.Mvc.IActionResult] Index(System.String, System.String, System.String) on controller FjordNestPro.Areas.Admin.Controllers.UserController (FjordNestPro).
2023-11-09 13:18:34.333 +01:00 [INF] Fetching users based on search parameters.
2023-11-09 13:18:34.345 +01:00 [INF] Executing ViewResult, running view Index.
2023-11-09 13:18:34.510 +01:00 [INF] Executed ViewResult - view Index executed in 166.6977ms.
2023-11-09 13:18:34.510 +01:00 [INF] Executed action FjordNestPro.Areas.Admin.Controllers.UserController.Index (FjordNestPro) in 193.7502ms
2023-11-09 13:18:34.511 +01:00 [INF] Executed endpoint 'FjordNestPro.Areas.Admin.Controllers.UserController.Index (FjordNestPro)'
2023-11-09 13:18:34.511 +01:00 [INF] Request finished HTTP/1.1 GET https://localhost:7060/Admin/User - - - 200 - text/html;+charset=utf-8 201.4044ms
2023-11-09 13:18:34.530 +01:00 [INF] Request starting HTTP/1.1 GET https://localhost:7060/lib/bootstrap/js/bootstrap.js - -
2023-11-09 13:18:34.530 +01:00 [INF] Request starting HTTP/1.1 GET https://localhost:7060/lib/jquery/jquery.js - -
2023-11-09 13:18:34.530 +01:00 [INF] Request starting HTTP/1.1 GET https://localhost:7060/lib/jquery-validate/jquery.validate.js - -
2023-11-09 13:18:34.530 +01:00 [INF] Request starting HTTP/1.1 GET https://localhost:7060/Admin/images/Logo.png.png - -
2023-11-09 13:18:34.531 +01:00 [INF] Request finished HTTP/1.1 GET https://localhost:7060/Admin/images/Logo.png.png - - - 404 0 - 0.6200ms
2023-11-09 13:18:34.531 +01:00 [INF] Request finished HTTP/1.1 GET https://localhost:7060/lib/jquery-validate/jquery.validate.js - - - 404 0 - 0.6576ms
2023-11-09 13:18:34.531 +01:00 [INF] Request finished HTTP/1.1 GET https://localhost:7060/lib/bootstrap/js/bootstrap.js - - - 404 0 - 0.9757ms
2023-11-09 13:18:34.531 +01:00 [INF] Request finished HTTP/1.1 GET https://localhost:7060/lib/jquery/jquery.js - - - 404 0 - 0.8775ms
2023-11-09 13:18:34.578 +01:00 [INF] Request starting HTTP/1.1 GET https://localhost:7060/FjordNestPro.styles.css?v=QjdrAyVcddb7Ic5Jx02Kk0EEcdccZkc2GImgQhtPBEM - -
2023-11-09 13:18:34.578 +01:00 [INF] The file /FjordNestPro.styles.css was not modified
2023-11-09 13:18:34.578 +01:00 [INF] Request finished HTTP/1.1 GET https://localhost:7060/FjordNestPro.styles.css?v=QjdrAyVcddb7Ic5Jx02Kk0EEcdccZkc2GImgQhtPBEM - - - 304 - text/css 24.3528ms
2023-11-09 13:18:35.114 +01:00 [INF] Request starting HTTP/1.1 GET https://localhost:7060/Admin/Property - -
2023-11-09 13:18:35.115 +01:00 [INF] Executing endpoint 'FjordNestPro.Areas.Admin.Controllers.PropertyController.Index (FjordNestPro)'
2023-11-09 13:18:35.121 +01:00 [INF] Route matched with {area = "Admin", action = "Index", controller = "Property", page = ""}. Executing controller action with signature System.Threading.Tasks.Task`1[Microsoft.AspNetCore.Mvc.IActionResult] Index(System.String, System.String, System.String, System.Nullable`1[System.Int32], System.Nullable`1[System.Decimal], System.Nullable`1[System.Boolean]) on controller FjordNestPro.Areas.Admin.Controllers.PropertyController (FjordNestPro).
2023-11-09 13:18:35.128 +01:00 [INF] Fetching properties based on filters.
2023-11-09 13:18:35.231 +01:00 [INF] Executing ViewResult, running view Index.
2023-11-09 13:18:35.322 +01:00 [INF] Executed ViewResult - view Index executed in 92.1869ms.
2023-11-09 13:18:35.322 +01:00 [INF] Executed action FjordNestPro.Areas.Admin.Controllers.PropertyController.Index (FjordNestPro) in 201.3727ms
2023-11-09 13:18:35.322 +01:00 [INF] Executed endpoint 'FjordNestPro.Areas.Admin.Controllers.PropertyController.Index (FjordNestPro)'
2023-11-09 13:18:35.322 +01:00 [INF] Request finished HTTP/1.1 GET https://localhost:7060/Admin/Property - - - 200 - text/html;+charset=utf-8 208.1940ms
2023-11-09 13:18:35.347 +01:00 [INF] Request starting HTTP/1.1 GET https://localhost:7060/lib/bootstrap/js/bootstrap.js - -
2023-11-09 13:18:35.347 +01:00 [INF] Request starting HTTP/1.1 GET https://localhost:7060/lib/jquery/jquery.js - -
2023-11-09 13:18:35.347 +01:00 [INF] Request starting HTTP/1.1 GET https://localhost:7060/lib/jquery-validate/jquery.validate.js - -
2023-11-09 13:18:35.347 +01:00 [INF] Request starting HTTP/1.1 GET https://localhost:7060/Admin/images/Logo.png.png - -
2023-11-09 13:18:35.348 +01:00 [INF] Request finished HTTP/1.1 GET https://localhost:7060/Admin/images/Logo.png.png - - - 404 0 - 0.6383ms
2023-11-09 13:18:35.348 +01:00 [INF] Request finished HTTP/1.1 GET https://localhost:7060/lib/bootstrap/js/bootstrap.js - - - 404 0 - 0.8797ms
2023-11-09 13:18:35.348 +01:00 [INF] Request finished HTTP/1.1 GET https://localhost:7060/lib/jquery/jquery.js - - - 404 0 - 0.8281ms
2023-11-09 13:18:35.348 +01:00 [INF] Request finished HTTP/1.1 GET https://localhost:7060/lib/jquery-validate/jquery.validate.js - - - 404 0 - 0.8224ms
2023-11-09 13:18:35.808 +01:00 [INF] Request starting HTTP/1.1 GET https://localhost:7060/Admin/Booking - -
2023-11-09 13:18:35.808 +01:00 [INF] Executing endpoint 'FjordNestPro.Areas.Admin.Controllers.BookingController.Index (FjordNestPro)'
2023-11-09 13:18:35.814 +01:00 [INF] Route matched with {area = "Admin", action = "Index", controller = "Booking", page = ""}. Executing controller action with signature System.Threading.Tasks.Task`1[Microsoft.AspNetCore.Mvc.IActionResult] Index(System.String, System.Nullable`1[System.Int32], System.Nullable`1[System.DateTime], System.Nullable`1[System.DateTime]) on controller FjordNestPro.Areas.Admin.Controllers.BookingController (FjordNestPro).
2023-11-09 13:18:35.824 +01:00 [INF] Fetching bookings based on filters.
2023-11-09 13:18:35.910 +01:00 [INF] Executing ViewResult, running view Index.
2023-11-09 13:18:36.936 +01:00 [INF] Request starting HTTP/1.1 GET https://localhost:7060/ - -
2023-11-09 13:18:36.944 +01:00 [INF] Executing endpoint 'FjordNestPro.Controllers.HomeController.Index (FjordNestPro)'
2023-11-09 13:18:36.946 +01:00 [INF] Route matched with {action = "Index", controller = "Home", area = "", page = ""}. Executing controller action with signature System.Threading.Tasks.Task`1[Microsoft.AspNetCore.Mvc.IActionResult] Index() on controller FjordNestPro.Controllers.HomeController (FjordNestPro).
2023-11-09 13:18:36.963 +01:00 [INF] Executing ViewResult, running view Index.
2023-11-09 13:18:36.968 +01:00 [INF] Executed ViewResult - view Index executed in 5.469ms.
2023-11-09 13:18:36.968 +01:00 [INF] Executed action FjordNestPro.Controllers.HomeController.Index (FjordNestPro) in 22.5599ms
2023-11-09 13:18:36.968 +01:00 [INF] Executed endpoint 'FjordNestPro.Controllers.HomeController.Index (FjordNestPro)'
2023-11-09 13:18:36.969 +01:00 [INF] Request finished HTTP/1.1 GET https://localhost:7060/ - - - 200 - text/html;+charset=utf-8 32.5396ms
2023-11-09 13:18:37.013 +01:00 [INF] Request starting HTTP/1.1 GET https://localhost:7060/lib/jquery/jquery.js - -
2023-11-09 13:18:37.013 +01:00 [INF] Request starting HTTP/1.1 GET https://localhost:7060/FjordNestPro.styles.css?v=QjdrAyVcddb7Ic5Jx02Kk0EEcdccZkc2GImgQhtPBEM - -
2023-11-09 13:18:37.013 +01:00 [INF] Request starting HTTP/1.1 GET https://localhost:7060/lib/bootstrap/js/bootstrap.js - -
2023-11-09 13:18:37.013 +01:00 [INF] Request starting HTTP/1.1 GET https://localhost:7060/lib/jquery-validate/jquery.validate.js - -
2023-11-09 13:18:37.013 +01:00 [INF] The file /FjordNestPro.styles.css was not modified
2023-11-09 13:18:37.014 +01:00 [INF] Request finished HTTP/1.1 GET https://localhost:7060/FjordNestPro.styles.css?v=QjdrAyVcddb7Ic5Jx02Kk0EEcdccZkc2GImgQhtPBEM - - - 304 - text/css 0.6024ms
2023-11-09 13:18:37.014 +01:00 [INF] Request finished HTTP/1.1 GET https://localhost:7060/lib/bootstrap/js/bootstrap.js - - - 404 0 - 1.4835ms
2023-11-09 13:18:37.014 +01:00 [INF] Request finished HTTP/1.1 GET https://localhost:7060/lib/jquery/jquery.js - - - 404 0 - 1.4837ms
2023-11-09 13:18:37.014 +01:00 [INF] Request finished HTTP/1.1 GET https://localhost:7060/lib/jquery-validate/jquery.validate.js - - - 404 0 - 1.4586ms
2023-11-09 13:18:37.440 +01:00 [INF] Executed ViewResult - view Index executed in 1530.7892ms.
2023-11-09 13:18:37.440 +01:00 [INF] Executed action FjordNestPro.Areas.Admin.Controllers.BookingController.Index (FjordNestPro) in 1625.8545ms
2023-11-09 13:18:37.440 +01:00 [INF] Executed endpoint 'FjordNestPro.Areas.Admin.Controllers.BookingController.Index (FjordNestPro)'
2023-11-09 13:18:37.441 +01:00 [INF] Request finished HTTP/1.1 GET https://localhost:7060/Admin/Booking - - - 200 - text/html;+charset=utf-8 1632.8309ms
2023-11-09 13:18:38.569 +01:00 [INF] Request starting HTTP/1.1 GET https://localhost:7060/Admin - -
2023-11-09 13:18:38.570 +01:00 [INF] Executing endpoint 'FjordNestPro.Areas.Admin.Controllers.AdminController.Index (FjordNestPro)'
2023-11-09 13:18:38.571 +01:00 [INF] Route matched with {area = "Admin", action = "Index", controller = "Admin", page = ""}. Executing controller action with signature Microsoft.AspNetCore.Mvc.IActionResult Index() on controller FjordNestPro.Areas.Admin.Controllers.AdminController (FjordNestPro).
2023-11-09 13:18:38.571 +01:00 [INF] Executing ViewResult, running view Index.
2023-11-09 13:18:38.572 +01:00 [INF] Executed ViewResult - view Index executed in 1.0778ms.
2023-11-09 13:18:38.572 +01:00 [INF] Executed action FjordNestPro.Areas.Admin.Controllers.AdminController.Index (FjordNestPro) in 1.3378ms
2023-11-09 13:18:38.572 +01:00 [INF] Executed endpoint 'FjordNestPro.Areas.Admin.Controllers.AdminController.Index (FjordNestPro)'
2023-11-09 13:18:38.572 +01:00 [INF] Request finished HTTP/1.1 GET https://localhost:7060/Admin - - - 200 - text/html;+charset=utf-8 3.0508ms
2023-11-09 13:18:38.589 +01:00 [INF] Request starting HTTP/1.1 GET https://localhost:7060/FjordNestPro.styles.css?v=QjdrAyVcddb7Ic5Jx02Kk0EEcdccZkc2GImgQhtPBEM - -
2023-11-09 13:18:38.589 +01:00 [INF] The file /FjordNestPro.styles.css was not modified
2023-11-09 13:18:38.590 +01:00 [INF] Request finished HTTP/1.1 GET https://localhost:7060/FjordNestPro.styles.css?v=QjdrAyVcddb7Ic5Jx02Kk0EEcdccZkc2GImgQhtPBEM - - - 304 - text/css 0.4809ms
2023-11-09 13:18:38.591 +01:00 [INF] Request starting HTTP/1.1 GET https://localhost:7060/lib/bootstrap/js/bootstrap.js - -
2023-11-09 13:18:38.591 +01:00 [INF] Request starting HTTP/1.1 GET https://localhost:7060/lib/jquery/jquery.js - -
2023-11-09 13:18:38.592 +01:00 [INF] Request starting HTTP/1.1 GET https://localhost:7060/lib/jquery-validate/jquery.validate.js - -
2023-11-09 13:18:38.592 +01:00 [INF] Request finished HTTP/1.1 GET https://localhost:7060/lib/jquery/jquery.js - - - 404 0 - 0.7535ms
2023-11-09 13:18:38.592 +01:00 [INF] Request finished HTTP/1.1 GET https://localhost:7060/lib/bootstrap/js/bootstrap.js - - - 404 0 - 0.8798ms
2023-11-09 13:18:38.594 +01:00 [INF] Request finished HTTP/1.1 GET https://localhost:7060/lib/jquery-validate/jquery.validate.js - - - 404 0 - 2.0979ms
