2023-11-04 14:06:34.298 +01:00 [INF] User profile is available. Using '/Users/henrik_vik/.aspnet/DataProtection-Keys' as key repository; keys will not be encrypted at rest.
2023-11-04 14:06:38.079 +01:00 [INF] Now listening on: https://localhost:7060
2023-11-04 14:06:38.083 +01:00 [INF] Now listening on: http://localhost:5035
2023-11-04 14:06:38.091 +01:00 [INF] Application started. Press Ctrl+C to shut down.
2023-11-04 14:06:38.094 +01:00 [INF] Hosting environment: Development
2023-11-04 14:06:38.098 +01:00 [INF] Content root path: /Users/henrik_vik/Documents/3.år/Bachelorsøknad/FjordNest/FjordNestPro
2023-11-04 14:06:39.501 +01:00 [INF] Request starting HTTP/1.1 GET https://localhost:7060/ - -
2023-11-04 14:06:39.592 +01:00 [INF] Identity.Application was not authenticated. Failure message: Unprotect ticket failed
2023-11-04 14:06:39.597 +01:00 [INF] Executing endpoint 'FjordNestPro.Controllers.HomeController.Index (FjordNestPro)'
2023-11-04 14:06:39.619 +01:00 [INF] Route matched with {action = "Index", controller = "Home", area = "", page = ""}. Executing controller action with signature System.Threading.Tasks.Task`1[Microsoft.AspNetCore.Mvc.IActionResult] Index() on controller FjordNestPro.Controllers.HomeController (FjordNestPro).
2023-11-04 14:06:39.641 +01:00 [INF] Executing ViewResult, running view Index.
2023-11-04 14:06:39.842 +01:00 [INF] Executed ViewResult - view Index executed in 204.1292ms.
2023-11-04 14:06:39.846 +01:00 [INF] Executed action FjordNestPro.Controllers.HomeController.Index (FjordNestPro) in 225.4194ms
2023-11-04 14:06:39.846 +01:00 [INF] Executed endpoint 'FjordNestPro.Controllers.HomeController.Index (FjordNestPro)'
2023-11-04 14:06:39.855 +01:00 [INF] Request finished HTTP/1.1 GET https://localhost:7060/ - - - 200 - text/html;+charset=utf-8 356.4129ms
2023-11-04 14:06:39.861 +01:00 [INF] Request starting HTTP/1.1 GET https://localhost:7060/lib/bootstrap/dist/css/bootstrap.min.css - -
2023-11-04 14:06:40.169 +01:00 [INF] Request starting HTTP/1.1 GET https://localhost:7060/FjordNestPro.styles.css?v=5Tpqsgstn_cDRuDhj8wmkfhqVu_RCJ2iKAZ2kcPtGAo - -
2023-11-04 14:06:40.169 +01:00 [INF] Request starting HTTP/1.1 GET https://localhost:7060/css/site.css?v=v_Pq3ljq9f9NNbt9PAowScIuN5P9sF6bFdlybMZmeQ8 - -
2023-11-04 14:06:40.169 +01:00 [INF] Request starting HTTP/1.1 GET https://localhost:7060/lib/jquery-validate/jquery.validate.js - -
2023-11-04 14:06:40.169 +01:00 [INF] Request starting HTTP/1.1 GET https://localhost:7060/lib/jquery/jquery.js - -
2023-11-04 14:06:40.169 +01:00 [INF] Request starting HTTP/1.1 GET https://localhost:7060/lib/bootstrap/js/bootstrap.js - -
2023-11-04 14:06:40.197 +01:00 [INF] Identity.Application was not authenticated. Failure message: Unprotect ticket failed
2023-11-04 14:06:40.197 +01:00 [INF] Identity.Application was not authenticated. Failure message: Unprotect ticket failed
2023-11-04 14:06:40.197 +01:00 [INF] Identity.Application was not authenticated. Failure message: Unprotect ticket failed
2023-11-04 14:06:40.198 +01:00 [INF] Request finished HTTP/1.1 GET https://localhost:7060/lib/bootstrap/js/bootstrap.js - - - 404 0 - 29.3752ms
2023-11-04 14:06:40.198 +01:00 [INF] Request finished HTTP/1.1 GET https://localhost:7060/lib/jquery/jquery.js - - - 404 0 - 29.3048ms
2023-11-04 14:06:40.198 +01:00 [INF] Request finished HTTP/1.1 GET https://localhost:7060/lib/jquery-validate/jquery.validate.js - - - 404 0 - 29.3040ms
2023-11-04 14:06:40.247 +01:00 [INF] Request starting HTTP/1.1 GET https://localhost:7060/images/fjordnest-high-resolution-logo-white-transparent.png - -
2023-11-04 14:06:40.248 +01:00 [INF] Request starting HTTP/1.1 GET https://localhost:7060/js/site.js?v=GVfrJwP9dyBEOTWWL5R7z2rTE1yLZrGdTM_sHV07zS4 - -
2023-11-04 14:06:40.288 +01:00 [INF] The file /css/site.css was not modified
2023-11-04 14:06:40.288 +01:00 [INF] The file /js/site.js was not modified
2023-11-04 14:06:40.288 +01:00 [INF] The file /images/fjordnest-high-resolution-logo-white-transparent.png was not modified
2023-11-04 14:06:40.289 +01:00 [INF] Request finished HTTP/1.1 GET https://localhost:7060/images/fjordnest-high-resolution-logo-white-transparent.png - - - 304 - image/png 42.0602ms
2023-11-04 14:06:40.289 +01:00 [INF] Request finished HTTP/1.1 GET https://localhost:7060/css/site.css?v=v_Pq3ljq9f9NNbt9PAowScIuN5P9sF6bFdlybMZmeQ8 - - - 304 - text/css 143.2310ms
2023-11-04 14:06:40.335 +01:00 [INF] Request finished HTTP/1.1 GET https://localhost:7060/js/site.js?v=GVfrJwP9dyBEOTWWL5R7z2rTE1yLZrGdTM_sHV07zS4 - - - 304 - text/javascript 42.5868ms
2023-11-04 14:06:40.413 +01:00 [INF] Sending file. Request path: '/FjordNestPro.styles.css'. Physical path: '/Users/henrik_vik/Documents/3.år/Bachelorsøknad/FjordNest/FjordNestPro/obj/Debug/net7.0/scopedcss/bundle/FjordNestPro.styles.css'
2023-11-04 14:06:40.413 +01:00 [INF] Sending file. Request path: '/lib/bootstrap/dist/css/bootstrap.min.css'. Physical path: '/Users/henrik_vik/Documents/3.år/Bachelorsøknad/FjordNest/FjordNestPro/wwwroot/lib/bootstrap/dist/css/bootstrap.min.css'
2023-11-04 14:06:40.414 +01:00 [INF] Request finished HTTP/1.1 GET https://localhost:7060/FjordNestPro.styles.css?v=5Tpqsgstn_cDRuDhj8wmkfhqVu_RCJ2iKAZ2kcPtGAo - - - 200 2177 text/css 267.9904ms
2023-11-04 14:06:40.414 +01:00 [INF] Request finished HTTP/1.1 GET https://localhost:7060/lib/bootstrap/dist/css/bootstrap.min.css - - - 200 162720 text/css 553.5395ms
2023-11-04 14:06:40.440 +01:00 [INF] Request starting HTTP/1.1 GET https://localhost:7060/images/Fjord.jpg - -
2023-11-04 14:06:40.465 +01:00 [INF] Sending file. Request path: '/images/Fjord.jpg'. Physical path: '/Users/henrik_vik/Documents/3.år/Bachelorsøknad/FjordNest/FjordNestPro/wwwroot/images/Fjord.jpg'
2023-11-04 14:06:40.465 +01:00 [INF] Request finished HTTP/1.1 GET https://localhost:7060/images/Fjord.jpg - - - 200 2624941 image/jpeg 25.2474ms
2023-11-04 14:06:43.369 +01:00 [INF] Request starting HTTP/1.1 GET https://localhost:7060/Identity/Account/Login - -
2023-11-04 14:06:43.374 +01:00 [INF] Identity.Application was not authenticated. Failure message: Unprotect ticket failed
2023-11-04 14:06:43.374 +01:00 [INF] Executing endpoint '/Account/Login'
2023-11-04 14:06:43.401 +01:00 [INF] Route matched with {page = "/Account/Login", area = "Identity", action = "", controller = ""}. Executing page /Account/Login
2023-11-04 14:06:43.429 +01:00 [INF] Executing handler method FjordNestPro.Areas.Identity.Pages.Account.LoginModel.OnGetAsync - ModelState is "Valid"
2023-11-04 14:06:43.437 +01:00 [INF] AuthenticationScheme: Identity.External signed out.
2023-11-04 14:06:43.438 +01:00 [INF] Executed handler method OnGetAsync, returned result .
2023-11-04 14:06:43.442 +01:00 [INF] Executing an implicit handler method - ModelState is "Valid"
2023-11-04 14:06:43.442 +01:00 [INF] Executed an implicit handler method, returned result Microsoft.AspNetCore.Mvc.RazorPages.PageResult.
2023-11-04 14:06:43.527 +01:00 [INF] Executed page /Account/Login in 125.0268ms
2023-11-04 14:06:43.527 +01:00 [INF] Executed endpoint '/Account/Login'
2023-11-04 14:06:43.527 +01:00 [INF] Request finished HTTP/1.1 GET https://localhost:7060/Identity/Account/Login - - - 200 - text/html;+charset=utf-8 157.9786ms
2023-11-04 14:06:43.561 +01:00 [INF] Request starting HTTP/1.1 GET https://localhost:7060/FjordNestPro.styles.css?v=5Tpqsgstn_cDRuDhj8wmkfhqVu_RCJ2iKAZ2kcPtGAo - -
2023-11-04 14:06:43.561 +01:00 [INF] The file /FjordNestPro.styles.css was not modified
2023-11-04 14:06:43.562 +01:00 [INF] Request finished HTTP/1.1 GET https://localhost:7060/FjordNestPro.styles.css?v=5Tpqsgstn_cDRuDhj8wmkfhqVu_RCJ2iKAZ2kcPtGAo - - - 304 - text/css 0.8037ms
2023-11-04 14:06:43.568 +01:00 [INF] Request starting HTTP/1.1 GET https://localhost:7060/lib/bootstrap/js/bootstrap.js - -
2023-11-04 14:06:43.568 +01:00 [INF] Request starting HTTP/1.1 GET https://localhost:7060/lib/jquery/jquery.js - -
2023-11-04 14:06:43.568 +01:00 [INF] Request starting HTTP/1.1 GET https://localhost:7060/lib/jquery-validate/jquery.validate.js - -
2023-11-04 14:06:43.569 +01:00 [INF] Identity.Application was not authenticated. Failure message: Unprotect ticket failed
2023-11-04 14:06:43.569 +01:00 [INF] Identity.Application was not authenticated. Failure message: Unprotect ticket failed
2023-11-04 14:06:43.569 +01:00 [INF] Identity.Application was not authenticated. Failure message: Unprotect ticket failed
2023-11-04 14:06:43.569 +01:00 [INF] Request finished HTTP/1.1 GET https://localhost:7060/lib/bootstrap/js/bootstrap.js - - - 404 0 - 0.9900ms
2023-11-04 14:06:43.569 +01:00 [INF] Request finished HTTP/1.1 GET https://localhost:7060/lib/jquery-validate/jquery.validate.js - - - 404 0 - 0.7015ms
2023-11-04 14:06:43.569 +01:00 [INF] Request finished HTTP/1.1 GET https://localhost:7060/lib/jquery/jquery.js - - - 404 0 - 0.7874ms
2023-11-04 14:06:48.926 +01:00 [INF] Request starting HTTP/1.1 POST https://localhost:7060/Identity/Account/Login application/x-www-form-urlencoded 263
2023-11-04 14:06:48.932 +01:00 [INF] Identity.Application was not authenticated. Failure message: Unprotect ticket failed
2023-11-04 14:06:48.933 +01:00 [INF] Executing endpoint '/Account/Login'
2023-11-04 14:06:48.933 +01:00 [INF] Route matched with {page = "/Account/Login", area = "Identity", action = "", controller = ""}. Executing page /Account/Login
2023-11-04 14:06:48.974 +01:00 [INF] Executing handler method FjordNestPro.Areas.Identity.Pages.Account.LoginModel.OnPostAsync - ModelState is "Valid"
2023-11-04 14:06:49.244 +01:00 [INF] AuthenticationScheme: Identity.Application signed in.
2023-11-04 14:06:49.251 +01:00 [INF] User logged in.
2023-11-04 14:06:49.252 +01:00 [INF] Executed handler method OnPostAsync, returned result Microsoft.AspNetCore.Mvc.LocalRedirectResult.
2023-11-04 14:06:49.253 +01:00 [INF] Executing LocalRedirectResult, redirecting to /.
2023-11-04 14:06:49.253 +01:00 [INF] Executed page /Account/Login in 319.7799ms
2023-11-04 14:06:49.253 +01:00 [INF] Executed endpoint '/Account/Login'
2023-11-04 14:06:49.257 +01:00 [INF] Request finished HTTP/1.1 POST https://localhost:7060/Identity/Account/Login application/x-www-form-urlencoded 263 - 302 0 - 331.8820ms
2023-11-04 14:06:49.258 +01:00 [INF] Request starting HTTP/1.1 GET https://localhost:7060/ - -
2023-11-04 14:06:49.262 +01:00 [INF] Executing endpoint 'FjordNestPro.Controllers.HomeController.Index (FjordNestPro)'
2023-11-04 14:06:49.263 +01:00 [INF] Route matched with {action = "Index", controller = "Home", area = "", page = ""}. Executing controller action with signature System.Threading.Tasks.Task`1[Microsoft.AspNetCore.Mvc.IActionResult] Index() on controller FjordNestPro.Controllers.HomeController (FjordNestPro).
2023-11-04 14:06:49.334 +01:00 [INF] Executing ViewResult, running view Index.
2023-11-04 14:06:49.341 +01:00 [INF] Executed ViewResult - view Index executed in 7.426ms.
2023-11-04 14:06:49.342 +01:00 [INF] Executed action FjordNestPro.Controllers.HomeController.Index (FjordNestPro) in 79.0288ms
2023-11-04 14:06:49.342 +01:00 [INF] Executed endpoint 'FjordNestPro.Controllers.HomeController.Index (FjordNestPro)'
2023-11-04 14:06:49.342 +01:00 [INF] Request finished HTTP/1.1 GET https://localhost:7060/ - - - 200 - text/html;+charset=utf-8 84.3505ms
2023-11-04 14:06:49.364 +01:00 [INF] Request starting HTTP/1.1 GET https://localhost:7060/FjordNestPro.styles.css?v=5Tpqsgstn_cDRuDhj8wmkfhqVu_RCJ2iKAZ2kcPtGAo - -
2023-11-04 14:06:49.364 +01:00 [INF] The file /FjordNestPro.styles.css was not modified
2023-11-04 14:06:49.364 +01:00 [INF] Request finished HTTP/1.1 GET https://localhost:7060/FjordNestPro.styles.css?v=5Tpqsgstn_cDRuDhj8wmkfhqVu_RCJ2iKAZ2kcPtGAo - - - 304 - text/css 0.3987ms
2023-11-04 14:06:49.367 +01:00 [INF] Request starting HTTP/1.1 GET https://localhost:7060/lib/bootstrap/js/bootstrap.js - -
2023-11-04 14:06:49.367 +01:00 [INF] Request starting HTTP/1.1 GET https://localhost:7060/lib/jquery/jquery.js - -
2023-11-04 14:06:49.368 +01:00 [INF] Request starting HTTP/1.1 GET https://localhost:7060/lib/jquery-validate/jquery.validate.js - -
2023-11-04 14:06:49.369 +01:00 [INF] Request finished HTTP/1.1 GET https://localhost:7060/lib/jquery-validate/jquery.validate.js - - - 404 0 - 1.4045ms
2023-11-04 14:06:49.369 +01:00 [INF] Request finished HTTP/1.1 GET https://localhost:7060/lib/bootstrap/js/bootstrap.js - - - 404 0 - 1.9850ms
2023-11-04 14:06:49.369 +01:00 [INF] Request finished HTTP/1.1 GET https://localhost:7060/lib/jquery/jquery.js - - - 404 0 - 1.7555ms
2023-11-04 14:06:52.539 +01:00 [INF] Request starting HTTP/1.1 GET https://localhost:7060/Admin - -
2023-11-04 14:06:52.549 +01:00 [INF] Executing endpoint 'FjordNestPro.Areas.Admin.Controllers.AdminController.Index (FjordNestPro)'
2023-11-04 14:06:52.551 +01:00 [INF] Route matched with {area = "Admin", action = "Index", controller = "Admin", page = ""}. Executing controller action with signature Microsoft.AspNetCore.Mvc.IActionResult Index() on controller FjordNestPro.Areas.Admin.Controllers.AdminController (FjordNestPro).
2023-11-04 14:06:52.553 +01:00 [INF] Executing ViewResult, running view Index.
2023-11-04 14:06:52.589 +01:00 [INF] Executed ViewResult - view Index executed in 37.457ms.
2023-11-04 14:06:52.589 +01:00 [INF] Executed action FjordNestPro.Areas.Admin.Controllers.AdminController.Index (FjordNestPro) in 38.0961ms
2023-11-04 14:06:52.589 +01:00 [INF] Executed endpoint 'FjordNestPro.Areas.Admin.Controllers.AdminController.Index (FjordNestPro)'
2023-11-04 14:06:52.589 +01:00 [INF] Request finished HTTP/1.1 GET https://localhost:7060/Admin - - - 200 - text/html;+charset=utf-8 50.1009ms
2023-11-04 14:06:52.605 +01:00 [INF] Request starting HTTP/1.1 GET https://localhost:7060/FjordNestPro.styles.css?v=5Tpqsgstn_cDRuDhj8wmkfhqVu_RCJ2iKAZ2kcPtGAo - -
2023-11-04 14:06:52.606 +01:00 [INF] The file /FjordNestPro.styles.css was not modified
2023-11-04 14:06:52.608 +01:00 [INF] Request starting HTTP/1.1 GET https://localhost:7060/lib/jquery/jquery.js - -
2023-11-04 14:06:52.608 +01:00 [INF] Request starting HTTP/1.1 GET https://localhost:7060/lib/bootstrap/js/bootstrap.js - -
2023-11-04 14:06:52.608 +01:00 [INF] Request starting HTTP/1.1 GET https://localhost:7060/lib/jquery-validate/jquery.validate.js - -
2023-11-04 14:06:52.624 +01:00 [INF] Request finished HTTP/1.1 GET https://localhost:7060/FjordNestPro.styles.css?v=5Tpqsgstn_cDRuDhj8wmkfhqVu_RCJ2iKAZ2kcPtGAo - - - 304 - text/css 18.8287ms
2023-11-04 14:06:52.626 +01:00 [INF] Request finished HTTP/1.1 GET https://localhost:7060/lib/jquery-validate/jquery.validate.js - - - 404 0 - 17.8704ms
2023-11-04 14:06:52.626 +01:00 [INF] Request finished HTTP/1.1 GET https://localhost:7060/lib/bootstrap/js/bootstrap.js - - - 404 0 - 17.8566ms
2023-11-04 14:06:52.626 +01:00 [INF] Request finished HTTP/1.1 GET https://localhost:7060/lib/jquery/jquery.js - - - 404 0 - 17.8908ms
2023-11-04 14:06:52.629 +01:00 [INF] Request starting HTTP/1.1 GET https://localhost:7060/images/Logo.png.png - -
2023-11-04 14:06:52.630 +01:00 [INF] The file /images/Logo.png.png was not modified
2023-11-04 14:06:52.630 +01:00 [INF] Request finished HTTP/1.1 GET https://localhost:7060/images/Logo.png.png - - - 304 - image/png 0.4485ms
2023-11-04 14:06:54.624 +01:00 [INF] Request starting HTTP/1.1 GET https://localhost:7060/Admin/Address - -
2023-11-04 14:06:54.634 +01:00 [INF] Executing endpoint 'FjordNestPro.Areas.Admin.Controllers.AddressController.Index (FjordNestPro)'
2023-11-04 14:06:54.642 +01:00 [INF] Route matched with {area = "Admin", action = "Index", controller = "Address", page = ""}. Executing controller action with signature System.Threading.Tasks.Task`1[Microsoft.AspNetCore.Mvc.IActionResult] Index(System.String, System.String, System.String) on controller FjordNestPro.Areas.Admin.Controllers.AddressController (FjordNestPro).
2023-11-04 14:06:54.678 +01:00 [INF] Executing ViewResult, running view Index.
2023-11-04 14:06:54.811 +01:00 [INF] Executed ViewResult - view Index executed in 133.135ms.
2023-11-04 14:06:54.811 +01:00 [INF] Executed action FjordNestPro.Areas.Admin.Controllers.AddressController.Index (FjordNestPro) in 168.2612ms
2023-11-04 14:06:54.811 +01:00 [INF] Executed endpoint 'FjordNestPro.Areas.Admin.Controllers.AddressController.Index (FjordNestPro)'
2023-11-04 14:06:54.811 +01:00 [INF] Request finished HTTP/1.1 GET https://localhost:7060/Admin/Address - - - 200 - text/html;+charset=utf-8 186.8779ms
2023-11-04 14:06:54.831 +01:00 [INF] Request starting HTTP/1.1 GET https://localhost:7060/FjordNestPro.styles.css?v=5Tpqsgstn_cDRuDhj8wmkfhqVu_RCJ2iKAZ2kcPtGAo - -
2023-11-04 14:06:54.832 +01:00 [INF] The file /FjordNestPro.styles.css was not modified
2023-11-04 14:06:54.832 +01:00 [INF] Request finished HTTP/1.1 GET https://localhost:7060/FjordNestPro.styles.css?v=5Tpqsgstn_cDRuDhj8wmkfhqVu_RCJ2iKAZ2kcPtGAo - - - 304 - text/css 0.4269ms
2023-11-04 14:06:54.836 +01:00 [INF] Request starting HTTP/1.1 GET https://localhost:7060/lib/jquery/jquery.js - -
2023-11-04 14:06:54.836 +01:00 [INF] Request starting HTTP/1.1 GET https://localhost:7060/lib/bootstrap/js/bootstrap.js - -
2023-11-04 14:06:54.836 +01:00 [INF] Request starting HTTP/1.1 GET https://localhost:7060/lib/jquery-validate/jquery.validate.js - -
2023-11-04 14:06:54.836 +01:00 [INF] Request starting HTTP/1.1 GET https://localhost:7060/Admin/images/Logo.png.png - -
2023-11-04 14:06:54.837 +01:00 [INF] Request finished HTTP/1.1 GET https://localhost:7060/lib/jquery/jquery.js - - - 404 0 - 0.8627ms
2023-11-04 14:06:54.837 +01:00 [INF] Request finished HTTP/1.1 GET https://localhost:7060/lib/jquery-validate/jquery.validate.js - - - 404 0 - 0.6591ms
2023-11-04 14:06:54.837 +01:00 [INF] Request finished HTTP/1.1 GET https://localhost:7060/lib/bootstrap/js/bootstrap.js - - - 404 0 - 0.8557ms
2023-11-04 14:06:54.839 +01:00 [INF] Request finished HTTP/1.1 GET https://localhost:7060/Admin/images/Logo.png.png - - - 404 0 - 2.7248ms
2023-11-04 14:07:00.131 +01:00 [INF] Request starting HTTP/1.1 GET https://localhost:7060/Admin/User - -
2023-11-04 14:07:00.133 +01:00 [INF] Executing endpoint 'FjordNestPro.Areas.Admin.Controllers.UserController.Index (FjordNestPro)'
2023-11-04 14:07:00.138 +01:00 [INF] Route matched with {area = "Admin", action = "Index", controller = "User", page = ""}. Executing controller action with signature System.Threading.Tasks.Task`1[Microsoft.AspNetCore.Mvc.IActionResult] Index(System.String, System.String, System.String) on controller FjordNestPro.Areas.Admin.Controllers.UserController (FjordNestPro).
2023-11-04 14:07:00.150 +01:00 [INF] Fetching users based on search parameters.
2023-11-04 14:07:00.164 +01:00 [INF] Executing ViewResult, running view Index.
2023-11-04 14:07:00.316 +01:00 [INF] Executed ViewResult - view Index executed in 153.3421ms.
2023-11-04 14:07:00.316 +01:00 [INF] Executed action FjordNestPro.Areas.Admin.Controllers.UserController.Index (FjordNestPro) in 177.4528ms
2023-11-04 14:07:00.316 +01:00 [INF] Executed endpoint 'FjordNestPro.Areas.Admin.Controllers.UserController.Index (FjordNestPro)'
2023-11-04 14:07:00.316 +01:00 [INF] Request finished HTTP/1.1 GET https://localhost:7060/Admin/User - - - 200 - text/html;+charset=utf-8 185.6270ms
2023-11-04 14:07:00.345 +01:00 [INF] Request starting HTTP/1.1 GET https://localhost:7060/FjordNestPro.styles.css?v=5Tpqsgstn_cDRuDhj8wmkfhqVu_RCJ2iKAZ2kcPtGAo - -
2023-11-04 14:07:00.345 +01:00 [INF] The file /FjordNestPro.styles.css was not modified
2023-11-04 14:07:00.345 +01:00 [INF] Request finished HTTP/1.1 GET https://localhost:7060/FjordNestPro.styles.css?v=5Tpqsgstn_cDRuDhj8wmkfhqVu_RCJ2iKAZ2kcPtGAo - - - 304 - text/css 0.4294ms
2023-11-04 14:07:00.349 +01:00 [INF] Request starting HTTP/1.1 GET https://localhost:7060/lib/bootstrap/js/bootstrap.js - -
2023-11-04 14:07:00.349 +01:00 [INF] Request starting HTTP/1.1 GET https://localhost:7060/lib/jquery-validate/jquery.validate.js - -
2023-11-04 14:07:00.349 +01:00 [INF] Request starting HTTP/1.1 GET https://localhost:7060/lib/jquery/jquery.js - -
2023-11-04 14:07:00.349 +01:00 [INF] Request starting HTTP/1.1 GET https://localhost:7060/Admin/images/Logo.png.png - -
2023-11-04 14:07:00.350 +01:00 [INF] Request finished HTTP/1.1 GET https://localhost:7060/lib/bootstrap/js/bootstrap.js - - - 404 0 - 0.9498ms
2023-11-04 14:07:00.350 +01:00 [INF] Request finished HTTP/1.1 GET https://localhost:7060/Admin/images/Logo.png.png - - - 404 0 - 0.5380ms
2023-11-04 14:07:00.350 +01:00 [INF] Request finished HTTP/1.1 GET https://localhost:7060/lib/jquery/jquery.js - - - 404 0 - 0.8934ms
2023-11-04 14:07:00.350 +01:00 [INF] Request finished HTTP/1.1 GET https://localhost:7060/lib/jquery-validate/jquery.validate.js - - - 404 0 - 0.9825ms
2023-11-04 14:07:02.470 +01:00 [INF] Request starting HTTP/1.1 GET https://localhost:7060/Admin/Property - -
2023-11-04 14:07:02.471 +01:00 [INF] Executing endpoint 'FjordNestPro.Areas.Admin.Controllers.PropertyController.Index (FjordNestPro)'
2023-11-04 14:07:02.476 +01:00 [INF] Route matched with {area = "Admin", action = "Index", controller = "Property", page = ""}. Executing controller action with signature System.Threading.Tasks.Task`1[Microsoft.AspNetCore.Mvc.IActionResult] Index(System.String, System.String, System.String, System.Nullable`1[System.Int32], System.Nullable`1[System.Decimal], System.Nullable`1[System.Boolean]) on controller FjordNestPro.Areas.Admin.Controllers.PropertyController (FjordNestPro).
2023-11-04 14:07:02.484 +01:00 [INF] Fetching properties based on filters.
2023-11-04 14:07:02.587 +01:00 [INF] Executing ViewResult, running view Index.
2023-11-04 14:07:02.674 +01:00 [INF] Executed ViewResult - view Index executed in 88.0359ms.
2023-11-04 14:07:02.675 +01:00 [INF] Executed action FjordNestPro.Areas.Admin.Controllers.PropertyController.Index (FjordNestPro) in 198.1771ms
2023-11-04 14:07:02.675 +01:00 [INF] Executed endpoint 'FjordNestPro.Areas.Admin.Controllers.PropertyController.Index (FjordNestPro)'
2023-11-04 14:07:02.675 +01:00 [INF] Request finished HTTP/1.1 GET https://localhost:7060/Admin/Property - - - 200 - text/html;+charset=utf-8 204.8590ms
2023-11-04 14:07:02.704 +01:00 [INF] Request starting HTTP/1.1 GET https://localhost:7060/FjordNestPro.styles.css?v=5Tpqsgstn_cDRuDhj8wmkfhqVu_RCJ2iKAZ2kcPtGAo - -
2023-11-04 14:07:02.704 +01:00 [INF] The file /FjordNestPro.styles.css was not modified
2023-11-04 14:07:02.704 +01:00 [INF] Request finished HTTP/1.1 GET https://localhost:7060/FjordNestPro.styles.css?v=5Tpqsgstn_cDRuDhj8wmkfhqVu_RCJ2iKAZ2kcPtGAo - - - 304 - text/css 0.3657ms
2023-11-04 14:07:02.708 +01:00 [INF] Request starting HTTP/1.1 GET https://localhost:7060/lib/bootstrap/js/bootstrap.js - -
2023-11-04 14:07:02.708 +01:00 [INF] Request starting HTTP/1.1 GET https://localhost:7060/lib/jquery-validate/jquery.validate.js - -
2023-11-04 14:07:02.708 +01:00 [INF] Request starting HTTP/1.1 GET https://localhost:7060/lib/jquery/jquery.js - -
2023-11-04 14:07:02.708 +01:00 [INF] Request starting HTTP/1.1 GET https://localhost:7060/Admin/images/Logo.png.png - -
2023-11-04 14:07:02.709 +01:00 [INF] Request finished HTTP/1.1 GET https://localhost:7060/lib/bootstrap/js/bootstrap.js - - - 404 0 - 0.9018ms
2023-11-04 14:07:02.709 +01:00 [INF] Request finished HTTP/1.1 GET https://localhost:7060/lib/jquery-validate/jquery.validate.js - - - 404 0 - 0.6950ms
2023-11-04 14:07:02.709 +01:00 [INF] Request finished HTTP/1.1 GET https://localhost:7060/lib/jquery/jquery.js - - - 404 0 - 0.7852ms
2023-11-04 14:07:02.710 +01:00 [INF] Request finished HTTP/1.1 GET https://localhost:7060/Admin/images/Logo.png.png - - - 404 0 - 1.3841ms
