2023-11-03 14:32:29.184 +01:00 [INF] User profile is available. Using '/Users/henrik_vik/.aspnet/DataProtection-Keys' as key repository; keys will not be encrypted at rest.
2023-11-03 14:32:59.831 +01:00 [INF] Now listening on: https://localhost:7060
2023-11-03 14:32:59.854 +01:00 [INF] Now listening on: http://localhost:5035
2023-11-03 14:32:59.918 +01:00 [INF] Application started. Press Ctrl+C to shut down.
2023-11-03 14:32:59.922 +01:00 [INF] Hosting environment: Development
2023-11-03 14:32:59.925 +01:00 [INF] Content root path: /Users/henrik_vik/Projects/Hobbyprosjekt_FjordNest/FjordNestPro
2023-11-03 14:33:01.340 +01:00 [INF] Request starting HTTP/1.1 GET https://localhost:7060/ - -
2023-11-03 14:33:01.441 +01:00 [INF] Identity.Application was not authenticated. Failure message: Unprotect ticket failed
2023-11-03 14:33:01.446 +01:00 [INF] Executing endpoint 'FjordNestPro.Controllers.HomeController.Index (FjordNestPro)'
2023-11-03 14:33:01.464 +01:00 [INF] Route matched with {action = "Index", controller = "Home", area = "", page = ""}. Executing controller action with signature System.Threading.Tasks.Task`1[Microsoft.AspNetCore.Mvc.IActionResult] Index() on controller FjordNestPro.Controllers.HomeController (FjordNestPro).
2023-11-03 14:33:01.486 +01:00 [INF] Executing ViewResult, running view Index.
2023-11-03 14:33:01.695 +01:00 [INF] Executed ViewResult - view Index executed in 211.6108ms.
2023-11-03 14:33:01.699 +01:00 [INF] Executed action FjordNestPro.Controllers.HomeController.Index (FjordNestPro) in 234.2612ms
2023-11-03 14:33:01.699 +01:00 [INF] Executed endpoint 'FjordNestPro.Controllers.HomeController.Index (FjordNestPro)'
2023-11-03 14:33:01.706 +01:00 [INF] Request finished HTTP/1.1 GET https://localhost:7060/ - - - 200 - text/html;+charset=utf-8 369.5265ms
2023-11-03 14:33:01.847 +01:00 [INF] Request starting HTTP/1.1 GET https://localhost:7060/css/site.css?v=v_Pq3ljq9f9NNbt9PAowScIuN5P9sF6bFdlybMZmeQ8 - -
2023-11-03 14:33:01.847 +01:00 [INF] Request starting HTTP/1.1 GET https://localhost:7060/lib/bootstrap/dist/css/bootstrap.min.css - -
2023-11-03 14:33:01.953 +01:00 [INF] Request starting HTTP/1.1 GET https://localhost:7060/FjordNestPro.styles.css?v=FgBsjpBL5UKBz3YKj3MAV7UR2soIY256PDOHY7YGSpw - -
2023-11-03 14:33:01.954 +01:00 [INF] Request starting HTTP/1.1 GET https://localhost:7060/lib/bootstrap/js/bootstrap.js - -
2023-11-03 14:33:02.007 +01:00 [INF] Request starting HTTP/1.1 GET https://localhost:7060/lib/jquery/jquery.js - -
2023-11-03 14:33:02.007 +01:00 [INF] Request starting HTTP/1.1 GET https://localhost:7060/lib/jquery-validate/jquery.validate.js - -
2023-11-03 14:33:02.018 +01:00 [INF] Identity.Application was not authenticated. Failure message: Unprotect ticket failed
2023-11-03 14:33:02.018 +01:00 [INF] Identity.Application was not authenticated. Failure message: Unprotect ticket failed
2023-11-03 14:33:02.018 +01:00 [INF] Identity.Application was not authenticated. Failure message: Unprotect ticket failed
2023-11-03 14:33:02.019 +01:00 [INF] Request finished HTTP/1.1 GET https://localhost:7060/lib/jquery-validate/jquery.validate.js - - - 404 0 - 11.7013ms
2023-11-03 14:33:02.019 +01:00 [INF] Request finished HTTP/1.1 GET https://localhost:7060/lib/jquery/jquery.js - - - 404 0 - 11.7372ms
2023-11-03 14:33:02.019 +01:00 [INF] Request finished HTTP/1.1 GET https://localhost:7060/lib/bootstrap/js/bootstrap.js - - - 404 0 - 89.0133ms
2023-11-03 14:33:02.042 +01:00 [INF] Request starting HTTP/1.1 GET https://localhost:7060/lib/jquery-validation-unobtrusive/jquery.validate.unobtrusive.js - -
2023-11-03 14:33:02.042 +01:00 [INF] Request starting HTTP/1.1 GET https://localhost:7060/images/fjordnest-high-resolution-logo-white-transparent.png - -
2023-11-03 14:33:02.043 +01:00 [INF] Request starting HTTP/1.1 GET https://localhost:7060/lib/jquery/dist/jquery.min.js - -
2023-11-03 14:33:02.167 +01:00 [INF] Sending file. Request path: '/images/fjordnest-high-resolution-logo-white-transparent.png'. Physical path: '/Users/henrik_vik/Projects/Hobbyprosjekt_FjordNest/FjordNestPro/wwwroot/images/fjordnest-high-resolution-logo-white-transparent.png'
2023-11-03 14:33:02.169 +01:00 [INF] Sending file. Request path: '/css/site.css'. Physical path: '/Users/henrik_vik/Projects/Hobbyprosjekt_FjordNest/FjordNestPro/wwwroot/css/site.css'
2023-11-03 14:33:02.167 +01:00 [INF] Sending file. Request path: '/lib/jquery-validation-unobtrusive/jquery.validate.unobtrusive.js'. Physical path: '/Users/henrik_vik/Projects/Hobbyprosjekt_FjordNest/FjordNestPro/wwwroot/lib/jquery-validation-unobtrusive/jquery.validate.unobtrusive.js'
2023-11-03 14:33:02.170 +01:00 [INF] Sending file. Request path: '/FjordNestPro.styles.css'. Physical path: '/Users/henrik_vik/Projects/Hobbyprosjekt_FjordNest/FjordNestPro/obj/Debug/net7.0/scopedcss/bundle/FjordNestPro.styles.css'
2023-11-03 14:33:02.171 +01:00 [INF] Request finished HTTP/1.1 GET https://localhost:7060/FjordNestPro.styles.css?v=FgBsjpBL5UKBz3YKj3MAV7UR2soIY256PDOHY7YGSpw - - - 200 3547 text/css 241.0848ms
2023-11-03 14:33:02.171 +01:00 [INF] Request finished HTTP/1.1 GET https://localhost:7060/lib/jquery-validation-unobtrusive/jquery.validate.unobtrusive.js - - - 200 19389 text/javascript 129.5502ms
2023-11-03 14:33:02.171 +01:00 [INF] Request finished HTTP/1.1 GET https://localhost:7060/images/fjordnest-high-resolution-logo-white-transparent.png - - - 200 28151 image/png 128.1422ms
2023-11-03 14:33:02.171 +01:00 [INF] Request finished HTTP/1.1 GET https://localhost:7060/css/site.css?v=v_Pq3ljq9f9NNbt9PAowScIuN5P9sF6bFdlybMZmeQ8 - - - 200 6759 text/css 355.6016ms
2023-11-03 14:33:02.176 +01:00 [INF] Request starting HTTP/1.1 GET https://localhost:7060/lib/bootstrap/dist/js/bootstrap.bundle.min.js - -
2023-11-03 14:33:02.179 +01:00 [INF] Sending file. Request path: '/lib/jquery/dist/jquery.min.js'. Physical path: '/Users/henrik_vik/Projects/Hobbyprosjekt_FjordNest/FjordNestPro/wwwroot/lib/jquery/dist/jquery.min.js'
2023-11-03 14:33:02.180 +01:00 [INF] Request finished HTTP/1.1 GET https://localhost:7060/lib/jquery/dist/jquery.min.js - - - 200 89501 text/javascript 136.4885ms
2023-11-03 14:33:02.205 +01:00 [INF] Sending file. Request path: '/lib/bootstrap/dist/css/bootstrap.min.css'. Physical path: '/Users/henrik_vik/Projects/Hobbyprosjekt_FjordNest/FjordNestPro/wwwroot/lib/bootstrap/dist/css/bootstrap.min.css'
2023-11-03 14:33:02.206 +01:00 [INF] Request finished HTTP/1.1 GET https://localhost:7060/lib/bootstrap/dist/css/bootstrap.min.css - - - 200 162720 text/css 412.3395ms
2023-11-03 14:33:02.206 +01:00 [INF] Request starting HTTP/1.1 GET https://localhost:7060/js/site.js?v=GVfrJwP9dyBEOTWWL5R7z2rTE1yLZrGdTM_sHV07zS4 - -
2023-11-03 14:33:02.235 +01:00 [INF] Sending file. Request path: '/js/site.js'. Physical path: '/Users/henrik_vik/Projects/Hobbyprosjekt_FjordNest/FjordNestPro/wwwroot/js/site.js'
2023-11-03 14:33:02.260 +01:00 [INF] Request finished HTTP/1.1 GET https://localhost:7060/js/site.js?v=GVfrJwP9dyBEOTWWL5R7z2rTE1yLZrGdTM_sHV07zS4 - - - 200 1041 text/javascript 29.3864ms
2023-11-03 14:33:02.260 +01:00 [INF] Sending file. Request path: '/lib/bootstrap/dist/js/bootstrap.bundle.min.js'. Physical path: '/Users/henrik_vik/Projects/Hobbyprosjekt_FjordNest/FjordNestPro/wwwroot/lib/bootstrap/dist/js/bootstrap.bundle.min.js'
2023-11-03 14:33:02.260 +01:00 [INF] Request finished HTTP/1.1 GET https://localhost:7060/lib/bootstrap/dist/js/bootstrap.bundle.min.js - - - 200 78468 text/javascript 83.7941ms
2023-11-03 14:33:02.260 +01:00 [INF] Request starting HTTP/1.1 GET https://localhost:7060/images/Fjord.jpg - -
2023-11-03 14:33:02.286 +01:00 [INF] Sending file. Request path: '/images/Fjord.jpg'. Physical path: '/Users/henrik_vik/Projects/Hobbyprosjekt_FjordNest/FjordNestPro/wwwroot/images/Fjord.jpg'
2023-11-03 14:33:02.286 +01:00 [INF] Request finished HTTP/1.1 GET https://localhost:7060/images/Fjord.jpg - - - 200 2624941 image/jpeg 25.6123ms
2023-11-03 14:33:12.966 +01:00 [INF] Request starting HTTP/1.1 GET https://localhost:7060/Property/Create - -
2023-11-03 14:33:12.971 +01:00 [INF] Identity.Application was not authenticated. Failure message: Unprotect ticket failed
2023-11-03 14:33:12.980 +01:00 [INF] Authorization failed. These requirements were not met:
DenyAnonymousAuthorizationRequirement: Requires an authenticated user.
2023-11-03 14:33:12.985 +01:00 [INF] AuthenticationScheme: Identity.Application was challenged.
2023-11-03 14:33:12.985 +01:00 [INF] Request finished HTTP/1.1 GET https://localhost:7060/Property/Create - - - 302 0 - 18.7464ms
2023-11-03 14:33:12.989 +01:00 [INF] Request starting HTTP/1.1 GET https://localhost:7060/Identity/Account/Login?ReturnUrl=%2FProperty%2FCreate - -
2023-11-03 14:33:12.990 +01:00 [INF] Identity.Application was not authenticated. Failure message: Unprotect ticket failed
2023-11-03 14:33:12.990 +01:00 [INF] Executing endpoint '/Account/Login'
2023-11-03 14:33:13.014 +01:00 [INF] Route matched with {page = "/Account/Login", area = "Identity", action = "", controller = ""}. Executing page /Account/Login
2023-11-03 14:33:13.048 +01:00 [INF] Executing handler method FjordNestPro.Areas.Identity.Pages.Account.LoginModel.OnGetAsync - ModelState is "Valid"
2023-11-03 14:33:13.056 +01:00 [INF] AuthenticationScheme: Identity.External signed out.
2023-11-03 14:33:13.058 +01:00 [INF] Executed handler method OnGetAsync, returned result .
2023-11-03 14:33:13.062 +01:00 [INF] Executing an implicit handler method - ModelState is "Valid"
2023-11-03 14:33:13.062 +01:00 [INF] Executed an implicit handler method, returned result Microsoft.AspNetCore.Mvc.RazorPages.PageResult.
2023-11-03 14:33:13.146 +01:00 [INF] Executed page /Account/Login in 130.9928ms
2023-11-03 14:33:13.146 +01:00 [INF] Executed endpoint '/Account/Login'
2023-11-03 14:33:13.146 +01:00 [INF] Request finished HTTP/1.1 GET https://localhost:7060/Identity/Account/Login?ReturnUrl=%2FProperty%2FCreate - - - 200 - text/html;+charset=utf-8 157.3649ms
2023-11-03 14:33:13.182 +01:00 [INF] Request starting HTTP/1.1 GET https://localhost:7060/lib/bootstrap/js/bootstrap.js - -
2023-11-03 14:33:13.182 +01:00 [INF] Identity.Application was not authenticated. Failure message: Unprotect ticket failed
2023-11-03 14:33:13.183 +01:00 [INF] Request finished HTTP/1.1 GET https://localhost:7060/lib/bootstrap/js/bootstrap.js - - - 404 0 - 0.7266ms
2023-11-03 14:33:13.190 +01:00 [INF] Request starting HTTP/1.1 GET https://localhost:7060/lib/jquery-validate/jquery.validate.js - -
2023-11-03 14:33:13.190 +01:00 [INF] Request starting HTTP/1.1 GET https://localhost:7060/lib/jquery/jquery.js - -
2023-11-03 14:33:13.190 +01:00 [INF] Request starting HTTP/1.1 GET https://localhost:7060/Identity/lib/jquery-validation/dist/jquery.validate.js - -
2023-11-03 14:33:13.190 +01:00 [INF] Request starting HTTP/1.1 GET https://localhost:7060/Identity/lib/jquery-validation-unobtrusive/jquery.validate.unobtrusive.js - -
2023-11-03 14:33:13.190 +01:00 [INF] Identity.Application was not authenticated. Failure message: Unprotect ticket failed
2023-11-03 14:33:13.190 +01:00 [INF] Identity.Application was not authenticated. Failure message: Unprotect ticket failed
2023-11-03 14:33:13.190 +01:00 [INF] Request finished HTTP/1.1 GET https://localhost:7060/lib/jquery-validate/jquery.validate.js - - - 404 0 - 0.7929ms
2023-11-03 14:33:13.190 +01:00 [INF] Request finished HTTP/1.1 GET https://localhost:7060/lib/jquery/jquery.js - - - 404 0 - 0.8305ms
2023-11-03 14:33:13.195 +01:00 [INF] Sending file. Request path: '/Identity/lib/jquery-validation-unobtrusive/jquery.validate.unobtrusive.js'. Physical path: '/Users/henrik_vik/.nuget/packages/microsoft.aspnetcore.identity.ui/7.0.13/staticwebassets/V5/lib/jquery-validation-unobtrusive/jquery.validate.unobtrusive.js'
2023-11-03 14:33:13.195 +01:00 [INF] Request finished HTTP/1.1 GET https://localhost:7060/Identity/lib/jquery-validation-unobtrusive/jquery.validate.unobtrusive.js - - - 200 19385 text/javascript 5.5487ms
2023-11-03 14:33:13.197 +01:00 [INF] Sending file. Request path: '/Identity/lib/jquery-validation/dist/jquery.validate.js'. Physical path: '/Users/henrik_vik/.nuget/packages/microsoft.aspnetcore.identity.ui/7.0.13/staticwebassets/V5/lib/jquery-validation/dist/jquery.validate.js'
2023-11-03 14:33:13.197 +01:00 [INF] Request finished HTTP/1.1 GET https://localhost:7060/Identity/lib/jquery-validation/dist/jquery.validate.js - - - 200 51171 text/javascript 6.8876ms
2023-11-03 14:33:17.059 +01:00 [INF] Request starting HTTP/1.1 GET https://localhost:7060/Explore - -
2023-11-03 14:33:17.060 +01:00 [INF] Identity.Application was not authenticated. Failure message: Unprotect ticket failed
2023-11-03 14:33:17.060 +01:00 [INF] Executing endpoint 'FjordNestPro.Controllers.ExploreController.Index (FjordNestPro)'
2023-11-03 14:33:17.067 +01:00 [INF] Route matched with {action = "Index", controller = "Explore", area = "", page = ""}. Executing controller action with signature System.Threading.Tasks.Task`1[Microsoft.AspNetCore.Mvc.IActionResult] Index(System.String, Int32, System.Decimal) on controller FjordNestPro.Controllers.ExploreController (FjordNestPro).
2023-11-03 14:33:17.249 +01:00 [INF] Executing ViewResult, running view Index.
2023-11-03 14:33:17.394 +01:00 [INF] Executed ViewResult - view Index executed in 146.1929ms.
2023-11-03 14:33:17.394 +01:00 [INF] Executed action FjordNestPro.Controllers.ExploreController.Index (FjordNestPro) in 326.8969ms
2023-11-03 14:33:17.394 +01:00 [INF] Executed endpoint 'FjordNestPro.Controllers.ExploreController.Index (FjordNestPro)'
2023-11-03 14:33:17.399 +01:00 [INF] Request finished HTTP/1.1 GET https://localhost:7060/Explore - - - 200 - text/html;+charset=utf-8 339.3141ms
2023-11-03 14:33:17.411 +01:00 [INF] Request starting HTTP/1.1 GET https://localhost:7060/lib/bootstrap/js/bootstrap.js - -
2023-11-03 14:33:17.412 +01:00 [INF] Identity.Application was not authenticated. Failure message: Unprotect ticket failed
2023-11-03 14:33:17.412 +01:00 [INF] Request finished HTTP/1.1 GET https://localhost:7060/lib/bootstrap/js/bootstrap.js - - - 404 0 - 0.7268ms
2023-11-03 14:33:17.417 +01:00 [INF] Request starting HTTP/1.1 GET https://localhost:7060/lib/jquery/jquery.js - -
2023-11-03 14:33:17.417 +01:00 [INF] Request starting HTTP/1.1 GET https://localhost:7060/lib/jquery-validate/jquery.validate.js - -
2023-11-03 14:33:17.417 +01:00 [INF] Request starting HTTP/1.1 GET https://localhost:7060/images/property/1.jpg - -
2023-11-03 14:33:17.417 +01:00 [INF] Request starting HTTP/1.1 GET https://localhost:7060/images/property/2.jpg - -
2023-11-03 14:33:17.418 +01:00 [INF] Identity.Application was not authenticated. Failure message: Unprotect ticket failed
2023-11-03 14:33:17.418 +01:00 [INF] Request finished HTTP/1.1 GET https://localhost:7060/lib/jquery/jquery.js - - - 404 0 - 0.8517ms
2023-11-03 14:33:17.418 +01:00 [INF] Identity.Application was not authenticated. Failure message: Unprotect ticket failed
2023-11-03 14:33:17.418 +01:00 [INF] Request finished HTTP/1.1 GET https://localhost:7060/lib/jquery-validate/jquery.validate.js - - - 404 0 - 1.0392ms
2023-11-03 14:33:17.443 +01:00 [INF] Request starting HTTP/1.1 GET https://localhost:7060/images/property/3.jpg - -
2023-11-03 14:33:17.443 +01:00 [INF] Sending file. Request path: '/images/property/1.jpg'. Physical path: '/Users/henrik_vik/Projects/Hobbyprosjekt_FjordNest/FjordNestPro/wwwroot/images/property/1.jpg'
2023-11-03 14:33:17.444 +01:00 [INF] Request finished HTTP/1.1 GET https://localhost:7060/images/property/1.jpg - - - 200 47818 image/jpeg 26.4374ms
2023-11-03 14:33:17.444 +01:00 [INF] Request starting HTTP/1.1 GET https://localhost:7060/images/property/4.jpg - -
2023-11-03 14:33:17.446 +01:00 [INF] Sending file. Request path: '/images/property/2.jpg'. Physical path: '/Users/henrik_vik/Projects/Hobbyprosjekt_FjordNest/FjordNestPro/wwwroot/images/property/2.jpg'
2023-11-03 14:33:17.446 +01:00 [INF] Request starting HTTP/1.1 GET https://localhost:7060/images/property/5.jpg - -
2023-11-03 14:33:17.491 +01:00 [INF] Request finished HTTP/1.1 GET https://localhost:7060/images/property/2.jpg - - - 200 33404 image/jpeg 51.8748ms
2023-11-03 14:33:17.492 +01:00 [INF] Request starting HTTP/1.1 GET https://localhost:7060/images/property/6.jpg - -
2023-11-03 14:33:17.492 +01:00 [INF] Request starting HTTP/1.1 GET https://localhost:7060/images/property/7.jpg - -
2023-11-03 14:33:17.516 +01:00 [INF] Request starting HTTP/1.1 GET https://localhost:7060/images/property/8.jpg - -
2023-11-03 14:33:17.516 +01:00 [INF] Sending file. Request path: '/images/property/3.jpg'. Physical path: '/Users/henrik_vik/Projects/Hobbyprosjekt_FjordNest/FjordNestPro/wwwroot/images/property/3.jpg'
2023-11-03 14:33:17.539 +01:00 [INF] Request finished HTTP/1.1 GET https://localhost:7060/images/property/3.jpg - - - 200 26931 image/jpeg 73.8498ms
2023-11-03 14:33:17.609 +01:00 [INF] Request starting HTTP/1.1 GET https://localhost:7060/images/property/9.jpg - -
2023-11-03 14:33:17.611 +01:00 [INF] Sending file. Request path: '/images/property/5.jpg'. Physical path: '/Users/henrik_vik/Projects/Hobbyprosjekt_FjordNest/FjordNestPro/wwwroot/images/property/5.jpg'
2023-11-03 14:33:17.611 +01:00 [INF] Sending file. Request path: '/images/property/6.jpg'. Physical path: '/Users/henrik_vik/Projects/Hobbyprosjekt_FjordNest/FjordNestPro/wwwroot/images/property/6.jpg'
2023-11-03 14:33:17.611 +01:00 [INF] Sending file. Request path: '/images/property/7.jpg'. Physical path: '/Users/henrik_vik/Projects/Hobbyprosjekt_FjordNest/FjordNestPro/wwwroot/images/property/7.jpg'
2023-11-03 14:33:17.611 +01:00 [INF] Request finished HTTP/1.1 GET https://localhost:7060/images/property/6.jpg - - - 200 72579 image/jpeg 119.6145ms
2023-11-03 14:33:17.611 +01:00 [INF] Request finished HTTP/1.1 GET https://localhost:7060/images/property/7.jpg - - - 200 51822 image/jpeg 119.4539ms
2023-11-03 14:33:17.611 +01:00 [INF] Request finished HTTP/1.1 GET https://localhost:7060/images/property/5.jpg - - - 200 129139 image/jpeg 164.9631ms
2023-11-03 14:33:17.612 +01:00 [INF] Sending file. Request path: '/images/property/4.jpg'. Physical path: '/Users/henrik_vik/Projects/Hobbyprosjekt_FjordNest/FjordNestPro/wwwroot/images/property/4.jpg'
2023-11-03 14:33:17.614 +01:00 [INF] Request finished HTTP/1.1 GET https://localhost:7060/images/property/4.jpg - - - 200 143954 image/jpeg 167.8524ms
2023-11-03 14:33:17.616 +01:00 [INF] Sending file. Request path: '/images/property/8.jpg'. Physical path: '/Users/henrik_vik/Projects/Hobbyprosjekt_FjordNest/FjordNestPro/wwwroot/images/property/8.jpg'
2023-11-03 14:33:17.644 +01:00 [INF] Request starting HTTP/1.1 GET https://localhost:7060/images/property/12.jpg - -
2023-11-03 14:33:17.644 +01:00 [INF] Request starting HTTP/1.1 GET https://localhost:7060/images/property/13.jpg - -
2023-11-03 14:33:17.645 +01:00 [INF] Request starting HTTP/1.1 GET https://localhost:7060/images/property/11.jpg - -
2023-11-03 14:33:17.645 +01:00 [INF] Request starting HTTP/1.1 GET https://localhost:7060/images/property/10.jpg - -
2023-11-03 14:33:17.645 +01:00 [INF] Request finished HTTP/1.1 GET https://localhost:7060/images/property/8.jpg - - - 200 32645 image/jpeg 101.6372ms
2023-11-03 14:33:17.646 +01:00 [INF] Sending file. Request path: '/images/property/9.jpg'. Physical path: '/Users/henrik_vik/Projects/Hobbyprosjekt_FjordNest/FjordNestPro/wwwroot/images/property/9.jpg'
2023-11-03 14:33:17.692 +01:00 [INF] Request finished HTTP/1.1 GET https://localhost:7060/images/property/9.jpg - - - 200 88396 image/jpeg 62.6919ms
2023-11-03 14:33:17.713 +01:00 [INF] Request starting HTTP/1.1 GET https://localhost:7060/images/property/14.jpg - -
2023-11-03 14:33:17.714 +01:00 [INF] Sending file. Request path: '/images/property/12.jpg'. Physical path: '/Users/henrik_vik/Projects/Hobbyprosjekt_FjordNest/FjordNestPro/wwwroot/images/property/12.jpg'
2023-11-03 14:33:17.714 +01:00 [INF] Request finished HTTP/1.1 GET https://localhost:7060/images/property/12.jpg - - - 200 26810 image/jpeg 69.3968ms
2023-11-03 14:33:17.714 +01:00 [INF] Request starting HTTP/1.1 GET https://localhost:7060/images/property/15.jpg - -
2023-11-03 14:33:17.716 +01:00 [INF] Sending file. Request path: '/images/property/10.jpg'. Physical path: '/Users/henrik_vik/Projects/Hobbyprosjekt_FjordNest/FjordNestPro/wwwroot/images/property/10.jpg'
2023-11-03 14:33:17.716 +01:00 [INF] Request finished HTTP/1.1 GET https://localhost:7060/images/property/10.jpg - - - 200 36985 image/jpeg 71.4346ms
2023-11-03 14:33:17.717 +01:00 [INF] Sending file. Request path: '/images/property/11.jpg'. Physical path: '/Users/henrik_vik/Projects/Hobbyprosjekt_FjordNest/FjordNestPro/wwwroot/images/property/11.jpg'
2023-11-03 14:33:17.718 +01:00 [INF] Request finished HTTP/1.1 GET https://localhost:7060/images/property/11.jpg - - - 200 33122 image/jpeg 72.9975ms
2023-11-03 14:33:17.719 +01:00 [INF] Request starting HTTP/1.1 GET https://localhost:7060/images/property/16.jpg - -
2023-11-03 14:33:17.744 +01:00 [INF] Sending file. Request path: '/images/property/15.jpg'. Physical path: '/Users/henrik_vik/Projects/Hobbyprosjekt_FjordNest/FjordNestPro/wwwroot/images/property/15.jpg'
2023-11-03 14:33:17.745 +01:00 [INF] Request finished HTTP/1.1 GET https://localhost:7060/images/property/15.jpg - - - 200 26388 image/jpeg 31.2982ms
2023-11-03 14:33:17.745 +01:00 [INF] Request starting HTTP/1.1 GET https://localhost:7060/images/property/17.jpg - -
2023-11-03 14:33:17.746 +01:00 [INF] Request starting HTTP/1.1 GET https://localhost:7060/images/property/18.jpg - -
2023-11-03 14:33:17.746 +01:00 [INF] Request starting HTTP/1.1 GET https://localhost:7060/images/property/19.jpg - -
2023-11-03 14:33:17.746 +01:00 [INF] Sending file. Request path: '/images/property/14.jpg'. Physical path: '/Users/henrik_vik/Projects/Hobbyprosjekt_FjordNest/FjordNestPro/wwwroot/images/property/14.jpg'
2023-11-03 14:33:17.790 +01:00 [INF] Request finished HTTP/1.1 GET https://localhost:7060/images/property/14.jpg - - - 200 50869 image/jpeg 75.1570ms
2023-11-03 14:33:17.790 +01:00 [INF] Sending file. Request path: '/images/property/13.jpg'. Physical path: '/Users/henrik_vik/Projects/Hobbyprosjekt_FjordNest/FjordNestPro/wwwroot/images/property/13.jpg'
2023-11-03 14:33:17.790 +01:00 [INF] Sending file. Request path: '/images/property/16.jpg'. Physical path: '/Users/henrik_vik/Projects/Hobbyprosjekt_FjordNest/FjordNestPro/wwwroot/images/property/16.jpg'
2023-11-03 14:33:17.815 +01:00 [INF] Request finished HTTP/1.1 GET https://localhost:7060/images/property/13.jpg - - - 200 104441 image/jpeg 146.1631ms
2023-11-03 14:33:17.836 +01:00 [INF] Sending file. Request path: '/images/property/18.jpg'. Physical path: '/Users/henrik_vik/Projects/Hobbyprosjekt_FjordNest/FjordNestPro/wwwroot/images/property/18.jpg'
2023-11-03 14:33:17.836 +01:00 [INF] Request starting HTTP/1.1 GET https://localhost:7060/images/property/20.jpg - -
2023-11-03 14:33:17.837 +01:00 [INF] Request finished HTTP/1.1 GET https://localhost:7060/images/property/18.jpg - - - 200 21272 image/jpeg 91.1308ms
2023-11-03 14:33:17.816 +01:00 [INF] Request finished HTTP/1.1 GET https://localhost:7060/images/property/16.jpg - - - 200 24679 image/jpeg 95.0536ms
2023-11-03 14:33:17.872 +01:00 [INF] Request starting HTTP/1.1 GET https://localhost:7060/images/property/23.jpg - -
2023-11-03 14:33:17.872 +01:00 [INF] Request starting HTTP/1.1 GET https://localhost:7060/images/property/22.jpg - -
2023-11-03 14:33:17.872 +01:00 [INF] Sending file. Request path: '/images/property/19.jpg'. Physical path: '/Users/henrik_vik/Projects/Hobbyprosjekt_FjordNest/FjordNestPro/wwwroot/images/property/19.jpg'
2023-11-03 14:33:17.872 +01:00 [INF] Request finished HTTP/1.1 GET https://localhost:7060/images/property/19.jpg - - - 200 184552 image/jpeg 126.4196ms
2023-11-03 14:33:17.872 +01:00 [INF] Request starting HTTP/1.1 GET https://localhost:7060/images/property/21.jpg - -
2023-11-03 14:33:17.872 +01:00 [INF] Sending file. Request path: '/images/property/17.jpg'. Physical path: '/Users/henrik_vik/Projects/Hobbyprosjekt_FjordNest/FjordNestPro/wwwroot/images/property/17.jpg'
2023-11-03 14:33:17.899 +01:00 [INF] Request finished HTTP/1.1 GET https://localhost:7060/images/property/17.jpg - - - 200 191507 image/jpeg 149.8635ms
2023-11-03 14:33:17.904 +01:00 [INF] Request starting HTTP/1.1 GET https://localhost:7060/images/property/24.jpg - -
2023-11-03 14:33:17.904 +01:00 [INF] Request starting HTTP/1.1 GET https://localhost:7060/images/property/25.jpg - -
2023-11-03 14:33:17.908 +01:00 [INF] Sending file. Request path: '/images/property/20.jpg'. Physical path: '/Users/henrik_vik/Projects/Hobbyprosjekt_FjordNest/FjordNestPro/wwwroot/images/property/20.jpg'
2023-11-03 14:33:17.908 +01:00 [INF] Sending file. Request path: '/images/property/23.jpg'. Physical path: '/Users/henrik_vik/Projects/Hobbyprosjekt_FjordNest/FjordNestPro/wwwroot/images/property/23.jpg'
2023-11-03 14:33:17.908 +01:00 [INF] Request finished HTTP/1.1 GET https://localhost:7060/images/property/20.jpg - - - 200 23107 image/jpeg 71.9215ms
2023-11-03 14:33:17.909 +01:00 [INF] Sending file. Request path: '/images/property/22.jpg'. Physical path: '/Users/henrik_vik/Projects/Hobbyprosjekt_FjordNest/FjordNestPro/wwwroot/images/property/22.jpg'
2023-11-03 14:33:17.909 +01:00 [INF] Request finished HTTP/1.1 GET https://localhost:7060/images/property/23.jpg - - - 200 53635 image/jpeg 36.8573ms
2023-11-03 14:33:17.918 +01:00 [INF] Request finished HTTP/1.1 GET https://localhost:7060/images/property/22.jpg - - - 200 30001 image/jpeg 46.2948ms
2023-11-03 14:33:17.964 +01:00 [INF] Sending file. Request path: '/images/property/24.jpg'. Physical path: '/Users/henrik_vik/Projects/Hobbyprosjekt_FjordNest/FjordNestPro/wwwroot/images/property/24.jpg'
2023-11-03 14:33:17.964 +01:00 [INF] Sending file. Request path: '/images/property/21.jpg'. Physical path: '/Users/henrik_vik/Projects/Hobbyprosjekt_FjordNest/FjordNestPro/wwwroot/images/property/21.jpg'
2023-11-03 14:33:17.986 +01:00 [INF] Request finished HTTP/1.1 GET https://localhost:7060/images/property/24.jpg - - - 200 52351 image/jpeg 81.6869ms
2023-11-03 14:33:17.986 +01:00 [INF] Request finished HTTP/1.1 GET https://localhost:7060/images/property/21.jpg - - - 200 115613 image/jpeg 113.4702ms
2023-11-03 14:33:17.995 +01:00 [INF] Sending file. Request path: '/images/property/25.jpg'. Physical path: '/Users/henrik_vik/Projects/Hobbyprosjekt_FjordNest/FjordNestPro/wwwroot/images/property/25.jpg'
2023-11-03 14:33:17.996 +01:00 [INF] Request finished HTTP/1.1 GET https://localhost:7060/images/property/25.jpg - - - 200 64848 image/jpeg 91.8859ms
2023-11-03 14:33:18.975 +01:00 [INF] Request starting HTTP/1.1 GET https://localhost:7060/Property/Details/2 - -
2023-11-03 14:33:18.977 +01:00 [INF] Identity.Application was not authenticated. Failure message: Unprotect ticket failed
2023-11-03 14:33:18.977 +01:00 [INF] Executing endpoint 'FjordNestPro.Controllers.PropertyController.Details (FjordNestPro)'
2023-11-03 14:33:18.982 +01:00 [INF] Route matched with {action = "Details", controller = "Property", area = "", page = ""}. Executing controller action with signature System.Threading.Tasks.Task`1[Microsoft.AspNetCore.Mvc.IActionResult] Details(Int32) on controller FjordNestPro.Controllers.PropertyController (FjordNestPro).
2023-11-03 14:33:18.990 +01:00 [INF] Fetching property details for property with ID: 2.
2023-11-03 14:33:19.144 +01:00 [INF] Executing ViewResult, running view Details.
2023-11-03 14:33:19.151 +01:00 [INF] Executed ViewResult - view Details executed in 7.9031ms.
2023-11-03 14:33:19.152 +01:00 [INF] Executed action FjordNestPro.Controllers.PropertyController.Details (FjordNestPro) in 169.6543ms
2023-11-03 14:33:19.152 +01:00 [INF] Executed endpoint 'FjordNestPro.Controllers.PropertyController.Details (FjordNestPro)'
2023-11-03 14:33:19.152 +01:00 [INF] Request finished HTTP/1.1 GET https://localhost:7060/Property/Details/2 - - - 200 - text/html;+charset=utf-8 177.1810ms
2023-11-03 14:33:19.180 +01:00 [INF] Request starting HTTP/1.1 GET https://localhost:7060/lib/bootstrap/js/bootstrap.js - -
2023-11-03 14:33:19.181 +01:00 [INF] Identity.Application was not authenticated. Failure message: Unprotect ticket failed
2023-11-03 14:33:19.181 +01:00 [INF] Request finished HTTP/1.1 GET https://localhost:7060/lib/bootstrap/js/bootstrap.js - - - 404 0 - 1.1051ms
2023-11-03 14:33:19.188 +01:00 [INF] Request starting HTTP/1.1 GET https://localhost:7060/lib/jquery/jquery.js - -
2023-11-03 14:33:19.189 +01:00 [INF] Request starting HTTP/1.1 GET https://localhost:7060/lib/jquery-validate/jquery.validate.js - -
2023-11-03 14:33:19.189 +01:00 [INF] Request starting HTTP/1.1 GET https://localhost:7060/Property/Details/wwwroot/js/site.js - -
2023-11-03 14:33:19.189 +01:00 [INF] Identity.Application was not authenticated. Failure message: Unprotect ticket failed
2023-11-03 14:33:19.189 +01:00 [INF] Identity.Application was not authenticated. Failure message: Unprotect ticket failed
2023-11-03 14:33:19.190 +01:00 [INF] Request finished HTTP/1.1 GET https://localhost:7060/lib/jquery-validate/jquery.validate.js - - - 404 0 - 0.8488ms
2023-11-03 14:33:19.190 +01:00 [INF] Request finished HTTP/1.1 GET https://localhost:7060/lib/jquery/jquery.js - - - 404 0 - 1.2591ms
2023-11-03 14:33:19.212 +01:00 [INF] Identity.Application was not authenticated. Failure message: Unprotect ticket failed
2023-11-03 14:33:19.212 +01:00 [INF] Request finished HTTP/1.1 GET https://localhost:7060/Property/Details/wwwroot/js/site.js - - - 404 0 - 22.9405ms
2023-11-03 14:33:20.651 +01:00 [INF] Request starting HTTP/1.1 GET https://localhost:7060/Booking/Create - -
2023-11-03 14:33:20.652 +01:00 [INF] Identity.Application was not authenticated. Failure message: Unprotect ticket failed
2023-11-03 14:33:20.654 +01:00 [INF] Authorization failed. These requirements were not met:
DenyAnonymousAuthorizationRequirement: Requires an authenticated user.
2023-11-03 14:33:20.655 +01:00 [INF] AuthenticationScheme: Identity.Application was challenged.
2023-11-03 14:33:20.655 +01:00 [INF] Request finished HTTP/1.1 GET https://localhost:7060/Booking/Create - - - 302 0 - 4.2683ms
2023-11-03 14:33:20.660 +01:00 [INF] Request starting HTTP/1.1 GET https://localhost:7060/Identity/Account/Login?ReturnUrl=%2FBooking%2FCreate - -
2023-11-03 14:33:20.666 +01:00 [INF] Identity.Application was not authenticated. Failure message: Unprotect ticket failed
2023-11-03 14:33:20.666 +01:00 [INF] Executing endpoint '/Account/Login'
2023-11-03 14:33:20.666 +01:00 [INF] Route matched with {page = "/Account/Login", area = "Identity", action = "", controller = ""}. Executing page /Account/Login
2023-11-03 14:33:20.669 +01:00 [INF] Executing handler method FjordNestPro.Areas.Identity.Pages.Account.LoginModel.OnGetAsync - ModelState is "Valid"
2023-11-03 14:33:20.670 +01:00 [INF] AuthenticationScheme: Identity.External signed out.
2023-11-03 14:33:20.670 +01:00 [INF] Executed handler method OnGetAsync, returned result .
2023-11-03 14:33:20.670 +01:00 [INF] Executing an implicit handler method - ModelState is "Valid"
2023-11-03 14:33:20.670 +01:00 [INF] Executed an implicit handler method, returned result Microsoft.AspNetCore.Mvc.RazorPages.PageResult.
2023-11-03 14:33:20.677 +01:00 [INF] Executed page /Account/Login in 10.3185ms
2023-11-03 14:33:20.677 +01:00 [INF] Executed endpoint '/Account/Login'
2023-11-03 14:33:20.677 +01:00 [INF] Request finished HTTP/1.1 GET https://localhost:7060/Identity/Account/Login?ReturnUrl=%2FBooking%2FCreate - - - 200 - text/html;+charset=utf-8 17.0281ms
2023-11-03 14:33:20.700 +01:00 [INF] Request starting HTTP/1.1 GET https://localhost:7060/lib/bootstrap/js/bootstrap.js - -
2023-11-03 14:33:20.701 +01:00 [INF] Identity.Application was not authenticated. Failure message: Unprotect ticket failed
2023-11-03 14:33:20.701 +01:00 [INF] Request finished HTTP/1.1 GET https://localhost:7060/lib/bootstrap/js/bootstrap.js - - - 404 0 - 0.6488ms
2023-11-03 14:33:20.706 +01:00 [INF] Request starting HTTP/1.1 GET https://localhost:7060/lib/jquery-validate/jquery.validate.js - -
2023-11-03 14:33:20.706 +01:00 [INF] Request starting HTTP/1.1 GET https://localhost:7060/lib/jquery/jquery.js - -
2023-11-03 14:33:20.706 +01:00 [INF] Identity.Application was not authenticated. Failure message: Unprotect ticket failed
2023-11-03 14:33:20.706 +01:00 [INF] Identity.Application was not authenticated. Failure message: Unprotect ticket failed
2023-11-03 14:33:20.706 +01:00 [INF] Request finished HTTP/1.1 GET https://localhost:7060/lib/jquery-validate/jquery.validate.js - - - 404 0 - 0.6511ms
2023-11-03 14:33:20.706 +01:00 [INF] Request finished HTTP/1.1 GET https://localhost:7060/lib/jquery/jquery.js - - - 404 0 - 0.7379ms
2023-11-03 14:33:39.982 +01:00 [INF] Request starting HTTP/1.1 GET https://localhost:7060/ - -
2023-11-03 14:33:39.983 +01:00 [INF] Identity.Application was not authenticated. Failure message: Unprotect ticket failed
2023-11-03 14:33:39.984 +01:00 [INF] Executing endpoint 'FjordNestPro.Controllers.HomeController.Index (FjordNestPro)'
2023-11-03 14:33:39.984 +01:00 [INF] Route matched with {action = "Index", controller = "Home", area = "", page = ""}. Executing controller action with signature System.Threading.Tasks.Task`1[Microsoft.AspNetCore.Mvc.IActionResult] Index() on controller FjordNestPro.Controllers.HomeController (FjordNestPro).
2023-11-03 14:33:39.985 +01:00 [INF] Executing ViewResult, running view Index.
2023-11-03 14:33:39.986 +01:00 [INF] Executed ViewResult - view Index executed in 1.5249ms.
2023-11-03 14:33:39.986 +01:00 [INF] Executed action FjordNestPro.Controllers.HomeController.Index (FjordNestPro) in 2.3984ms
2023-11-03 14:33:39.986 +01:00 [INF] Executed endpoint 'FjordNestPro.Controllers.HomeController.Index (FjordNestPro)'
2023-11-03 14:33:39.987 +01:00 [INF] Request finished HTTP/1.1 GET https://localhost:7060/ - - - 200 - text/html;+charset=utf-8 4.3856ms
2023-11-03 14:33:40.020 +01:00 [INF] Request starting HTTP/1.1 GET https://localhost:7060/lib/bootstrap/js/bootstrap.js - -
2023-11-03 14:33:40.020 +01:00 [INF] Request starting HTTP/1.1 GET https://localhost:7060/lib/jquery/jquery.js - -
2023-11-03 14:33:40.021 +01:00 [INF] Request starting HTTP/1.1 GET https://localhost:7060/lib/jquery-validate/jquery.validate.js - -
2023-11-03 14:33:40.021 +01:00 [INF] Identity.Application was not authenticated. Failure message: Unprotect ticket failed
2023-11-03 14:33:40.021 +01:00 [INF] Identity.Application was not authenticated. Failure message: Unprotect ticket failed
2023-11-03 14:33:40.021 +01:00 [INF] Request finished HTTP/1.1 GET https://localhost:7060/lib/jquery/jquery.js - - - 404 0 - 1.0043ms
2023-11-03 14:33:40.021 +01:00 [INF] Request finished HTTP/1.1 GET https://localhost:7060/lib/bootstrap/js/bootstrap.js - - - 404 0 - 1.2564ms
2023-11-03 14:33:40.030 +01:00 [INF] Identity.Application was not authenticated. Failure message: Unprotect ticket failed
2023-11-03 14:33:40.031 +01:00 [INF] Request finished HTTP/1.1 GET https://localhost:7060/lib/jquery-validate/jquery.validate.js - - - 404 0 - 9.6143ms
2023-11-03 14:33:47.821 +01:00 [INF] Request starting HTTP/1.1 GET https://localhost:7060/Question/Help - -
2023-11-03 14:33:47.847 +01:00 [INF] Identity.Application was not authenticated. Failure message: Unprotect ticket failed
2023-11-03 14:33:47.847 +01:00 [INF] Executing endpoint 'FjordNestPro.Controllers.QuestionController.Help (FjordNestPro)'
2023-11-03 14:33:47.850 +01:00 [INF] Route matched with {action = "Help", controller = "Question", area = "", page = ""}. Executing controller action with signature Microsoft.AspNetCore.Mvc.IActionResult Help() on controller FjordNestPro.Controllers.QuestionController (FjordNestPro).
2023-11-03 14:33:47.854 +01:00 [INF] Executing ViewResult, running view Help.
2023-11-03 14:33:47.865 +01:00 [INF] Executed ViewResult - view Help executed in 13.3995ms.
2023-11-03 14:33:47.865 +01:00 [INF] Executed action FjordNestPro.Controllers.QuestionController.Help (FjordNestPro) in 15.0212ms
2023-11-03 14:33:47.865 +01:00 [INF] Executed endpoint 'FjordNestPro.Controllers.QuestionController.Help (FjordNestPro)'
2023-11-03 14:33:47.865 +01:00 [INF] Request finished HTTP/1.1 GET https://localhost:7060/Question/Help - - - 200 - text/html;+charset=utf-8 43.9954ms
2023-11-03 14:33:47.892 +01:00 [INF] Request starting HTTP/1.1 GET https://localhost:7060/lib/bootstrap/js/bootstrap.js - -
2023-11-03 14:33:47.893 +01:00 [INF] Identity.Application was not authenticated. Failure message: Unprotect ticket failed
2023-11-03 14:33:47.893 +01:00 [INF] Request finished HTTP/1.1 GET https://localhost:7060/lib/bootstrap/js/bootstrap.js - - - 404 0 - 0.8624ms
2023-11-03 14:33:47.897 +01:00 [INF] Request starting HTTP/1.1 GET https://localhost:7060/lib/jquery/jquery.js - -
2023-11-03 14:33:47.897 +01:00 [INF] Request starting HTTP/1.1 GET https://localhost:7060/lib/jquery-validate/jquery.validate.js - -
2023-11-03 14:33:47.898 +01:00 [INF] Identity.Application was not authenticated. Failure message: Unprotect ticket failed
2023-11-03 14:33:47.898 +01:00 [INF] Identity.Application was not authenticated. Failure message: Unprotect ticket failed
2023-11-03 14:33:47.898 +01:00 [INF] Request finished HTTP/1.1 GET https://localhost:7060/lib/jquery/jquery.js - - - 404 0 - 0.6998ms
2023-11-03 14:33:47.898 +01:00 [INF] Request finished HTTP/1.1 GET https://localhost:7060/lib/jquery-validate/jquery.validate.js - - - 404 0 - 0.6763ms
2023-11-03 14:33:50.286 +01:00 [INF] Request starting HTTP/1.1 GET https://localhost:7060/Question/Create - -
2023-11-03 14:33:50.288 +01:00 [INF] Identity.Application was not authenticated. Failure message: Unprotect ticket failed
2023-11-03 14:33:50.289 +01:00 [INF] Executing endpoint 'FjordNestPro.Controllers.QuestionController.Create (FjordNestPro)'
2023-11-03 14:33:50.290 +01:00 [INF] Route matched with {action = "Create", controller = "Question", area = "", page = ""}. Executing controller action with signature Microsoft.AspNetCore.Mvc.IActionResult Create() on controller FjordNestPro.Controllers.QuestionController (FjordNestPro).
2023-11-03 14:33:50.292 +01:00 [INF] Executing ViewResult, running view Create.
2023-11-03 14:33:50.336 +01:00 [INF] Executed ViewResult - view Create executed in 44.8354ms.
2023-11-03 14:33:50.336 +01:00 [INF] Executed action FjordNestPro.Controllers.QuestionController.Create (FjordNestPro) in 45.8686ms
2023-11-03 14:33:50.336 +01:00 [INF] Executed endpoint 'FjordNestPro.Controllers.QuestionController.Create (FjordNestPro)'
2023-11-03 14:33:50.336 +01:00 [INF] Request finished HTTP/1.1 GET https://localhost:7060/Question/Create - - - 200 - text/html;+charset=utf-8 49.6678ms
2023-11-03 14:33:50.366 +01:00 [INF] Request starting HTTP/1.1 GET https://localhost:7060/lib/bootstrap/js/bootstrap.js - -
2023-11-03 14:33:50.367 +01:00 [INF] Identity.Application was not authenticated. Failure message: Unprotect ticket failed
2023-11-03 14:33:50.367 +01:00 [INF] Request finished HTTP/1.1 GET https://localhost:7060/lib/bootstrap/js/bootstrap.js - - - 404 0 - 0.7984ms
2023-11-03 14:33:50.371 +01:00 [INF] Request starting HTTP/1.1 GET https://localhost:7060/lib/jquery/jquery.js - -
2023-11-03 14:33:50.371 +01:00 [INF] Request starting HTTP/1.1 GET https://localhost:7060/lib/jquery-validate/jquery.validate.js - -
2023-11-03 14:33:50.371 +01:00 [INF] Request starting HTTP/1.1 GET https://localhost:7060/lib/jquery-validation/dist/jquery.validate.min.js - -
2023-11-03 14:33:50.371 +01:00 [INF] Request starting HTTP/1.1 GET https://localhost:7060/lib/jquery-validation-unobtrusive/jquery.validate.unobtrusive.min.js - -
2023-11-03 14:33:50.371 +01:00 [INF] Identity.Application was not authenticated. Failure message: Unprotect ticket failed
2023-11-03 14:33:50.372 +01:00 [INF] Identity.Application was not authenticated. Failure message: Unprotect ticket failed
2023-11-03 14:33:50.372 +01:00 [INF] Request finished HTTP/1.1 GET https://localhost:7060/lib/jquery-validate/jquery.validate.js - - - 404 0 - 0.8941ms
2023-11-03 14:33:50.372 +01:00 [INF] Request finished HTTP/1.1 GET https://localhost:7060/lib/jquery/jquery.js - - - 404 0 - 0.9368ms
2023-11-03 14:33:50.589 +01:00 [INF] Sending file. Request path: '/lib/jquery-validation-unobtrusive/jquery.validate.unobtrusive.min.js'. Physical path: '/Users/henrik_vik/Projects/Hobbyprosjekt_FjordNest/FjordNestPro/wwwroot/lib/jquery-validation-unobtrusive/jquery.validate.unobtrusive.min.js'
2023-11-03 14:33:50.590 +01:00 [INF] Request finished HTTP/1.1 GET https://localhost:7060/lib/jquery-validation-unobtrusive/jquery.validate.unobtrusive.min.js - - - 200 5824 text/javascript 218.2356ms
2023-11-03 14:33:50.667 +01:00 [INF] Sending file. Request path: '/lib/jquery-validation/dist/jquery.validate.min.js'. Physical path: '/Users/henrik_vik/Projects/Hobbyprosjekt_FjordNest/FjordNestPro/wwwroot/lib/jquery-validation/dist/jquery.validate.min.js'
2023-11-03 14:33:50.667 +01:00 [INF] Request finished HTTP/1.1 GET https://localhost:7060/lib/jquery-validation/dist/jquery.validate.min.js - - - 200 23261 text/javascript 296.0620ms
2023-11-03 14:33:52.991 +01:00 [INF] Request starting HTTP/1.1 GET https://localhost:7060/Question/QuestionList - -
2023-11-03 14:33:52.991 +01:00 [INF] Identity.Application was not authenticated. Failure message: Unprotect ticket failed
2023-11-03 14:33:52.992 +01:00 [INF] Executing endpoint 'FjordNestPro.Controllers.QuestionController.QuestionList (FjordNestPro)'
2023-11-03 14:33:52.996 +01:00 [INF] Route matched with {action = "QuestionList", controller = "Question", area = "", page = ""}. Executing controller action with signature System.Threading.Tasks.Task`1[Microsoft.AspNetCore.Mvc.IActionResult] QuestionList() on controller FjordNestPro.Controllers.QuestionController (FjordNestPro).
2023-11-03 14:33:53.053 +01:00 [INF] Executing ViewResult, running view QuestionList.
2023-11-03 14:33:53.084 +01:00 [INF] Executed ViewResult - view QuestionList executed in 31.9556ms.
2023-11-03 14:33:53.084 +01:00 [INF] Executed action FjordNestPro.Controllers.QuestionController.QuestionList (FjordNestPro) in 68.9481ms
2023-11-03 14:33:53.084 +01:00 [INF] Executed endpoint 'FjordNestPro.Controllers.QuestionController.QuestionList (FjordNestPro)'
2023-11-03 14:33:53.084 +01:00 [INF] Request finished HTTP/1.1 GET https://localhost:7060/Question/QuestionList - - - 200 - text/html;+charset=utf-8 93.1340ms
2023-11-03 14:33:53.113 +01:00 [INF] Request starting HTTP/1.1 GET https://localhost:7060/lib/bootstrap/js/bootstrap.js - -
2023-11-03 14:33:53.114 +01:00 [INF] Identity.Application was not authenticated. Failure message: Unprotect ticket failed
2023-11-03 14:33:53.114 +01:00 [INF] Request finished HTTP/1.1 GET https://localhost:7060/lib/bootstrap/js/bootstrap.js - - - 404 0 - 0.7775ms
2023-11-03 14:33:53.117 +01:00 [INF] Request starting HTTP/1.1 GET https://localhost:7060/lib/jquery-validate/jquery.validate.js - -
2023-11-03 14:33:53.117 +01:00 [INF] Request starting HTTP/1.1 GET https://localhost:7060/lib/jquery/jquery.js - -
2023-11-03 14:33:53.117 +01:00 [INF] Identity.Application was not authenticated. Failure message: Unprotect ticket failed
2023-11-03 14:33:53.117 +01:00 [INF] Identity.Application was not authenticated. Failure message: Unprotect ticket failed
2023-11-03 14:33:53.117 +01:00 [INF] Request finished HTTP/1.1 GET https://localhost:7060/lib/jquery/jquery.js - - - 404 0 - 0.5816ms
2023-11-03 14:33:53.117 +01:00 [INF] Request finished HTTP/1.1 GET https://localhost:7060/lib/jquery-validate/jquery.validate.js - - - 404 0 - 0.5902ms
