2023-11-03 14:35:46.898 +01:00 [INF] User profile is available. Using '/Users/henrik_vik/.aspnet/DataProtection-Keys' as key repository; keys will not be encrypted at rest.
2023-11-03 14:35:50.530 +01:00 [INF] Now listening on: https://localhost:7060
2023-11-03 14:35:50.534 +01:00 [INF] Now listening on: http://localhost:5035
2023-11-03 14:35:50.554 +01:00 [INF] Application started. Press Ctrl+C to shut down.
2023-11-03 14:35:50.557 +01:00 [INF] Hosting environment: Development
2023-11-03 14:35:50.561 +01:00 [INF] Content root path: /Users/henrik_vik/Projects/Hobbyprosjekt_FjordNest/FjordNestPro
2023-11-03 14:35:51.943 +01:00 [INF] Request starting HTTP/1.1 GET https://localhost:7060/ - -
2023-11-03 14:35:52.034 +01:00 [INF] Identity.Application was not authenticated. Failure message: Unprotect ticket failed
2023-11-03 14:35:52.039 +01:00 [INF] Executing endpoint 'FjordNestPro.Controllers.HomeController.Index (FjordNestPro)'
2023-11-03 14:35:52.056 +01:00 [INF] Route matched with {action = "Index", controller = "Home", area = "", page = ""}. Executing controller action with signature System.Threading.Tasks.Task`1[Microsoft.AspNetCore.Mvc.IActionResult] Index() on controller FjordNestPro.Controllers.HomeController (FjordNestPro).
2023-11-03 14:35:52.076 +01:00 [INF] Executing ViewResult, running view Index.
2023-11-03 14:35:52.273 +01:00 [INF] Executed ViewResult - view Index executed in 200.3512ms.
2023-11-03 14:35:52.277 +01:00 [INF] Executed action FjordNestPro.Controllers.HomeController.Index (FjordNestPro) in 219.8904ms
2023-11-03 14:35:52.277 +01:00 [INF] Executed endpoint 'FjordNestPro.Controllers.HomeController.Index (FjordNestPro)'
2023-11-03 14:35:52.285 +01:00 [INF] Request finished HTTP/1.1 GET https://localhost:7060/ - - - 200 - text/html;+charset=utf-8 345.3316ms
2023-11-03 14:35:52.302 +01:00 [INF] Request starting HTTP/1.1 GET https://localhost:7060/lib/jquery/jquery.js - -
2023-11-03 14:35:52.305 +01:00 [INF] Request starting HTTP/1.1 GET https://localhost:7060/lib/bootstrap/js/bootstrap.js - -
2023-11-03 14:35:52.310 +01:00 [INF] Identity.Application was not authenticated. Failure message: Unprotect ticket failed
2023-11-03 14:35:52.311 +01:00 [INF] Identity.Application was not authenticated. Failure message: Unprotect ticket failed
2023-11-03 14:35:52.312 +01:00 [INF] Request finished HTTP/1.1 GET https://localhost:7060/lib/jquery/jquery.js - - - 404 0 - 9.0038ms
2023-11-03 14:35:52.312 +01:00 [INF] Request finished HTTP/1.1 GET https://localhost:7060/lib/bootstrap/js/bootstrap.js - - - 404 0 - 6.5424ms
2023-11-03 14:35:52.380 +01:00 [INF] Request starting HTTP/1.1 GET https://localhost:7060/lib/jquery-validate/jquery.validate.js - -
2023-11-03 14:35:52.418 +01:00 [INF] Identity.Application was not authenticated. Failure message: Unprotect ticket failed
2023-11-03 14:35:52.418 +01:00 [INF] Request finished HTTP/1.1 GET https://localhost:7060/lib/jquery-validate/jquery.validate.js - - - 404 0 - 38.3610ms
2023-11-03 14:35:54.682 +01:00 [INF] Request starting HTTP/1.1 GET https://localhost:7060/Question/Help - -
2023-11-03 14:35:54.685 +01:00 [INF] Identity.Application was not authenticated. Failure message: Unprotect ticket failed
2023-11-03 14:35:54.686 +01:00 [INF] Executing endpoint 'FjordNestPro.Controllers.QuestionController.Help (FjordNestPro)'
2023-11-03 14:35:54.688 +01:00 [INF] Route matched with {action = "Help", controller = "Question", area = "", page = ""}. Executing controller action with signature Microsoft.AspNetCore.Mvc.IActionResult Help() on controller FjordNestPro.Controllers.QuestionController (FjordNestPro).
2023-11-03 14:35:54.691 +01:00 [INF] Executing ViewResult, running view Help.
2023-11-03 14:35:54.713 +01:00 [INF] Executed ViewResult - view Help executed in 23.2998ms.
2023-11-03 14:35:54.714 +01:00 [INF] Executed action FjordNestPro.Controllers.QuestionController.Help (FjordNestPro) in 25.0481ms
2023-11-03 14:35:54.714 +01:00 [INF] Executed endpoint 'FjordNestPro.Controllers.QuestionController.Help (FjordNestPro)'
2023-11-03 14:35:54.714 +01:00 [INF] Request finished HTTP/1.1 GET https://localhost:7060/Question/Help - - - 200 - text/html;+charset=utf-8 31.8134ms
2023-11-03 14:35:54.746 +01:00 [INF] Request starting HTTP/1.1 GET https://localhost:7060/lib/bootstrap/js/bootstrap.js - -
2023-11-03 14:35:54.746 +01:00 [INF] Identity.Application was not authenticated. Failure message: Unprotect ticket failed
2023-11-03 14:35:54.747 +01:00 [INF] Request finished HTTP/1.1 GET https://localhost:7060/lib/bootstrap/js/bootstrap.js - - - 404 0 - 0.9245ms
2023-11-03 14:35:54.749 +01:00 [INF] Request starting HTTP/1.1 GET https://localhost:7060/lib/jquery/jquery.js - -
2023-11-03 14:35:54.749 +01:00 [INF] Request starting HTTP/1.1 GET https://localhost:7060/lib/jquery-validate/jquery.validate.js - -
2023-11-03 14:35:54.750 +01:00 [INF] Identity.Application was not authenticated. Failure message: Unprotect ticket failed
2023-11-03 14:35:54.750 +01:00 [INF] Identity.Application was not authenticated. Failure message: Unprotect ticket failed
2023-11-03 14:35:54.750 +01:00 [INF] Request finished HTTP/1.1 GET https://localhost:7060/lib/jquery-validate/jquery.validate.js - - - 404 0 - 0.7287ms
2023-11-03 14:35:54.750 +01:00 [INF] Request finished HTTP/1.1 GET https://localhost:7060/lib/jquery/jquery.js - - - 404 0 - 0.8005ms
2023-11-03 14:35:57.172 +01:00 [INF] Request starting HTTP/1.1 GET https://localhost:7060/Question/QuestionList - -
2023-11-03 14:35:57.174 +01:00 [INF] Identity.Application was not authenticated. Failure message: Unprotect ticket failed
2023-11-03 14:35:57.174 +01:00 [INF] Executing endpoint 'FjordNestPro.Controllers.QuestionController.QuestionList (FjordNestPro)'
2023-11-03 14:35:57.178 +01:00 [INF] Route matched with {action = "QuestionList", controller = "Question", area = "", page = ""}. Executing controller action with signature System.Threading.Tasks.Task`1[Microsoft.AspNetCore.Mvc.IActionResult] QuestionList() on controller FjordNestPro.Controllers.QuestionController (FjordNestPro).
2023-11-03 14:35:57.233 +01:00 [INF] Executing ViewResult, running view QuestionList.
2023-11-03 14:35:57.289 +01:00 [INF] Executed ViewResult - view QuestionList executed in 56.3644ms.
2023-11-03 14:35:57.289 +01:00 [INF] Executed action FjordNestPro.Controllers.QuestionController.QuestionList (FjordNestPro) in 110.6365ms
2023-11-03 14:35:57.289 +01:00 [INF] Executed endpoint 'FjordNestPro.Controllers.QuestionController.QuestionList (FjordNestPro)'
2023-11-03 14:35:57.293 +01:00 [INF] Request finished HTTP/1.1 GET https://localhost:7060/Question/QuestionList - - - 200 - text/html;+charset=utf-8 121.5833ms
2023-11-03 14:35:57.315 +01:00 [INF] Request starting HTTP/1.1 GET https://localhost:7060/lib/bootstrap/js/bootstrap.js - -
2023-11-03 14:35:57.316 +01:00 [INF] Identity.Application was not authenticated. Failure message: Unprotect ticket failed
2023-11-03 14:35:57.316 +01:00 [INF] Request finished HTTP/1.1 GET https://localhost:7060/lib/bootstrap/js/bootstrap.js - - - 404 0 - 0.7869ms
2023-11-03 14:35:57.319 +01:00 [INF] Request starting HTTP/1.1 GET https://localhost:7060/lib/jquery/jquery.js - -
2023-11-03 14:35:57.319 +01:00 [INF] Request starting HTTP/1.1 GET https://localhost:7060/lib/jquery-validate/jquery.validate.js - -
2023-11-03 14:35:57.320 +01:00 [INF] Identity.Application was not authenticated. Failure message: Unprotect ticket failed
2023-11-03 14:35:57.320 +01:00 [INF] Identity.Application was not authenticated. Failure message: Unprotect ticket failed
2023-11-03 14:35:57.320 +01:00 [INF] Request finished HTTP/1.1 GET https://localhost:7060/lib/jquery-validate/jquery.validate.js - - - 404 0 - 0.7225ms
2023-11-03 14:35:57.320 +01:00 [INF] Request finished HTTP/1.1 GET https://localhost:7060/lib/jquery/jquery.js - - - 404 0 - 0.9149ms
