2023-10-31 11:24:58.391 +01:00 [INF] User profile is available. Using 'C:\Users\alepa\AppData\Local\ASP.NET\DataProtection-Keys' as key repository and Windows DPAPI to encrypt keys at rest.
2023-10-31 11:25:00.696 +01:00 [INF] Now listening on: https://localhost:7060
2023-10-31 11:25:00.698 +01:00 [INF] Now listening on: http://localhost:5035
2023-10-31 11:25:00.702 +01:00 [INF] Application started. Press Ctrl+C to shut down.
2023-10-31 11:25:00.704 +01:00 [INF] Hosting environment: Development
2023-10-31 11:25:00.705 +01:00 [INF] Content root path: D:\Skole\VSCode\Fjord\FjordNestPro
2023-10-31 11:25:12.722 +01:00 [INF] Request starting HTTP/2 GET https://localhost:7060/ - -
2023-10-31 11:25:12.829 +01:00 [INF] Executing endpoint 'FjordNestPro.Controllers.HomeController.Index (FjordNestPro)'
2023-10-31 11:25:12.845 +01:00 [INF] Route matched with {action = "Index", controller = "Home", area = "", page = ""}. Executing controller action with signature System.Threading.Tasks.Task`1[Microsoft.AspNetCore.Mvc.IActionResult] Index() on controller FjordNestPro.Controllers.HomeController (FjordNestPro).
2023-10-31 11:25:12.931 +01:00 [INF] Executing action method FjordNestPro.Controllers.HomeController.Index (FjordNestPro) - Validation state: "Valid"
2023-10-31 11:25:12.938 +01:00 [INF] Executed action method FjordNestPro.Controllers.HomeController.Index (FjordNestPro), returned result Microsoft.AspNetCore.Mvc.ViewResult in 3.1182ms.
2023-10-31 11:25:12.947 +01:00 [INF] Executing ViewResult, running view Index.
2023-10-31 11:25:13.194 +01:00 [INF] Executed ViewResult - view Index executed in 248.6663ms.
2023-10-31 11:25:13.200 +01:00 [INF] Executed action FjordNestPro.Controllers.HomeController.Index (FjordNestPro) in 353.5162ms
2023-10-31 11:25:13.200 +01:00 [INF] Executed endpoint 'FjordNestPro.Controllers.HomeController.Index (FjordNestPro)'
2023-10-31 11:25:13.234 +01:00 [INF] Request finished HTTP/2 GET https://localhost:7060/ - - - 200 - text/html;+charset=utf-8 515.1512ms
2023-10-31 11:25:13.244 +01:00 [INF] Request starting HTTP/2 GET https://localhost:7060/lib/jquery/jquery.js - -
2023-10-31 11:25:13.244 +01:00 [INF] Request starting HTTP/2 GET https://localhost:7060/lib/jquery-validate/jquery.validate.js - -
2023-10-31 11:25:13.244 +01:00 [INF] Request starting HTTP/2 GET https://localhost:7060/lib/bootstrap/js/bootstrap.js - -
2023-10-31 11:25:13.249 +01:00 [INF] Request finished HTTP/2 GET https://localhost:7060/lib/jquery-validate/jquery.validate.js - - - 404 0 - 4.6803ms
2023-10-31 11:25:13.249 +01:00 [INF] Request finished HTTP/2 GET https://localhost:7060/lib/bootstrap/js/bootstrap.js - - - 404 0 - 4.9892ms
2023-10-31 11:25:13.254 +01:00 [INF] Request finished HTTP/2 GET https://localhost:7060/lib/jquery/jquery.js - - - 404 0 - 9.7850ms
2023-10-31 11:25:13.766 +01:00 [INF] Request starting HTTP/2 GET https://localhost:7060/_vs/browserLink - -
2023-10-31 11:25:13.766 +01:00 [INF] Request starting HTTP/2 GET https://localhost:7060/_framework/aspnetcore-browser-refresh.js - -
2023-10-31 11:25:13.794 +01:00 [INF] Request finished HTTP/2 GET https://localhost:7060/_framework/aspnetcore-browser-refresh.js - - - 200 12356 application/javascript;+charset=utf-8 27.6303ms
2023-10-31 11:25:13.811 +01:00 [INF] Request finished HTTP/2 GET https://localhost:7060/_vs/browserLink - - - 200 - text/javascript;+charset=UTF-8 44.9139ms
2023-10-31 11:25:21.661 +01:00 [INF] Request starting HTTP/2 GET https://localhost:7060/Property/Create - -
2023-10-31 11:25:21.669 +01:00 [INF] Authorization failed. These requirements were not met:
DenyAnonymousAuthorizationRequirement: Requires an authenticated user.
2023-10-31 11:25:21.673 +01:00 [INF] AuthenticationScheme: Identity.Application was challenged.
2023-10-31 11:25:21.673 +01:00 [INF] Request finished HTTP/2 GET https://localhost:7060/Property/Create - - - 302 0 - 11.5877ms
2023-10-31 11:25:21.678 +01:00 [INF] Request starting HTTP/2 GET https://localhost:7060/Account/Login?ReturnUrl=%2FProperty%2FCreate - -
2023-10-31 11:25:21.680 +01:00 [INF] Request finished HTTP/2 GET https://localhost:7060/Account/Login?ReturnUrl=%2FProperty%2FCreate - - - 404 0 - 1.1006ms
2023-10-31 11:25:36.069 +01:00 [INF] Request starting HTTP/2 GET https://localhost:7060/_framework/aspnetcore-browser-refresh.js - -
2023-10-31 11:25:36.072 +01:00 [INF] Request finished HTTP/2 GET https://localhost:7060/_framework/aspnetcore-browser-refresh.js - - - 200 12356 application/javascript;+charset=utf-8 3.4376ms
2023-10-31 11:25:37.297 +01:00 [INF] Request starting HTTP/2 GET https://localhost:7060/Identity/Account/Login - -
2023-10-31 11:25:37.298 +01:00 [INF] Executing endpoint '/Account/Login'
2023-10-31 11:25:37.322 +01:00 [INF] Route matched with {page = "/Account/Login", area = "Identity", action = "", controller = ""}. Executing page /Account/Login
2023-10-31 11:25:37.340 +01:00 [INF] Executing handler method FjordNestPro.Areas.Identity.Pages.Account.LoginModel.OnGetAsync - ModelState is "Valid"
2023-10-31 11:25:37.347 +01:00 [INF] AuthenticationScheme: Identity.External signed out.
2023-10-31 11:25:37.348 +01:00 [INF] Executed handler method OnGetAsync, returned result .
2023-10-31 11:25:37.353 +01:00 [INF] Executing an implicit handler method - ModelState is "Valid"
2023-10-31 11:25:37.353 +01:00 [INF] Executed an implicit handler method, returned result Microsoft.AspNetCore.Mvc.RazorPages.PageResult.
2023-10-31 11:25:37.439 +01:00 [INF] Executed page /Account/Login in 116.6561ms
2023-10-31 11:25:37.439 +01:00 [INF] Executed endpoint '/Account/Login'
2023-10-31 11:25:37.441 +01:00 [INF] Request finished HTTP/2 GET https://localhost:7060/Identity/Account/Login - - - 200 - text/html;+charset=utf-8 144.4444ms
2023-10-31 11:25:37.574 +01:00 [INF] Request starting HTTP/2 GET https://localhost:7060/lib/bootstrap/js/bootstrap.js - -
2023-10-31 11:25:37.575 +01:00 [INF] Request starting HTTP/2 GET https://localhost:7060/lib/jquery/jquery.js - -
2023-10-31 11:25:37.575 +01:00 [INF] Request finished HTTP/2 GET https://localhost:7060/lib/jquery/jquery.js - - - 404 0 - 0.6733ms
2023-10-31 11:25:37.576 +01:00 [INF] Request finished HTTP/2 GET https://localhost:7060/lib/bootstrap/js/bootstrap.js - - - 404 0 - 1.7511ms
2023-10-31 11:25:37.577 +01:00 [INF] Request starting HTTP/2 GET https://localhost:7060/lib/jquery-validate/jquery.validate.js - -
2023-10-31 11:25:37.578 +01:00 [INF] Request finished HTTP/2 GET https://localhost:7060/lib/jquery-validate/jquery.validate.js - - - 404 0 - 0.5085ms
2023-10-31 11:25:37.749 +01:00 [INF] Request starting HTTP/2 GET https://localhost:7060/_framework/aspnetcore-browser-refresh.js - -
2023-10-31 11:25:37.749 +01:00 [INF] Request starting HTTP/2 GET https://localhost:7060/_vs/browserLink - -
2023-10-31 11:25:37.750 +01:00 [INF] Request finished HTTP/2 GET https://localhost:7060/_framework/aspnetcore-browser-refresh.js - - - 200 12356 application/javascript;+charset=utf-8 1.4515ms
2023-10-31 11:25:37.783 +01:00 [INF] Request finished HTTP/2 GET https://localhost:7060/_vs/browserLink - - - 200 - text/javascript;+charset=UTF-8 33.4911ms
2023-10-31 11:25:52.124 +01:00 [INF] Request starting HTTP/2 POST https://localhost:7060/Identity/Account/Login application/x-www-form-urlencoded 263
2023-10-31 11:25:52.129 +01:00 [INF] Executing endpoint '/Account/Login'
2023-10-31 11:25:52.130 +01:00 [INF] Route matched with {page = "/Account/Login", area = "Identity", action = "", controller = ""}. Executing page /Account/Login
2023-10-31 11:25:52.162 +01:00 [INF] Executing handler method FjordNestPro.Areas.Identity.Pages.Account.LoginModel.OnPostAsync - ModelState is "Valid"
2023-10-31 11:25:52.369 +01:00 [INF] AuthenticationScheme: Identity.Application signed in.
2023-10-31 11:25:52.371 +01:00 [INF] User logged in.
2023-10-31 11:25:52.372 +01:00 [INF] Executed handler method OnPostAsync, returned result Microsoft.AspNetCore.Mvc.LocalRedirectResult.
2023-10-31 11:25:52.373 +01:00 [INF] Executing LocalRedirectResult, redirecting to /.
2023-10-31 11:25:52.374 +01:00 [INF] Executed page /Account/Login in 243.4682ms
2023-10-31 11:25:52.374 +01:00 [INF] Executed endpoint '/Account/Login'
2023-10-31 11:25:52.376 +01:00 [INF] Request finished HTTP/2 POST https://localhost:7060/Identity/Account/Login application/x-www-form-urlencoded 263 - 302 0 - 252.6201ms
2023-10-31 11:25:52.380 +01:00 [INF] Request starting HTTP/2 GET https://localhost:7060/ - -
2023-10-31 11:25:52.385 +01:00 [INF] Executing endpoint 'FjordNestPro.Controllers.HomeController.Index (FjordNestPro)'
2023-10-31 11:25:52.385 +01:00 [INF] Route matched with {action = "Index", controller = "Home", area = "", page = ""}. Executing controller action with signature System.Threading.Tasks.Task`1[Microsoft.AspNetCore.Mvc.IActionResult] Index() on controller FjordNestPro.Controllers.HomeController (FjordNestPro).
2023-10-31 11:25:52.404 +01:00 [INF] Executing action method FjordNestPro.Controllers.HomeController.Index (FjordNestPro) - Validation state: "Valid"
2023-10-31 11:25:52.480 +01:00 [INF] Executed action method FjordNestPro.Controllers.HomeController.Index (FjordNestPro), returned result Microsoft.AspNetCore.Mvc.ViewResult in 75.6655ms.
2023-10-31 11:25:52.481 +01:00 [INF] Executing ViewResult, running view Index.
2023-10-31 11:25:52.502 +01:00 [INF] Executed ViewResult - view Index executed in 21.1476ms.
2023-10-31 11:25:52.502 +01:00 [INF] Executed action FjordNestPro.Controllers.HomeController.Index (FjordNestPro) in 116.7571ms
2023-10-31 11:25:52.502 +01:00 [INF] Executed endpoint 'FjordNestPro.Controllers.HomeController.Index (FjordNestPro)'
2023-10-31 11:25:52.514 +01:00 [INF] Request finished HTTP/2 GET https://localhost:7060/ - - - 200 - text/html;+charset=utf-8 133.9021ms
2023-10-31 11:25:52.525 +01:00 [INF] Request starting HTTP/2 GET https://localhost:7060/lib/bootstrap/js/bootstrap.js - -
2023-10-31 11:25:52.526 +01:00 [INF] Request starting HTTP/2 GET https://localhost:7060/lib/jquery/jquery.js - -
2023-10-31 11:25:52.526 +01:00 [INF] Request finished HTTP/2 GET https://localhost:7060/lib/bootstrap/js/bootstrap.js - - - 404 0 - 1.2190ms
2023-10-31 11:25:52.526 +01:00 [INF] Request starting HTTP/2 GET https://localhost:7060/_framework/aspnetcore-browser-refresh.js - -
2023-10-31 11:25:52.526 +01:00 [INF] Request finished HTTP/2 GET https://localhost:7060/lib/jquery/jquery.js - - - 404 0 - 0.4604ms
2023-10-31 11:25:52.527 +01:00 [INF] Request starting HTTP/2 GET https://localhost:7060/lib/jquery-validate/jquery.validate.js - -
2023-10-31 11:25:52.528 +01:00 [INF] Request finished HTTP/2 GET https://localhost:7060/lib/jquery-validate/jquery.validate.js - - - 404 0 - 0.7735ms
2023-10-31 11:25:52.531 +01:00 [INF] Request finished HTTP/2 GET https://localhost:7060/_framework/aspnetcore-browser-refresh.js - - - 200 12356 application/javascript;+charset=utf-8 4.8274ms
2023-10-31 11:25:52.668 +01:00 [INF] Request starting HTTP/2 GET https://localhost:7060/_vs/browserLink - -
2023-10-31 11:25:52.681 +01:00 [INF] Request finished HTTP/2 GET https://localhost:7060/_vs/browserLink - - - 200 - text/javascript;+charset=UTF-8 13.0491ms
2023-10-31 11:25:54.572 +01:00 [INF] Request starting HTTP/2 GET https://localhost:7060/Property/Create - -
2023-10-31 11:25:54.578 +01:00 [INF] Executing endpoint 'FjordNestPro.Controllers.PropertyController.Create (FjordNestPro)'
2023-10-31 11:25:54.579 +01:00 [INF] Route matched with {action = "Create", controller = "Property", area = "", page = ""}. Executing controller action with signature Microsoft.AspNetCore.Mvc.IActionResult Create() on controller FjordNestPro.Controllers.PropertyController (FjordNestPro).
2023-10-31 11:25:54.598 +01:00 [INF] Executing action method FjordNestPro.Controllers.PropertyController.Create (FjordNestPro) - Validation state: "Valid"
2023-10-31 11:25:54.599 +01:00 [INF] Executed action method FjordNestPro.Controllers.PropertyController.Create (FjordNestPro), returned result Microsoft.AspNetCore.Mvc.ViewResult in 0.8876ms.
2023-10-31 11:25:54.600 +01:00 [INF] Executing ViewResult, running view Create.
2023-10-31 11:25:54.774 +01:00 [INF] Executed ViewResult - view Create executed in 174.6639ms.
2023-10-31 11:25:54.774 +01:00 [INF] Executed action FjordNestPro.Controllers.PropertyController.Create (FjordNestPro) in 195.1573ms
2023-10-31 11:25:54.774 +01:00 [INF] Executed endpoint 'FjordNestPro.Controllers.PropertyController.Create (FjordNestPro)'
2023-10-31 11:25:54.780 +01:00 [INF] Request finished HTTP/2 GET https://localhost:7060/Property/Create - - - 200 - text/html;+charset=utf-8 207.0711ms
2023-10-31 11:25:54.804 +01:00 [INF] Request starting HTTP/2 GET https://localhost:7060/lib/jquery/jquery.js - -
2023-10-31 11:25:54.804 +01:00 [INF] Request starting HTTP/2 GET https://localhost:7060/lib/jquery-validate/jquery.validate.js - -
2023-10-31 11:25:54.804 +01:00 [INF] Request finished HTTP/2 GET https://localhost:7060/lib/jquery/jquery.js - - - 404 0 - 0.7810ms
2023-10-31 11:25:54.805 +01:00 [INF] Request starting HTTP/2 GET https://localhost:7060/lib/bootstrap/js/bootstrap.js - -
2023-10-31 11:25:54.806 +01:00 [INF] Request finished HTTP/2 GET https://localhost:7060/lib/jquery-validate/jquery.validate.js - - - 404 0 - 2.2506ms
2023-10-31 11:25:54.807 +01:00 [INF] Request finished HTTP/2 GET https://localhost:7060/lib/bootstrap/js/bootstrap.js - - - 404 0 - 3.2030ms
2023-10-31 11:25:54.997 +01:00 [INF] Request starting HTTP/2 GET https://localhost:7060/_framework/aspnetcore-browser-refresh.js - -
2023-10-31 11:25:54.997 +01:00 [INF] Request starting HTTP/2 GET https://localhost:7060/_vs/browserLink - -
2023-10-31 11:25:54.998 +01:00 [INF] Request finished HTTP/2 GET https://localhost:7060/_framework/aspnetcore-browser-refresh.js - - - 200 12356 application/javascript;+charset=utf-8 1.0876ms
2023-10-31 11:25:55.010 +01:00 [INF] Request finished HTTP/2 GET https://localhost:7060/_vs/browserLink - - - 200 - text/javascript;+charset=UTF-8 13.3525ms
2023-10-31 11:25:59.844 +01:00 [INF] Request starting HTTP/2 GET https://localhost:7060/Explore - -
2023-10-31 11:25:59.845 +01:00 [INF] Executing endpoint 'FjordNestPro.Controllers.ExploreController.Index (FjordNestPro)'
2023-10-31 11:25:59.848 +01:00 [INF] Route matched with {action = "Index", controller = "Explore", area = "", page = ""}. Executing controller action with signature System.Threading.Tasks.Task`1[Microsoft.AspNetCore.Mvc.IActionResult] Index(System.String, Int32, System.Decimal) on controller FjordNestPro.Controllers.ExploreController (FjordNestPro).
2023-10-31 11:25:59.869 +01:00 [INF] Executing action method FjordNestPro.Controllers.ExploreController.Index (FjordNestPro) - Validation state: "Valid"
2023-10-31 11:25:59.934 +01:00 [INF] Executed action method FjordNestPro.Controllers.ExploreController.Index (FjordNestPro), returned result Microsoft.AspNetCore.Mvc.ViewResult in 65.7537ms.
2023-10-31 11:25:59.935 +01:00 [INF] Executing ViewResult, running view Index.
2023-10-31 11:25:59.981 +01:00 [INF] Executed ViewResult - view Index executed in 46.7529ms.
2023-10-31 11:25:59.982 +01:00 [INF] Executed action FjordNestPro.Controllers.ExploreController.Index (FjordNestPro) in 133.7328ms
2023-10-31 11:25:59.982 +01:00 [INF] Executed endpoint 'FjordNestPro.Controllers.ExploreController.Index (FjordNestPro)'
2023-10-31 11:25:59.993 +01:00 [INF] Request finished HTTP/2 GET https://localhost:7060/Explore - - - 200 - text/html;+charset=utf-8 149.8217ms
2023-10-31 11:26:00.031 +01:00 [INF] Request starting HTTP/2 GET https://localhost:7060/lib/jquery/jquery.js - -
2023-10-31 11:26:00.032 +01:00 [INF] Request finished HTTP/2 GET https://localhost:7060/lib/jquery/jquery.js - - - 404 0 - 1.0901ms
2023-10-31 11:26:00.032 +01:00 [INF] Request starting HTTP/2 GET https://localhost:7060/lib/jquery-validate/jquery.validate.js - -
2023-10-31 11:26:00.033 +01:00 [INF] Request finished HTTP/2 GET https://localhost:7060/lib/jquery-validate/jquery.validate.js - - - 404 0 - 0.6410ms
2023-10-31 11:26:00.041 +01:00 [INF] Request starting HTTP/2 GET https://localhost:7060/lib/bootstrap/js/bootstrap.js - -
2023-10-31 11:26:00.041 +01:00 [INF] Request finished HTTP/2 GET https://localhost:7060/lib/bootstrap/js/bootstrap.js - - - 404 0 - 31.8865ms
2023-10-31 11:26:00.225 +01:00 [INF] Request starting HTTP/2 GET https://localhost:7060/_framework/aspnetcore-browser-refresh.js - -
2023-10-31 11:26:00.226 +01:00 [INF] Request finished HTTP/2 GET https://localhost:7060/_framework/aspnetcore-browser-refresh.js - - - 200 12356 application/javascript;+charset=utf-8 0.9197ms
2023-10-31 11:26:00.245 +01:00 [INF] Request starting HTTP/2 GET https://localhost:7060/_vs/browserLink - -
2023-10-31 11:26:00.265 +01:00 [INF] Request finished HTTP/2 GET https://localhost:7060/_vs/browserLink - - - 200 - text/javascript;+charset=UTF-8 20.1895ms
2023-10-31 11:26:05.730 +01:00 [INF] Request starting HTTP/2 GET https://localhost:7060/Property/Details/2 - -
2023-10-31 11:26:05.732 +01:00 [INF] Executing endpoint 'FjordNestPro.Controllers.PropertyController.Details (FjordNestPro)'
2023-10-31 11:26:05.736 +01:00 [INF] Route matched with {action = "Details", controller = "Property", area = "", page = ""}. Executing controller action with signature System.Threading.Tasks.Task`1[Microsoft.AspNetCore.Mvc.IActionResult] Details(Int32) on controller FjordNestPro.Controllers.PropertyController (FjordNestPro).
2023-10-31 11:26:05.757 +01:00 [INF] Executing action method FjordNestPro.Controllers.PropertyController.Details (FjordNestPro) - Validation state: "Valid"
2023-10-31 11:26:05.764 +01:00 [INF] Fetching property details for property with ID: 2.
2023-10-31 11:26:05.859 +01:00 [INF] Executed action method FjordNestPro.Controllers.PropertyController.Details (FjordNestPro), returned result Microsoft.AspNetCore.Mvc.ViewResult in 101.8114ms.
2023-10-31 11:26:05.860 +01:00 [INF] Executing ViewResult, running view Details.
2023-10-31 11:26:05.870 +01:00 [INF] Executed ViewResult - view Details executed in 11.0997ms.
2023-10-31 11:26:05.871 +01:00 [INF] Executed action FjordNestPro.Controllers.PropertyController.Details (FjordNestPro) in 135.1645ms
2023-10-31 11:26:05.871 +01:00 [INF] Executed endpoint 'FjordNestPro.Controllers.PropertyController.Details (FjordNestPro)'
2023-10-31 11:26:05.875 +01:00 [INF] Request finished HTTP/2 GET https://localhost:7060/Property/Details/2 - - - 200 - text/html;+charset=utf-8 144.2586ms
2023-10-31 11:26:05.907 +01:00 [INF] Request starting HTTP/2 GET https://localhost:7060/lib/jquery/jquery.js - -
2023-10-31 11:26:05.908 +01:00 [INF] Request starting HTTP/2 GET https://localhost:7060/lib/jquery-validate/jquery.validate.js - -
2023-10-31 11:26:05.908 +01:00 [INF] Request finished HTTP/2 GET https://localhost:7060/lib/jquery/jquery.js - - - 404 0 - 0.9582ms
2023-10-31 11:26:05.908 +01:00 [INF] Request starting HTTP/2 GET https://localhost:7060/Property/Details/wwwroot/js/site.js - -
2023-10-31 11:26:05.909 +01:00 [INF] Request starting HTTP/2 GET https://localhost:7060/lib/bootstrap/js/bootstrap.js - -
2023-10-31 11:26:05.909 +01:00 [INF] Request finished HTTP/2 GET https://localhost:7060/lib/bootstrap/js/bootstrap.js - - - 404 0 - 4.8074ms
2023-10-31 11:26:05.909 +01:00 [INF] Request finished HTTP/2 GET https://localhost:7060/lib/jquery-validate/jquery.validate.js - - - 404 0 - 1.6025ms
2023-10-31 11:26:05.911 +01:00 [INF] Request finished HTTP/2 GET https://localhost:7060/Property/Details/wwwroot/js/site.js - - - 404 0 - 3.0614ms
2023-10-31 11:26:06.092 +01:00 [INF] Request starting HTTP/2 GET https://localhost:7060/_framework/aspnetcore-browser-refresh.js - -
2023-10-31 11:26:06.094 +01:00 [INF] Request finished HTTP/2 GET https://localhost:7060/_framework/aspnetcore-browser-refresh.js - - - 200 12356 application/javascript;+charset=utf-8 0.9888ms
2023-10-31 11:26:06.097 +01:00 [INF] Request starting HTTP/2 GET https://localhost:7060/_vs/browserLink - -
2023-10-31 11:26:06.132 +01:00 [INF] Request finished HTTP/2 GET https://localhost:7060/_vs/browserLink - - - 200 - text/javascript;+charset=UTF-8 35.2018ms
2023-10-31 11:26:07.494 +01:00 [INF] Request starting HTTP/2 GET https://localhost:7060/Booking/Create - -
2023-10-31 11:26:07.497 +01:00 [INF] Executing endpoint 'FjordNestPro.Controllers.BookingController.Create (FjordNestPro)'
2023-10-31 11:26:07.498 +01:00 [INF] Route matched with {action = "Create", controller = "Booking", area = "", page = ""}. Executing controller action with signature Microsoft.AspNetCore.Mvc.IActionResult Create() on controller FjordNestPro.Controllers.BookingController (FjordNestPro).
2023-10-31 11:26:07.522 +01:00 [INF] Executing action method FjordNestPro.Controllers.BookingController.Create (FjordNestPro) - Validation state: "Valid"
2023-10-31 11:26:07.524 +01:00 [INF] Navigating to Create Booking view
2023-10-31 11:26:07.525 +01:00 [INF] Executed action method FjordNestPro.Controllers.BookingController.Create (FjordNestPro), returned result Microsoft.AspNetCore.Mvc.ViewResult in 2.7398ms.
2023-10-31 11:26:07.525 +01:00 [INF] Executing ViewResult, running view Create.
2023-10-31 11:26:07.560 +01:00 [INF] Executed ViewResult - view Create executed in 35.8499ms.
2023-10-31 11:26:07.561 +01:00 [INF] Executed action FjordNestPro.Controllers.BookingController.Create (FjordNestPro) in 62.5434ms
2023-10-31 11:26:07.561 +01:00 [INF] Executed endpoint 'FjordNestPro.Controllers.BookingController.Create (FjordNestPro)'
2023-10-31 11:26:07.563 +01:00 [INF] Request finished HTTP/2 GET https://localhost:7060/Booking/Create - - - 200 - text/html;+charset=utf-8 69.0342ms
2023-10-31 11:26:07.622 +01:00 [INF] Request starting HTTP/2 GET https://localhost:7060/lib/jquery/jquery.js - -
2023-10-31 11:26:07.622 +01:00 [INF] Request starting HTTP/2 GET https://localhost:7060/lib/bootstrap/js/bootstrap.js - -
2023-10-31 11:26:07.623 +01:00 [INF] Request finished HTTP/2 GET https://localhost:7060/lib/bootstrap/js/bootstrap.js - - - 404 0 - 0.6616ms
2023-10-31 11:26:07.623 +01:00 [INF] Request starting HTTP/2 GET https://localhost:7060/lib/jquery-validate/jquery.validate.js - -
2023-10-31 11:26:07.623 +01:00 [INF] Request finished HTTP/2 GET https://localhost:7060/lib/jquery/jquery.js - - - 404 0 - 1.1158ms
2023-10-31 11:26:07.623 +01:00 [INF] Request finished HTTP/2 GET https://localhost:7060/lib/jquery-validate/jquery.validate.js - - - 404 0 - 0.4509ms
2023-10-31 11:26:07.874 +01:00 [INF] Request starting HTTP/2 GET https://localhost:7060/_framework/aspnetcore-browser-refresh.js - -
2023-10-31 11:26:07.875 +01:00 [INF] Request finished HTTP/2 GET https://localhost:7060/_framework/aspnetcore-browser-refresh.js - - - 200 12356 application/javascript;+charset=utf-8 1.0062ms
2023-10-31 11:26:07.877 +01:00 [INF] Request starting HTTP/2 GET https://localhost:7060/_vs/browserLink - -
2023-10-31 11:26:07.888 +01:00 [INF] Request finished HTTP/2 GET https://localhost:7060/_vs/browserLink - - - 200 - text/javascript;+charset=UTF-8 10.9769ms
2023-10-31 11:26:13.287 +01:00 [INF] Request starting HTTP/2 GET https://localhost:7060/Question/Help - -
2023-10-31 11:26:13.290 +01:00 [INF] Executing endpoint 'FjordNestPro.Controllers.QuestionController.Help (FjordNestPro)'
2023-10-31 11:26:13.291 +01:00 [INF] Route matched with {action = "Help", controller = "Question", area = "", page = ""}. Executing controller action with signature Microsoft.AspNetCore.Mvc.IActionResult Help() on controller FjordNestPro.Controllers.QuestionController (FjordNestPro).
2023-10-31 11:26:13.314 +01:00 [INF] Executing action method FjordNestPro.Controllers.QuestionController.Help (FjordNestPro) - Validation state: "Valid"
2023-10-31 11:26:13.315 +01:00 [INF] Executed action method FjordNestPro.Controllers.QuestionController.Help (FjordNestPro), returned result Microsoft.AspNetCore.Mvc.ViewResult in 0.171ms.
2023-10-31 11:26:13.319 +01:00 [INF] Executing ViewResult, running view Help.
2023-10-31 11:26:13.333 +01:00 [INF] Executed ViewResult - view Help executed in 18.8262ms.
2023-10-31 11:26:13.334 +01:00 [INF] Executed action FjordNestPro.Controllers.QuestionController.Help (FjordNestPro) in 42.7495ms
2023-10-31 11:26:13.334 +01:00 [INF] Executed endpoint 'FjordNestPro.Controllers.QuestionController.Help (FjordNestPro)'
2023-10-31 11:26:13.336 +01:00 [INF] Request finished HTTP/2 GET https://localhost:7060/Question/Help - - - 200 - text/html;+charset=utf-8 49.2775ms
2023-10-31 11:26:13.362 +01:00 [INF] Request starting HTTP/2 GET https://localhost:7060/lib/bootstrap/js/bootstrap.js - -
2023-10-31 11:26:13.363 +01:00 [INF] Request starting HTTP/2 GET https://localhost:7060/_framework/aspnetcore-browser-refresh.js - -
2023-10-31 11:26:13.363 +01:00 [INF] Request starting HTTP/2 GET https://localhost:7060/lib/jquery-validate/jquery.validate.js - -
2023-10-31 11:26:13.364 +01:00 [INF] Request starting HTTP/2 GET https://localhost:7060/lib/jquery/jquery.js - -
2023-10-31 11:26:13.365 +01:00 [INF] Request finished HTTP/2 GET https://localhost:7060/lib/jquery/jquery.js - - - 404 0 - 0.5445ms
2023-10-31 11:26:13.366 +01:00 [INF] Request finished HTTP/2 GET https://localhost:7060/_framework/aspnetcore-browser-refresh.js - - - 200 12356 application/javascript;+charset=utf-8 2.3712ms
2023-10-31 11:26:13.366 +01:00 [INF] Request finished HTTP/2 GET https://localhost:7060/lib/jquery-validate/jquery.validate.js - - - 404 0 - 3.4566ms
2023-10-31 11:26:13.368 +01:00 [INF] Request finished HTTP/2 GET https://localhost:7060/lib/bootstrap/js/bootstrap.js - - - 404 0 - 5.5470ms
2023-10-31 11:26:13.572 +01:00 [INF] Request starting HTTP/2 GET https://localhost:7060/_vs/browserLink - -
2023-10-31 11:26:13.586 +01:00 [INF] Request finished HTTP/2 GET https://localhost:7060/_vs/browserLink - - - 200 - text/javascript;+charset=UTF-8 14.0754ms
2023-10-31 11:26:15.215 +01:00 [INF] Request starting HTTP/2 GET https://localhost:7060/Question/QuestionList - -
2023-10-31 11:26:15.218 +01:00 [INF] Executing endpoint 'FjordNestPro.Controllers.QuestionController.QuestionList (FjordNestPro)'
2023-10-31 11:26:15.222 +01:00 [INF] Route matched with {action = "QuestionList", controller = "Question", area = "", page = ""}. Executing controller action with signature System.Threading.Tasks.Task`1[Microsoft.AspNetCore.Mvc.IActionResult] QuestionList() on controller FjordNestPro.Controllers.QuestionController (FjordNestPro).
2023-10-31 11:26:15.251 +01:00 [INF] Executing action method FjordNestPro.Controllers.QuestionController.QuestionList (FjordNestPro) - Validation state: "Valid"
2023-10-31 11:26:15.278 +01:00 [INF] Executed action method FjordNestPro.Controllers.QuestionController.QuestionList (FjordNestPro), returned result Microsoft.AspNetCore.Mvc.ViewResult in 26.6537ms.
2023-10-31 11:26:15.278 +01:00 [INF] Executing ViewResult, running view QuestionList.
2023-10-31 11:26:15.308 +01:00 [INF] Executed ViewResult - view QuestionList executed in 30.1416ms.
2023-10-31 11:26:15.308 +01:00 [INF] Executed action FjordNestPro.Controllers.QuestionController.QuestionList (FjordNestPro) in 86.2266ms
2023-10-31 11:26:15.308 +01:00 [INF] Executed endpoint 'FjordNestPro.Controllers.QuestionController.QuestionList (FjordNestPro)'
2023-10-31 11:26:15.312 +01:00 [INF] Request finished HTTP/2 GET https://localhost:7060/Question/QuestionList - - - 200 - text/html;+charset=utf-8 96.4243ms
2023-10-31 11:26:15.342 +01:00 [INF] Request starting HTTP/2 GET https://localhost:7060/lib/jquery/jquery.js - -
2023-10-31 11:26:15.342 +01:00 [INF] Request starting HTTP/2 GET https://localhost:7060/_framework/aspnetcore-browser-refresh.js - -
2023-10-31 11:26:15.343 +01:00 [INF] Request starting HTTP/2 GET https://localhost:7060/lib/bootstrap/js/bootstrap.js - -
2023-10-31 11:26:15.343 +01:00 [INF] Request starting HTTP/2 GET https://localhost:7060/lib/jquery-validate/jquery.validate.js - -
2023-10-31 11:26:15.343 +01:00 [INF] Request finished HTTP/2 GET https://localhost:7060/lib/jquery-validate/jquery.validate.js - - - 404 0 - 0.4551ms
2023-10-31 11:26:15.343 +01:00 [INF] Request finished HTTP/2 GET https://localhost:7060/lib/jquery/jquery.js - - - 404 0 - 0.9219ms
2023-10-31 11:26:15.343 +01:00 [INF] Request finished HTTP/2 GET https://localhost:7060/lib/bootstrap/js/bootstrap.js - - - 404 0 - 1.2038ms
2023-10-31 11:26:15.344 +01:00 [INF] Request finished HTTP/2 GET https://localhost:7060/_framework/aspnetcore-browser-refresh.js - - - 200 12356 application/javascript;+charset=utf-8 1.8174ms
2023-10-31 11:26:15.533 +01:00 [INF] Request starting HTTP/2 GET https://localhost:7060/_vs/browserLink - -
2023-10-31 11:26:15.575 +01:00 [INF] Request finished HTTP/2 GET https://localhost:7060/_vs/browserLink - - - 200 - text/javascript;+charset=UTF-8 42.3945ms
2023-10-31 11:26:19.593 +01:00 [INF] Request starting HTTP/2 GET https://localhost:7060/Identity/Account/Manage - -
2023-10-31 11:26:19.594 +01:00 [INF] Executing endpoint '/Account/Manage/Index'
2023-10-31 11:26:19.598 +01:00 [INF] Route matched with {page = "/Account/Manage/Index", area = "Identity", action = "", controller = ""}. Executing page /Account/Manage/Index
2023-10-31 11:26:19.599 +01:00 [INF] Executing handler method FjordNestPro.Areas.Identity.Pages.Account.Manage.IndexModel.OnGetAsync - ModelState is "Valid"
2023-10-31 11:26:19.609 +01:00 [INF] Executed handler method OnGetAsync, returned result Microsoft.AspNetCore.Mvc.RazorPages.PageResult.
2023-10-31 11:26:19.662 +01:00 [INF] Executed page /Account/Manage/Index in 63.7417ms
2023-10-31 11:26:19.662 +01:00 [INF] Executed endpoint '/Account/Manage/Index'
2023-10-31 11:26:19.668 +01:00 [INF] Request finished HTTP/2 GET https://localhost:7060/Identity/Account/Manage - - - 200 - text/html;+charset=utf-8 74.9735ms
2023-10-31 11:26:19.674 +01:00 [INF] Request starting HTTP/2 GET https://localhost:7060/_framework/aspnetcore-browser-refresh.js - -
2023-10-31 11:26:19.675 +01:00 [INF] Request starting HTTP/2 GET https://localhost:7060/lib/bootstrap/js/bootstrap.js - -
2023-10-31 11:26:19.678 +01:00 [INF] Request finished HTTP/2 GET https://localhost:7060/lib/bootstrap/js/bootstrap.js - - - 404 0 - 2.8719ms
2023-10-31 11:26:19.678 +01:00 [INF] Request starting HTTP/2 GET https://localhost:7060/lib/jquery/jquery.js - -
2023-10-31 11:26:19.679 +01:00 [INF] Request finished HTTP/2 GET https://localhost:7060/lib/jquery/jquery.js - - - 404 0 - 0.8408ms
2023-10-31 11:26:19.679 +01:00 [INF] Request starting HTTP/2 GET https://localhost:7060/lib/jquery-validate/jquery.validate.js - -
2023-10-31 11:26:19.679 +01:00 [INF] Request finished HTTP/2 GET https://localhost:7060/_framework/aspnetcore-browser-refresh.js - - - 200 12356 application/javascript;+charset=utf-8 5.5373ms
2023-10-31 11:26:19.679 +01:00 [INF] Request finished HTTP/2 GET https://localhost:7060/lib/jquery-validate/jquery.validate.js - - - 404 0 - 0.3660ms
2023-10-31 11:26:19.897 +01:00 [INF] Request starting HTTP/2 GET https://localhost:7060/_vs/browserLink - -
2023-10-31 11:26:19.953 +01:00 [INF] Request finished HTTP/2 GET https://localhost:7060/_vs/browserLink - - - 200 - text/javascript;+charset=UTF-8 56.5589ms
2023-10-31 11:26:21.962 +01:00 [INF] Request starting HTTP/2 GET https://localhost:7060/Property - -
2023-10-31 11:26:21.964 +01:00 [INF] Executing endpoint 'FjordNestPro.Controllers.PropertyController.Index (FjordNestPro)'
2023-10-31 11:26:21.966 +01:00 [INF] Route matched with {action = "Index", controller = "Property", area = "", page = ""}. Executing controller action with signature System.Threading.Tasks.Task`1[Microsoft.AspNetCore.Mvc.IActionResult] Index() on controller FjordNestPro.Controllers.PropertyController (FjordNestPro).
2023-10-31 11:26:21.986 +01:00 [INF] Executing action method FjordNestPro.Controllers.PropertyController.Index (FjordNestPro) - Validation state: "Valid"
2023-10-31 11:26:21.990 +01:00 [INF] Fetching all properties with associated Address and User.
2023-10-31 11:26:22.005 +01:00 [INF] Executed action method FjordNestPro.Controllers.PropertyController.Index (FjordNestPro), returned result Microsoft.AspNetCore.Mvc.ViewResult in 19.2134ms.
2023-10-31 11:26:22.006 +01:00 [INF] Executing ViewResult, running view Index.
2023-10-31 11:26:22.028 +01:00 [INF] Executed ViewResult - view Index executed in 22.7902ms.
2023-10-31 11:26:22.028 +01:00 [INF] Executed action FjordNestPro.Controllers.PropertyController.Index (FjordNestPro) in 61.5112ms
2023-10-31 11:26:22.028 +01:00 [INF] Executed endpoint 'FjordNestPro.Controllers.PropertyController.Index (FjordNestPro)'
2023-10-31 11:26:22.030 +01:00 [INF] Request finished HTTP/2 GET https://localhost:7060/Property - - - 200 - text/html;+charset=utf-8 68.1343ms
2023-10-31 11:26:22.060 +01:00 [INF] Request starting HTTP/2 GET https://localhost:7060/lib/bootstrap/js/bootstrap.js - -
2023-10-31 11:26:22.060 +01:00 [INF] Request starting HTTP/2 GET https://localhost:7060/_framework/aspnetcore-browser-refresh.js - -
2023-10-31 11:26:22.061 +01:00 [INF] Request finished HTTP/2 GET https://localhost:7060/_framework/aspnetcore-browser-refresh.js - - - 200 12356 application/javascript;+charset=utf-8 1.3097ms
2023-10-31 11:26:22.061 +01:00 [INF] Request finished HTTP/2 GET https://localhost:7060/lib/bootstrap/js/bootstrap.js - - - 404 0 - 1.5803ms
2023-10-31 11:26:22.062 +01:00 [INF] Request starting HTTP/2 GET https://localhost:7060/lib/jquery/jquery.js - -
2023-10-31 11:26:22.063 +01:00 [INF] Request finished HTTP/2 GET https://localhost:7060/lib/jquery/jquery.js - - - 404 0 - 2.4437ms
2023-10-31 11:26:22.063 +01:00 [INF] Request starting HTTP/2 GET https://localhost:7060/lib/jquery-validate/jquery.validate.js - -
2023-10-31 11:26:22.064 +01:00 [INF] Request finished HTTP/2 GET https://localhost:7060/lib/jquery-validate/jquery.validate.js - - - 404 0 - 0.8192ms
2023-10-31 11:26:22.269 +01:00 [INF] Request starting HTTP/2 GET https://localhost:7060/_vs/browserLink - -
2023-10-31 11:26:22.313 +01:00 [INF] Request finished HTTP/2 GET https://localhost:7060/_vs/browserLink - - - 200 - text/javascript;+charset=UTF-8 45.5487ms
2023-10-31 11:26:23.880 +01:00 [INF] Request starting HTTP/2 GET https://localhost:7060/Identity/Account/Manage - -
2023-10-31 11:26:23.881 +01:00 [INF] Executing endpoint '/Account/Manage/Index'
2023-10-31 11:26:23.881 +01:00 [INF] Route matched with {page = "/Account/Manage/Index", area = "Identity", action = "", controller = ""}. Executing page /Account/Manage/Index
2023-10-31 11:26:23.881 +01:00 [INF] Executing handler method FjordNestPro.Areas.Identity.Pages.Account.Manage.IndexModel.OnGetAsync - ModelState is "Valid"
2023-10-31 11:26:23.887 +01:00 [INF] Executed handler method OnGetAsync, returned result Microsoft.AspNetCore.Mvc.RazorPages.PageResult.
2023-10-31 11:26:23.896 +01:00 [INF] Executed page /Account/Manage/Index in 15.2431ms
2023-10-31 11:26:23.896 +01:00 [INF] Executed endpoint '/Account/Manage/Index'
2023-10-31 11:26:23.901 +01:00 [INF] Request finished HTTP/2 GET https://localhost:7060/Identity/Account/Manage - - - 200 - text/html;+charset=utf-8 21.6713ms
2023-10-31 11:26:23.928 +01:00 [INF] Request starting HTTP/2 GET https://localhost:7060/lib/jquery-validate/jquery.validate.js - -
2023-10-31 11:26:23.929 +01:00 [INF] Request starting HTTP/2 GET https://localhost:7060/lib/bootstrap/js/bootstrap.js - -
2023-10-31 11:26:23.929 +01:00 [INF] Request finished HTTP/2 GET https://localhost:7060/lib/jquery-validate/jquery.validate.js - - - 404 0 - 1.0189ms
2023-10-31 11:26:23.929 +01:00 [INF] Request starting HTTP/2 GET https://localhost:7060/lib/jquery/jquery.js - -
2023-10-31 11:26:23.930 +01:00 [INF] Request finished HTTP/2 GET https://localhost:7060/lib/jquery/jquery.js - - - 404 0 - 1.0016ms
2023-10-31 11:26:23.930 +01:00 [INF] Request finished HTTP/2 GET https://localhost:7060/lib/bootstrap/js/bootstrap.js - - - 404 0 - 1.5839ms
2023-10-31 11:26:23.930 +01:00 [INF] Request starting HTTP/2 GET https://localhost:7060/_framework/aspnetcore-browser-refresh.js - -
2023-10-31 11:26:23.931 +01:00 [INF] Request finished HTTP/2 GET https://localhost:7060/_framework/aspnetcore-browser-refresh.js - - - 200 12356 application/javascript;+charset=utf-8 2.8686ms
2023-10-31 11:26:24.144 +01:00 [INF] Request starting HTTP/2 GET https://localhost:7060/_vs/browserLink - -
2023-10-31 11:26:24.182 +01:00 [INF] Request finished HTTP/2 GET https://localhost:7060/_vs/browserLink - - - 200 - text/javascript;+charset=UTF-8 37.1946ms
2023-10-31 11:26:25.119 +01:00 [INF] Request starting HTTP/2 GET https://localhost:7060/Booking - -
2023-10-31 11:26:25.120 +01:00 [INF] Executing endpoint 'FjordNestPro.Controllers.BookingController.Index (FjordNestPro)'
2023-10-31 11:26:25.124 +01:00 [INF] Route matched with {action = "Index", controller = "Booking", area = "", page = ""}. Executing controller action with signature System.Threading.Tasks.Task`1[Microsoft.AspNetCore.Mvc.IActionResult] Index() on controller FjordNestPro.Controllers.BookingController (FjordNestPro).
2023-10-31 11:26:25.143 +01:00 [INF] Executing action method FjordNestPro.Controllers.BookingController.Index (FjordNestPro) - Validation state: "Valid"
2023-10-31 11:26:25.147 +01:00 [INF] Fetching bookings with related user and property data
2023-10-31 11:26:25.188 +01:00 [INF] Executed action method FjordNestPro.Controllers.BookingController.Index (FjordNestPro), returned result Microsoft.AspNetCore.Mvc.ViewResult in 45.035ms.
2023-10-31 11:26:25.189 +01:00 [INF] Executing ViewResult, running view Index.
2023-10-31 11:26:25.205 +01:00 [INF] Executed ViewResult - view Index executed in 17.1087ms.
2023-10-31 11:26:25.206 +01:00 [INF] Executed action FjordNestPro.Controllers.BookingController.Index (FjordNestPro) in 82.25ms
2023-10-31 11:26:25.206 +01:00 [INF] Executed endpoint 'FjordNestPro.Controllers.BookingController.Index (FjordNestPro)'
2023-10-31 11:26:25.208 +01:00 [INF] Request finished HTTP/2 GET https://localhost:7060/Booking - - - 200 - text/html;+charset=utf-8 89.2708ms
2023-10-31 11:26:25.245 +01:00 [INF] Request starting HTTP/2 GET https://localhost:7060/lib/jquery/jquery.js - -
2023-10-31 11:26:25.245 +01:00 [INF] Request starting HTTP/2 GET https://localhost:7060/lib/jquery-validate/jquery.validate.js - -
2023-10-31 11:26:25.245 +01:00 [INF] Request starting HTTP/2 GET https://localhost:7060/_framework/aspnetcore-browser-refresh.js - -
2023-10-31 11:26:25.246 +01:00 [INF] Request starting HTTP/2 GET https://localhost:7060/lib/bootstrap/js/bootstrap.js - -
2023-10-31 11:26:25.246 +01:00 [INF] Request finished HTTP/2 GET https://localhost:7060/lib/jquery/jquery.js - - - 404 0 - 1.0923ms
2023-10-31 11:26:25.246 +01:00 [INF] Request finished HTTP/2 GET https://localhost:7060/_framework/aspnetcore-browser-refresh.js - - - 200 12356 application/javascript;+charset=utf-8 2.4462ms
2023-10-31 11:26:25.246 +01:00 [INF] Request finished HTTP/2 GET https://localhost:7060/lib/jquery-validate/jquery.validate.js - - - 404 0 - 0.7917ms
2023-10-31 11:26:25.247 +01:00 [INF] Request finished HTTP/2 GET https://localhost:7060/lib/bootstrap/js/bootstrap.js - - - 404 0 - 2.8714ms
2023-10-31 11:26:25.433 +01:00 [INF] Request starting HTTP/2 GET https://localhost:7060/_vs/browserLink - -
2023-10-31 11:26:25.442 +01:00 [INF] Request finished HTTP/2 GET https://localhost:7060/_vs/browserLink - - - 200 - text/javascript;+charset=UTF-8 9.3596ms
2023-10-31 11:26:26.678 +01:00 [INF] Request starting HTTP/2 GET https://localhost:7060/Identity/Account/Manage - -
2023-10-31 11:26:26.680 +01:00 [INF] Executing endpoint '/Account/Manage/Index'
2023-10-31 11:26:26.680 +01:00 [INF] Route matched with {page = "/Account/Manage/Index", area = "Identity", action = "", controller = ""}. Executing page /Account/Manage/Index
2023-10-31 11:26:26.680 +01:00 [INF] Executing handler method FjordNestPro.Areas.Identity.Pages.Account.Manage.IndexModel.OnGetAsync - ModelState is "Valid"
2023-10-31 11:26:26.684 +01:00 [INF] Executed handler method OnGetAsync, returned result Microsoft.AspNetCore.Mvc.RazorPages.PageResult.
2023-10-31 11:26:26.713 +01:00 [INF] Executed page /Account/Manage/Index in 33.5119ms
2023-10-31 11:26:26.714 +01:00 [INF] Executed endpoint '/Account/Manage/Index'
2023-10-31 11:26:26.731 +01:00 [INF] Request finished HTTP/2 GET https://localhost:7060/Identity/Account/Manage - - - 200 - text/html;+charset=utf-8 51.1139ms
2023-10-31 11:26:26.843 +01:00 [INF] Request starting HTTP/2 GET https://localhost:7060/lib/bootstrap/js/bootstrap.js - -
2023-10-31 11:26:26.845 +01:00 [INF] Request finished HTTP/2 GET https://localhost:7060/lib/bootstrap/js/bootstrap.js - - - 404 0 - 0.8080ms
2023-10-31 11:26:26.899 +01:00 [INF] Request starting HTTP/2 GET https://localhost:7060/_framework/aspnetcore-browser-refresh.js - -
2023-10-31 11:26:26.900 +01:00 [INF] Request starting HTTP/2 GET https://localhost:7060/lib/jquery-validate/jquery.validate.js - -
2023-10-31 11:26:26.901 +01:00 [INF] Request starting HTTP/2 GET https://localhost:7060/lib/jquery/jquery.js - -
2023-10-31 11:26:26.901 +01:00 [INF] Request finished HTTP/2 GET https://localhost:7060/lib/jquery-validate/jquery.validate.js - - - 404 0 - 0.8954ms
2023-10-31 11:26:26.902 +01:00 [INF] Request finished HTTP/2 GET https://localhost:7060/_framework/aspnetcore-browser-refresh.js - - - 200 12356 application/javascript;+charset=utf-8 3.1607ms
2023-10-31 11:26:26.902 +01:00 [INF] Request finished HTTP/2 GET https://localhost:7060/lib/jquery/jquery.js - - - 404 0 - 2.0661ms
2023-10-31 11:26:26.941 +01:00 [INF] Request starting HTTP/2 GET https://localhost:7060/_vs/browserLink - -
2023-10-31 11:26:26.966 +01:00 [INF] Request finished HTTP/2 GET https://localhost:7060/_vs/browserLink - - - 200 - text/javascript;+charset=UTF-8 25.3342ms
2023-10-31 11:26:28.041 +01:00 [INF] Request starting HTTP/2 GET https://localhost:7060/ - -
2023-10-31 11:26:28.042 +01:00 [INF] Executing endpoint 'FjordNestPro.Controllers.HomeController.Index (FjordNestPro)'
2023-10-31 11:26:28.043 +01:00 [INF] Route matched with {action = "Index", controller = "Home", area = "", page = ""}. Executing controller action with signature System.Threading.Tasks.Task`1[Microsoft.AspNetCore.Mvc.IActionResult] Index() on controller FjordNestPro.Controllers.HomeController (FjordNestPro).
2023-10-31 11:26:28.063 +01:00 [INF] Executing action method FjordNestPro.Controllers.HomeController.Index (FjordNestPro) - Validation state: "Valid"
2023-10-31 11:26:28.076 +01:00 [INF] Executed action method FjordNestPro.Controllers.HomeController.Index (FjordNestPro), returned result Microsoft.AspNetCore.Mvc.ViewResult in 12.0947ms.
2023-10-31 11:26:28.076 +01:00 [INF] Executing ViewResult, running view Index.
2023-10-31 11:26:28.082 +01:00 [INF] Executed ViewResult - view Index executed in 5.9905ms.
2023-10-31 11:26:28.082 +01:00 [INF] Executed action FjordNestPro.Controllers.HomeController.Index (FjordNestPro) in 38.9267ms
2023-10-31 11:26:28.082 +01:00 [INF] Executed endpoint 'FjordNestPro.Controllers.HomeController.Index (FjordNestPro)'
2023-10-31 11:26:28.087 +01:00 [INF] Request finished HTTP/2 GET https://localhost:7060/ - - - 200 - text/html;+charset=utf-8 46.4763ms
2023-10-31 11:26:28.130 +01:00 [INF] Request starting HTTP/2 GET https://localhost:7060/_framework/aspnetcore-browser-refresh.js - -
2023-10-31 11:26:28.131 +01:00 [INF] Request finished HTTP/2 GET https://localhost:7060/_framework/aspnetcore-browser-refresh.js - - - 200 12356 application/javascript;+charset=utf-8 1.0032ms
2023-10-31 11:26:28.132 +01:00 [INF] Request starting HTTP/2 GET https://localhost:7060/lib/bootstrap/js/bootstrap.js - -
2023-10-31 11:26:28.136 +01:00 [INF] Request finished HTTP/2 GET https://localhost:7060/lib/bootstrap/js/bootstrap.js - - - 404 0 - 4.3396ms
2023-10-31 11:26:28.137 +01:00 [INF] Request starting HTTP/2 GET https://localhost:7060/lib/jquery/jquery.js - -
2023-10-31 11:26:28.137 +01:00 [INF] Request starting HTTP/2 GET https://localhost:7060/lib/jquery-validate/jquery.validate.js - -
2023-10-31 11:26:28.137 +01:00 [INF] Request finished HTTP/2 GET https://localhost:7060/lib/jquery/jquery.js - - - 404 0 - 0.8294ms
2023-10-31 11:26:28.138 +01:00 [INF] Request finished HTTP/2 GET https://localhost:7060/lib/jquery-validate/jquery.validate.js - - - 404 0 - 1.0229ms
2023-10-31 11:26:28.363 +01:00 [INF] Request starting HTTP/2 GET https://localhost:7060/_vs/browserLink - -
2023-10-31 11:26:28.391 +01:00 [INF] Request finished HTTP/2 GET https://localhost:7060/_vs/browserLink - - - 200 - text/javascript;+charset=UTF-8 27.6252ms
2023-10-31 11:26:29.052 +01:00 [INF] Request starting HTTP/2 GET https://localhost:7060/Admin - -
2023-10-31 11:26:29.054 +01:00 [INF] Executing endpoint 'FjordNestPro.Areas.Admin.Controllers.AdminController.Index (FjordNestPro)'
2023-10-31 11:26:29.055 +01:00 [INF] Route matched with {area = "Admin", action = "Index", controller = "Admin", page = ""}. Executing controller action with signature Microsoft.AspNetCore.Mvc.IActionResult Index() on controller FjordNestPro.Areas.Admin.Controllers.AdminController (FjordNestPro).
2023-10-31 11:26:29.073 +01:00 [INF] Executing action method FjordNestPro.Areas.Admin.Controllers.AdminController.Index (FjordNestPro) - Validation state: "Valid"
2023-10-31 11:26:29.073 +01:00 [INF] Executed action method FjordNestPro.Areas.Admin.Controllers.AdminController.Index (FjordNestPro), returned result Microsoft.AspNetCore.Mvc.ViewResult in 0.1649ms.
2023-10-31 11:26:29.077 +01:00 [INF] Executing ViewResult, running view Index.
2023-10-31 11:26:29.108 +01:00 [INF] Executed ViewResult - view Index executed in 34.9925ms.
2023-10-31 11:26:29.109 +01:00 [INF] Executed action FjordNestPro.Areas.Admin.Controllers.AdminController.Index (FjordNestPro) in 53.8577ms
2023-10-31 11:26:29.110 +01:00 [INF] Executed endpoint 'FjordNestPro.Areas.Admin.Controllers.AdminController.Index (FjordNestPro)'
2023-10-31 11:26:29.111 +01:00 [INF] Request finished HTTP/2 GET https://localhost:7060/Admin - - - 200 - text/html;+charset=utf-8 59.8394ms
2023-10-31 11:26:29.168 +01:00 [INF] Request starting HTTP/2 GET https://localhost:7060/lib/bootstrap/js/bootstrap.js - -
2023-10-31 11:26:29.168 +01:00 [INF] Request starting HTTP/2 GET https://localhost:7060/_framework/aspnetcore-browser-refresh.js - -
2023-10-31 11:26:29.169 +01:00 [INF] Request starting HTTP/2 GET https://localhost:7060/lib/jquery/jquery.js - -
2023-10-31 11:26:29.169 +01:00 [INF] Request finished HTTP/2 GET https://localhost:7060/lib/bootstrap/js/bootstrap.js - - - 404 0 - 1.0503ms
2023-10-31 11:26:29.169 +01:00 [INF] Request starting HTTP/2 GET https://localhost:7060/lib/jquery-validate/jquery.validate.js - -
2023-10-31 11:26:29.169 +01:00 [INF] Request finished HTTP/2 GET https://localhost:7060/lib/jquery-validate/jquery.validate.js - - - 404 0 - 0.4913ms
2023-10-31 11:26:29.169 +01:00 [INF] Request finished HTTP/2 GET https://localhost:7060/lib/jquery/jquery.js - - - 404 0 - 0.4099ms
2023-10-31 11:26:29.174 +01:00 [INF] Request finished HTTP/2 GET https://localhost:7060/_framework/aspnetcore-browser-refresh.js - - - 200 12356 application/javascript;+charset=utf-8 5.7922ms
2023-10-31 11:26:29.352 +01:00 [INF] Request starting HTTP/2 GET https://localhost:7060/_vs/browserLink - -
2023-10-31 11:26:29.363 +01:00 [INF] Request finished HTTP/2 GET https://localhost:7060/_vs/browserLink - - - 200 - text/javascript;+charset=UTF-8 10.7547ms
2023-10-31 11:26:30.883 +01:00 [INF] Request starting HTTP/2 GET https://localhost:7060/Admin/User - -
2023-10-31 11:26:30.886 +01:00 [INF] Executing endpoint 'FjordNestPro.Areas.Admin.Controllers.UserController.Index (FjordNestPro)'
2023-10-31 11:26:30.889 +01:00 [INF] Route matched with {area = "Admin", action = "Index", controller = "User", page = ""}. Executing controller action with signature System.Threading.Tasks.Task`1[Microsoft.AspNetCore.Mvc.IActionResult] Index(System.String, System.String, System.String) on controller FjordNestPro.Areas.Admin.Controllers.UserController (FjordNestPro).
2023-10-31 11:26:30.914 +01:00 [INF] Executing action method FjordNestPro.Areas.Admin.Controllers.UserController.Index (FjordNestPro) - Validation state: "Invalid"
2023-10-31 11:26:30.921 +01:00 [INF] Fetching users based on search parameters.
2023-10-31 11:26:30.929 +01:00 [INF] Executed action method FjordNestPro.Areas.Admin.Controllers.UserController.Index (FjordNestPro), returned result Microsoft.AspNetCore.Mvc.ViewResult in 15.7124ms.
2023-10-31 11:26:30.930 +01:00 [INF] Executing ViewResult, running view Index.
2023-10-31 11:26:30.987 +01:00 [INF] Executed ViewResult - view Index executed in 57.4423ms.
2023-10-31 11:26:30.987 +01:00 [INF] Executed action FjordNestPro.Areas.Admin.Controllers.UserController.Index (FjordNestPro) in 97.8794ms
2023-10-31 11:26:30.988 +01:00 [INF] Executed endpoint 'FjordNestPro.Areas.Admin.Controllers.UserController.Index (FjordNestPro)'
2023-10-31 11:26:30.995 +01:00 [INF] Request finished HTTP/2 GET https://localhost:7060/Admin/User - - - 200 - text/html;+charset=utf-8 111.6096ms
2023-10-31 11:26:31.024 +01:00 [INF] Request starting HTTP/2 GET https://localhost:7060/lib/bootstrap/js/bootstrap.js - -
2023-10-31 11:26:31.024 +01:00 [INF] Request starting HTTP/2 GET https://localhost:7060/_framework/aspnetcore-browser-refresh.js - -
2023-10-31 11:26:31.024 +01:00 [INF] Request starting HTTP/2 GET https://localhost:7060/lib/jquery/jquery.js - -
2023-10-31 11:26:31.024 +01:00 [INF] Request finished HTTP/2 GET https://localhost:7060/_framework/aspnetcore-browser-refresh.js - - - 200 12356 application/javascript;+charset=utf-8 0.7243ms
2023-10-31 11:26:31.024 +01:00 [INF] Request starting HTTP/2 GET https://localhost:7060/lib/jquery-validate/jquery.validate.js - -
2023-10-31 11:26:31.025 +01:00 [INF] Request finished HTTP/2 GET https://localhost:7060/lib/jquery-validate/jquery.validate.js - - - 404 0 - 0.7182ms
2023-10-31 11:26:31.026 +01:00 [INF] Request starting HTTP/2 GET https://localhost:7060/Admin/images/Logo.png.png - -
2023-10-31 11:26:31.024 +01:00 [INF] Request finished HTTP/2 GET https://localhost:7060/lib/bootstrap/js/bootstrap.js - - - 404 0 - 0.8400ms
2023-10-31 11:26:31.028 +01:00 [INF] Request finished HTTP/2 GET https://localhost:7060/lib/jquery/jquery.js - - - 404 0 - 3.9920ms
2023-10-31 11:26:31.028 +01:00 [INF] Request finished HTTP/2 GET https://localhost:7060/Admin/images/Logo.png.png - - - 404 0 - 2.0416ms
2023-10-31 11:26:31.250 +01:00 [INF] Request starting HTTP/2 GET https://localhost:7060/_vs/browserLink - -
2023-10-31 11:26:31.261 +01:00 [INF] Request finished HTTP/2 GET https://localhost:7060/_vs/browserLink - - - 200 - text/javascript;+charset=UTF-8 11.2259ms
2023-10-31 11:26:34.227 +01:00 [INF] Request starting HTTP/2 GET https://localhost:7060/Admin - -
2023-10-31 11:26:34.228 +01:00 [INF] Executing endpoint 'FjordNestPro.Areas.Admin.Controllers.AdminController.Index (FjordNestPro)'
2023-10-31 11:26:34.228 +01:00 [INF] Route matched with {area = "Admin", action = "Index", controller = "Admin", page = ""}. Executing controller action with signature Microsoft.AspNetCore.Mvc.IActionResult Index() on controller FjordNestPro.Areas.Admin.Controllers.AdminController (FjordNestPro).
2023-10-31 11:26:34.245 +01:00 [INF] Executing action method FjordNestPro.Areas.Admin.Controllers.AdminController.Index (FjordNestPro) - Validation state: "Valid"
2023-10-31 11:26:34.246 +01:00 [INF] Executed action method FjordNestPro.Areas.Admin.Controllers.AdminController.Index (FjordNestPro), returned result Microsoft.AspNetCore.Mvc.ViewResult in 0.0158ms.
2023-10-31 11:26:34.246 +01:00 [INF] Executing ViewResult, running view Index.
2023-10-31 11:26:34.254 +01:00 [INF] Executed ViewResult - view Index executed in 8.0278ms.
2023-10-31 11:26:34.254 +01:00 [INF] Executed action FjordNestPro.Areas.Admin.Controllers.AdminController.Index (FjordNestPro) in 26.0774ms
2023-10-31 11:26:34.254 +01:00 [INF] Executed endpoint 'FjordNestPro.Areas.Admin.Controllers.AdminController.Index (FjordNestPro)'
2023-10-31 11:26:34.258 +01:00 [INF] Request finished HTTP/2 GET https://localhost:7060/Admin - - - 200 - text/html;+charset=utf-8 30.9441ms
2023-10-31 11:26:34.289 +01:00 [INF] Request starting HTTP/2 GET https://localhost:7060/lib/bootstrap/js/bootstrap.js - -
2023-10-31 11:26:34.289 +01:00 [INF] Request starting HTTP/2 GET https://localhost:7060/_framework/aspnetcore-browser-refresh.js - -
2023-10-31 11:26:34.290 +01:00 [INF] Request starting HTTP/2 GET https://localhost:7060/lib/jquery/jquery.js - -
2023-10-31 11:26:34.290 +01:00 [INF] Request starting HTTP/2 GET https://localhost:7060/lib/jquery-validate/jquery.validate.js - -
2023-10-31 11:26:34.290 +01:00 [INF] Request finished HTTP/2 GET https://localhost:7060/lib/bootstrap/js/bootstrap.js - - - 404 0 - 0.8538ms
2023-10-31 11:26:34.290 +01:00 [INF] Request finished HTTP/2 GET https://localhost:7060/_framework/aspnetcore-browser-refresh.js - - - 200 12356 application/javascript;+charset=utf-8 0.9683ms
2023-10-31 11:26:34.293 +01:00 [INF] Request finished HTTP/2 GET https://localhost:7060/lib/jquery-validate/jquery.validate.js - - - 404 0 - 3.7281ms
2023-10-31 11:26:34.294 +01:00 [INF] Request finished HTTP/2 GET https://localhost:7060/lib/jquery/jquery.js - - - 404 0 - 4.1830ms
2023-10-31 11:26:34.491 +01:00 [INF] Request starting HTTP/2 GET https://localhost:7060/_vs/browserLink - -
2023-10-31 11:26:34.501 +01:00 [INF] Request finished HTTP/2 GET https://localhost:7060/_vs/browserLink - - - 200 - text/javascript;+charset=UTF-8 10.2844ms
2023-10-31 11:26:35.090 +01:00 [INF] Request starting HTTP/2 GET https://localhost:7060/ - -
2023-10-31 11:26:35.090 +01:00 [INF] Executing endpoint 'FjordNestPro.Controllers.HomeController.Index (FjordNestPro)'
2023-10-31 11:26:35.091 +01:00 [INF] Route matched with {action = "Index", controller = "Home", area = "", page = ""}. Executing controller action with signature System.Threading.Tasks.Task`1[Microsoft.AspNetCore.Mvc.IActionResult] Index() on controller FjordNestPro.Controllers.HomeController (FjordNestPro).
2023-10-31 11:26:35.106 +01:00 [INF] Executing action method FjordNestPro.Controllers.HomeController.Index (FjordNestPro) - Validation state: "Valid"
2023-10-31 11:26:35.116 +01:00 [INF] Executed action method FjordNestPro.Controllers.HomeController.Index (FjordNestPro), returned result Microsoft.AspNetCore.Mvc.ViewResult in 10.0774ms.
2023-10-31 11:26:35.117 +01:00 [INF] Executing ViewResult, running view Index.
2023-10-31 11:26:35.128 +01:00 [INF] Executed ViewResult - view Index executed in 11.5316ms.
2023-10-31 11:26:35.128 +01:00 [INF] Executed action FjordNestPro.Controllers.HomeController.Index (FjordNestPro) in 37.8251ms
2023-10-31 11:26:35.129 +01:00 [INF] Executed endpoint 'FjordNestPro.Controllers.HomeController.Index (FjordNestPro)'
2023-10-31 11:26:35.131 +01:00 [INF] Request finished HTTP/2 GET https://localhost:7060/ - - - 200 - text/html;+charset=utf-8 41.9054ms
2023-10-31 11:26:35.214 +01:00 [INF] Request starting HTTP/2 GET https://localhost:7060/lib/bootstrap/js/bootstrap.js - -
2023-10-31 11:26:35.215 +01:00 [INF] Request finished HTTP/2 GET https://localhost:7060/lib/bootstrap/js/bootstrap.js - - - 404 0 - 0.4772ms
2023-10-31 11:26:35.222 +01:00 [INF] Request starting HTTP/2 GET https://localhost:7060/_framework/aspnetcore-browser-refresh.js - -
2023-10-31 11:26:35.226 +01:00 [INF] Request finished HTTP/2 GET https://localhost:7060/_framework/aspnetcore-browser-refresh.js - - - 200 12356 application/javascript;+charset=utf-8 1.8839ms
2023-10-31 11:26:35.227 +01:00 [INF] Request starting HTTP/2 GET https://localhost:7060/lib/jquery-validate/jquery.validate.js - -
2023-10-31 11:26:35.227 +01:00 [INF] Request starting HTTP/2 GET https://localhost:7060/lib/jquery/jquery.js - -
2023-10-31 11:26:35.227 +01:00 [INF] Request finished HTTP/2 GET https://localhost:7060/lib/jquery/jquery.js - - - 404 0 - 0.9156ms
2023-10-31 11:26:35.228 +01:00 [INF] Request finished HTTP/2 GET https://localhost:7060/lib/jquery-validate/jquery.validate.js - - - 404 0 - 0.8456ms
2023-10-31 11:26:35.357 +01:00 [INF] Request starting HTTP/2 GET https://localhost:7060/_vs/browserLink - -
2023-10-31 11:26:35.372 +01:00 [INF] Request finished HTTP/2 GET https://localhost:7060/_vs/browserLink - - - 200 - text/javascript;+charset=UTF-8 15.6993ms
2023-10-31 11:26:37.805 +01:00 [INF] Request starting HTTP/2 GET https://localhost:7060/Question/Help - -
2023-10-31 11:26:37.807 +01:00 [INF] Executing endpoint 'FjordNestPro.Controllers.QuestionController.Help (FjordNestPro)'
2023-10-31 11:26:37.807 +01:00 [INF] Route matched with {action = "Help", controller = "Question", area = "", page = ""}. Executing controller action with signature Microsoft.AspNetCore.Mvc.IActionResult Help() on controller FjordNestPro.Controllers.QuestionController (FjordNestPro).
2023-10-31 11:26:37.826 +01:00 [INF] Executing action method FjordNestPro.Controllers.QuestionController.Help (FjordNestPro) - Validation state: "Valid"
2023-10-31 11:26:37.826 +01:00 [INF] Executed action method FjordNestPro.Controllers.QuestionController.Help (FjordNestPro), returned result Microsoft.AspNetCore.Mvc.ViewResult in 0.0158ms.
2023-10-31 11:26:37.826 +01:00 [INF] Executing ViewResult, running view Help.
2023-10-31 11:26:37.833 +01:00 [INF] Executed ViewResult - view Help executed in 7.274ms.
2023-10-31 11:26:37.833 +01:00 [INF] Executed action FjordNestPro.Controllers.QuestionController.Help (FjordNestPro) in 26.0254ms
2023-10-31 11:26:37.833 +01:00 [INF] Executed endpoint 'FjordNestPro.Controllers.QuestionController.Help (FjordNestPro)'
2023-10-31 11:26:37.836 +01:00 [INF] Request finished HTTP/2 GET https://localhost:7060/Question/Help - - - 200 - text/html;+charset=utf-8 31.3148ms
2023-10-31 11:26:37.864 +01:00 [INF] Request starting HTTP/2 GET https://localhost:7060/_framework/aspnetcore-browser-refresh.js - -
2023-10-31 11:26:37.864 +01:00 [INF] Request starting HTTP/2 GET https://localhost:7060/lib/bootstrap/js/bootstrap.js - -
2023-10-31 11:26:37.865 +01:00 [INF] Request starting HTTP/2 GET https://localhost:7060/lib/jquery/jquery.js - -
2023-10-31 11:26:37.865 +01:00 [INF] Request starting HTTP/2 GET https://localhost:7060/lib/jquery-validate/jquery.validate.js - -
2023-10-31 11:26:37.865 +01:00 [INF] Request finished HTTP/2 GET https://localhost:7060/_framework/aspnetcore-browser-refresh.js - - - 200 12356 application/javascript;+charset=utf-8 0.9414ms
2023-10-31 11:26:37.865 +01:00 [INF] Request finished HTTP/2 GET https://localhost:7060/lib/bootstrap/js/bootstrap.js - - - 404 0 - 1.2957ms
2023-10-31 11:26:37.870 +01:00 [INF] Request finished HTTP/2 GET https://localhost:7060/lib/jquery-validate/jquery.validate.js - - - 404 0 - 5.6265ms
2023-10-31 11:26:37.871 +01:00 [INF] Request finished HTTP/2 GET https://localhost:7060/lib/jquery/jquery.js - - - 404 0 - 5.7967ms
2023-10-31 11:26:38.016 +01:00 [INF] Request starting HTTP/2 GET https://localhost:7060/_vs/browserLink - -
2023-10-31 11:26:38.035 +01:00 [INF] Request finished HTTP/2 GET https://localhost:7060/_vs/browserLink - - - 200 - text/javascript;+charset=UTF-8 19.1180ms
2023-10-31 11:26:38.869 +01:00 [INF] Request starting HTTP/2 GET https://localhost:7060/ - -
2023-10-31 11:26:38.870 +01:00 [INF] Executing endpoint 'FjordNestPro.Controllers.HomeController.Index (FjordNestPro)'
2023-10-31 11:26:38.870 +01:00 [INF] Route matched with {action = "Index", controller = "Home", area = "", page = ""}. Executing controller action with signature System.Threading.Tasks.Task`1[Microsoft.AspNetCore.Mvc.IActionResult] Index() on controller FjordNestPro.Controllers.HomeController (FjordNestPro).
2023-10-31 11:26:38.894 +01:00 [INF] Executing action method FjordNestPro.Controllers.HomeController.Index (FjordNestPro) - Validation state: "Valid"
2023-10-31 11:26:38.907 +01:00 [INF] Executed action method FjordNestPro.Controllers.HomeController.Index (FjordNestPro), returned result Microsoft.AspNetCore.Mvc.ViewResult in 12.7838ms.
2023-10-31 11:26:38.907 +01:00 [INF] Executing ViewResult, running view Index.
2023-10-31 11:26:38.920 +01:00 [INF] Executed ViewResult - view Index executed in 13.415ms.
2023-10-31 11:26:38.921 +01:00 [INF] Executed action FjordNestPro.Controllers.HomeController.Index (FjordNestPro) in 50.2484ms
2023-10-31 11:26:38.921 +01:00 [INF] Executed endpoint 'FjordNestPro.Controllers.HomeController.Index (FjordNestPro)'
2023-10-31 11:26:38.925 +01:00 [INF] Request finished HTTP/2 GET https://localhost:7060/ - - - 200 - text/html;+charset=utf-8 55.9139ms
2023-10-31 11:26:38.947 +01:00 [INF] Request starting HTTP/2 GET https://localhost:7060/lib/bootstrap/js/bootstrap.js - -
2023-10-31 11:26:38.949 +01:00 [INF] Request finished HTTP/2 GET https://localhost:7060/lib/bootstrap/js/bootstrap.js - - - 404 0 - 2.0622ms
2023-10-31 11:26:38.950 +01:00 [INF] Request starting HTTP/2 GET https://localhost:7060/lib/jquery/jquery.js - -
2023-10-31 11:26:38.952 +01:00 [INF] Request starting HTTP/2 GET https://localhost:7060/lib/jquery-validate/jquery.validate.js - -
2023-10-31 11:26:38.953 +01:00 [INF] Request finished HTTP/2 GET https://localhost:7060/lib/jquery/jquery.js - - - 404 0 - 2.8656ms
2023-10-31 11:26:38.954 +01:00 [INF] Request starting HTTP/2 GET https://localhost:7060/_framework/aspnetcore-browser-refresh.js - -
2023-10-31 11:26:38.953 +01:00 [INF] Request finished HTTP/2 GET https://localhost:7060/lib/jquery-validate/jquery.validate.js - - - 404 0 - 0.5091ms
2023-10-31 11:26:38.958 +01:00 [INF] Request finished HTTP/2 GET https://localhost:7060/_framework/aspnetcore-browser-refresh.js - - - 200 12356 application/javascript;+charset=utf-8 1.0806ms
2023-10-31 11:26:39.090 +01:00 [INF] Request starting HTTP/2 GET https://localhost:7060/_vs/browserLink - -
2023-10-31 11:26:39.100 +01:00 [INF] Request finished HTTP/2 GET https://localhost:7060/_vs/browserLink - - - 200 - text/javascript;+charset=UTF-8 10.1531ms
2023-10-31 11:26:59.437 +01:00 [INF] Request starting HTTP/2 POST https://localhost:7060/Identity/Account/Logout?returnUrl=%2F application/x-www-form-urlencoded 225
2023-10-31 11:26:59.438 +01:00 [INF] Executing endpoint '/Account/Logout'
2023-10-31 11:26:59.440 +01:00 [INF] Route matched with {page = "/Account/Logout", area = "Identity", action = "", controller = ""}. Executing page /Account/Logout
2023-10-31 11:26:59.446 +01:00 [INF] Executing handler method FjordNestPro.Areas.Identity.Pages.Account.LogoutModel.OnPost - ModelState is "Valid"
2023-10-31 11:26:59.447 +01:00 [INF] AuthenticationScheme: Identity.Application signed out.
2023-10-31 11:26:59.448 +01:00 [INF] AuthenticationScheme: Identity.External signed out.
2023-10-31 11:26:59.448 +01:00 [INF] AuthenticationScheme: Identity.TwoFactorUserId signed out.
2023-10-31 11:26:59.450 +01:00 [INF] User logged out.
2023-10-31 11:26:59.450 +01:00 [INF] Executed handler method OnPost, returned result Microsoft.AspNetCore.Mvc.LocalRedirectResult.
2023-10-31 11:26:59.451 +01:00 [INF] Executing LocalRedirectResult, redirecting to /.
2023-10-31 11:26:59.451 +01:00 [INF] Executed page /Account/Logout in 10.8347ms
2023-10-31 11:26:59.451 +01:00 [INF] Executed endpoint '/Account/Logout'
2023-10-31 11:26:59.451 +01:00 [INF] Request finished HTTP/2 POST https://localhost:7060/Identity/Account/Logout?returnUrl=%2F application/x-www-form-urlencoded 225 - 302 0 - 14.1880ms
2023-10-31 11:26:59.462 +01:00 [INF] Request starting HTTP/2 GET https://localhost:7060/ - -
2023-10-31 11:26:59.467 +01:00 [INF] Executing endpoint 'FjordNestPro.Controllers.HomeController.Index (FjordNestPro)'
2023-10-31 11:26:59.467 +01:00 [INF] Route matched with {action = "Index", controller = "Home", area = "", page = ""}. Executing controller action with signature System.Threading.Tasks.Task`1[Microsoft.AspNetCore.Mvc.IActionResult] Index() on controller FjordNestPro.Controllers.HomeController (FjordNestPro).
2023-10-31 11:26:59.484 +01:00 [INF] Executing action method FjordNestPro.Controllers.HomeController.Index (FjordNestPro) - Validation state: "Valid"
2023-10-31 11:26:59.485 +01:00 [INF] Executed action method FjordNestPro.Controllers.HomeController.Index (FjordNestPro), returned result Microsoft.AspNetCore.Mvc.ViewResult in 0.0473ms.
2023-10-31 11:26:59.485 +01:00 [INF] Executing ViewResult, running view Index.
2023-10-31 11:26:59.494 +01:00 [INF] Executed ViewResult - view Index executed in 9.1829ms.
2023-10-31 11:26:59.494 +01:00 [INF] Executed action FjordNestPro.Controllers.HomeController.Index (FjordNestPro) in 27.3086ms
2023-10-31 11:26:59.494 +01:00 [INF] Executed endpoint 'FjordNestPro.Controllers.HomeController.Index (FjordNestPro)'
2023-10-31 11:26:59.500 +01:00 [INF] Request finished HTTP/2 GET https://localhost:7060/ - - - 200 - text/html;+charset=utf-8 37.4709ms
2023-10-31 11:26:59.529 +01:00 [INF] Request starting HTTP/2 GET https://localhost:7060/_framework/aspnetcore-browser-refresh.js - -
2023-10-31 11:26:59.530 +01:00 [INF] Request starting HTTP/2 GET https://localhost:7060/lib/jquery/jquery.js - -
2023-10-31 11:26:59.530 +01:00 [INF] Request starting HTTP/2 GET https://localhost:7060/lib/jquery-validate/jquery.validate.js - -
2023-10-31 11:26:59.530 +01:00 [INF] Request finished HTTP/2 GET https://localhost:7060/lib/jquery/jquery.js - - - 404 0 - 0.2381ms
2023-10-31 11:26:59.530 +01:00 [INF] Request finished HTTP/2 GET https://localhost:7060/lib/jquery-validate/jquery.validate.js - - - 404 0 - 0.2351ms
2023-10-31 11:26:59.536 +01:00 [INF] Request starting HTTP/2 GET https://localhost:7060/lib/bootstrap/js/bootstrap.js - -
2023-10-31 11:26:59.537 +01:00 [INF] Request finished HTTP/2 GET https://localhost:7060/lib/bootstrap/js/bootstrap.js - - - 404 0 - 7.4041ms
2023-10-31 11:26:59.535 +01:00 [INF] Request finished HTTP/2 GET https://localhost:7060/_framework/aspnetcore-browser-refresh.js - - - 200 12356 application/javascript;+charset=utf-8 1.5605ms
2023-10-31 11:26:59.674 +01:00 [INF] Request starting HTTP/2 GET https://localhost:7060/_vs/browserLink - -
2023-10-31 11:26:59.725 +01:00 [INF] Request finished HTTP/2 GET https://localhost:7060/_vs/browserLink - - - 200 - text/javascript;+charset=UTF-8 51.4411ms
