2023-11-09 12:14:51.826 +01:00 [INF] User profile is available. Using '/Users/henrik_vik/.aspnet/DataProtection-Keys' as key repository; keys will not be encrypted at rest.
2023-11-09 12:14:55.211 +01:00 [INF] Now listening on: https://localhost:7060
2023-11-09 12:14:55.233 +01:00 [INF] Now listening on: http://localhost:5035
2023-11-09 12:14:55.249 +01:00 [INF] Application started. Press Ctrl+C to shut down.
2023-11-09 12:14:55.253 +01:00 [INF] Hosting environment: Development
2023-11-09 12:14:55.256 +01:00 [INF] Content root path: /Users/henrik_vik/Projects/FjordNest/FjordNestPro
2023-11-09 12:14:56.775 +01:00 [INF] Request starting HTTP/1.1 GET https://localhost:7060/ - -
2023-11-09 12:14:56.891 +01:00 [INF] Identity.Application was not authenticated. Failure message: Unprotect ticket failed
2023-11-09 12:14:56.897 +01:00 [INF] Executing endpoint 'FjordNestPro.Controllers.HomeController.Index (FjordNestPro)'
2023-11-09 12:14:56.916 +01:00 [INF] Route matched with {action = "Index", controller = "Home", area = "", page = ""}. Executing controller action with signature System.Threading.Tasks.Task`1[Microsoft.AspNetCore.Mvc.IActionResult] Index() on controller FjordNestPro.Controllers.HomeController (FjordNestPro).
2023-11-09 12:14:56.937 +01:00 [INF] Executing ViewResult, running view Index.
2023-11-09 12:14:57.165 +01:00 [INF] Executed ViewResult - view Index executed in 230.493ms.
2023-11-09 12:14:57.168 +01:00 [INF] Executed action FjordNestPro.Controllers.HomeController.Index (FjordNestPro) in 251.1305ms
2023-11-09 12:14:57.168 +01:00 [INF] Executed endpoint 'FjordNestPro.Controllers.HomeController.Index (FjordNestPro)'
2023-11-09 12:14:57.175 +01:00 [INF] Request finished HTTP/1.1 GET https://localhost:7060/ - - - 200 - text/html;+charset=utf-8 404.3269ms
2023-11-09 12:14:57.504 +01:00 [INF] Request starting HTTP/1.1 GET https://localhost:7060/lib/bootstrap/js/bootstrap.js - -
2023-11-09 12:14:57.505 +01:00 [INF] Request starting HTTP/1.1 GET https://localhost:7060/lib/bootstrap/dist/css/bootstrap.min.css - -
2023-11-09 12:14:57.531 +01:00 [INF] Request starting HTTP/1.1 GET https://localhost:7060/FjordNestPro.styles.css?v=5Tpqsgstn_cDRuDhj8wmkfhqVu_RCJ2iKAZ2kcPtGAo - -
2023-11-09 12:14:57.532 +01:00 [INF] Request starting HTTP/1.1 GET https://localhost:7060/css/site.css?v=v_Pq3ljq9f9NNbt9PAowScIuN5P9sF6bFdlybMZmeQ8 - -
2023-11-09 12:14:57.533 +01:00 [INF] Request starting HTTP/1.1 GET https://localhost:7060/lib/jquery-validate/jquery.validate.js - -
2023-11-09 12:14:57.533 +01:00 [INF] Request starting HTTP/1.1 GET https://localhost:7060/lib/jquery/jquery.js - -
2023-11-09 12:14:57.545 +01:00 [INF] Identity.Application was not authenticated. Failure message: Unprotect ticket failed
2023-11-09 12:14:57.545 +01:00 [INF] Identity.Application was not authenticated. Failure message: Unprotect ticket failed
2023-11-09 12:14:57.545 +01:00 [INF] Identity.Application was not authenticated. Failure message: Unprotect ticket failed
2023-11-09 12:14:57.548 +01:00 [INF] Request finished HTTP/1.1 GET https://localhost:7060/lib/bootstrap/js/bootstrap.js - - - 404 0 - 92.9939ms
2023-11-09 12:14:57.548 +01:00 [INF] Request finished HTTP/1.1 GET https://localhost:7060/lib/jquery-validate/jquery.validate.js - - - 404 0 - 15.1197ms
2023-11-09 12:14:57.548 +01:00 [INF] Request finished HTTP/1.1 GET https://localhost:7060/lib/jquery/jquery.js - - - 404 0 - 14.8491ms
2023-11-09 12:14:57.572 +01:00 [INF] Request starting HTTP/1.1 GET https://localhost:7060/images/fjordnest-high-resolution-logo-white-transparent.png - -
2023-11-09 12:14:57.572 +01:00 [INF] Request starting HTTP/1.1 GET https://localhost:7060/lib/jquery-validation-unobtrusive/jquery.validate.unobtrusive.js - -
2023-11-09 12:14:57.572 +01:00 [INF] Request starting HTTP/1.1 GET https://localhost:7060/lib/jquery/dist/jquery.min.js - -
2023-11-09 12:14:57.612 +01:00 [INF] The file /css/site.css was not modified
2023-11-09 12:14:57.612 +01:00 [INF] The file /FjordNestPro.styles.css was not modified
2023-11-09 12:14:57.612 +01:00 [INF] Request finished HTTP/1.1 GET https://localhost:7060/FjordNestPro.styles.css?v=5Tpqsgstn_cDRuDhj8wmkfhqVu_RCJ2iKAZ2kcPtGAo - - - 304 - text/css 82.0492ms
2023-11-09 12:14:57.612 +01:00 [INF] Request finished HTTP/1.1 GET https://localhost:7060/css/site.css?v=v_Pq3ljq9f9NNbt9PAowScIuN5P9sF6bFdlybMZmeQ8 - - - 304 - text/css 81.1626ms
2023-11-09 12:14:57.703 +01:00 [INF] Sending file. Request path: '/images/fjordnest-high-resolution-logo-white-transparent.png'. Physical path: '/Users/henrik_vik/Projects/FjordNest/FjordNestPro/wwwroot/images/fjordnest-high-resolution-logo-white-transparent.png'
2023-11-09 12:14:57.703 +01:00 [INF] Sending file. Request path: '/lib/jquery-validation-unobtrusive/jquery.validate.unobtrusive.js'. Physical path: '/Users/henrik_vik/Projects/FjordNest/FjordNestPro/wwwroot/lib/jquery-validation-unobtrusive/jquery.validate.unobtrusive.js'
2023-11-09 12:14:57.707 +01:00 [INF] Request finished HTTP/1.1 GET https://localhost:7060/images/fjordnest-high-resolution-logo-white-transparent.png - - - 200 28151 image/png 135.3030ms
2023-11-09 12:14:57.707 +01:00 [INF] Request finished HTTP/1.1 GET https://localhost:7060/lib/jquery-validation-unobtrusive/jquery.validate.unobtrusive.js - - - 200 19389 text/javascript 135.2110ms
2023-11-09 12:14:57.708 +01:00 [INF] Request starting HTTP/1.1 GET https://localhost:7060/lib/bootstrap/dist/js/bootstrap.bundle.min.js - -
2023-11-09 12:14:57.714 +01:00 [INF] Sending file. Request path: '/lib/bootstrap/dist/js/bootstrap.bundle.min.js'. Physical path: '/Users/henrik_vik/Projects/FjordNest/FjordNestPro/wwwroot/lib/bootstrap/dist/js/bootstrap.bundle.min.js'
2023-11-09 12:14:57.714 +01:00 [INF] Request finished HTTP/1.1 GET https://localhost:7060/lib/bootstrap/dist/js/bootstrap.bundle.min.js - - - 200 78468 text/javascript 6.5556ms
2023-11-09 12:14:57.716 +01:00 [INF] Sending file. Request path: '/lib/jquery/dist/jquery.min.js'. Physical path: '/Users/henrik_vik/Projects/FjordNest/FjordNestPro/wwwroot/lib/jquery/dist/jquery.min.js'
2023-11-09 12:14:57.716 +01:00 [INF] Request finished HTTP/1.1 GET https://localhost:7060/lib/jquery/dist/jquery.min.js - - - 200 89501 text/javascript 143.5752ms
2023-11-09 12:14:57.719 +01:00 [INF] Sending file. Request path: '/lib/bootstrap/dist/css/bootstrap.min.css'. Physical path: '/Users/henrik_vik/Projects/FjordNest/FjordNestPro/wwwroot/lib/bootstrap/dist/css/bootstrap.min.css'
2023-11-09 12:14:57.719 +01:00 [INF] Request finished HTTP/1.1 GET https://localhost:7060/lib/bootstrap/dist/css/bootstrap.min.css - - - 200 162720 text/css 240.2503ms
2023-11-09 12:14:57.720 +01:00 [INF] Request starting HTTP/1.1 GET https://localhost:7060/js/site.js?v=GVfrJwP9dyBEOTWWL5R7z2rTE1yLZrGdTM_sHV07zS4 - -
2023-11-09 12:14:57.721 +01:00 [INF] The file /js/site.js was not modified
2023-11-09 12:14:57.721 +01:00 [INF] Request finished HTTP/1.1 GET https://localhost:7060/js/site.js?v=GVfrJwP9dyBEOTWWL5R7z2rTE1yLZrGdTM_sHV07zS4 - - - 304 - text/javascript 0.5605ms
2023-11-09 12:14:57.742 +01:00 [INF] Request starting HTTP/1.1 GET https://localhost:7060/images/Fjord.jpg - -
2023-11-09 12:14:57.768 +01:00 [INF] Sending file. Request path: '/images/Fjord.jpg'. Physical path: '/Users/henrik_vik/Projects/FjordNest/FjordNestPro/wwwroot/images/Fjord.jpg'
2023-11-09 12:14:57.768 +01:00 [INF] Request finished HTTP/1.1 GET https://localhost:7060/images/Fjord.jpg - - - 200 2624941 image/jpeg 25.9824ms
2023-11-09 12:14:57.967 +01:00 [INF] Request starting HTTP/1.1 GET https://localhost:7060/favicon.ico - -
2023-11-09 12:14:57.970 +01:00 [INF] Sending file. Request path: '/favicon.ico'. Physical path: '/Users/henrik_vik/Projects/FjordNest/FjordNestPro/wwwroot/favicon.ico'
2023-11-09 12:14:57.970 +01:00 [INF] Request finished HTTP/1.1 GET https://localhost:7060/favicon.ico - - - 200 5430 image/x-icon 2.8271ms
2023-11-09 12:15:15.147 +01:00 [INF] Request starting HTTP/1.1 GET https://localhost:7060/Identity/Account/Login - -
2023-11-09 12:15:15.174 +01:00 [INF] Identity.Application was not authenticated. Failure message: Unprotect ticket failed
2023-11-09 12:15:15.175 +01:00 [INF] Executing endpoint '/Account/Login'
2023-11-09 12:15:15.203 +01:00 [INF] Route matched with {page = "/Account/Login", area = "Identity", action = "", controller = ""}. Executing page /Account/Login
2023-11-09 12:15:15.232 +01:00 [INF] Executing handler method FjordNestPro.Areas.Identity.Pages.Account.LoginModel.OnGetAsync - ModelState is "Valid"
2023-11-09 12:15:15.242 +01:00 [INF] AuthenticationScheme: Identity.External signed out.
2023-11-09 12:15:15.244 +01:00 [INF] Executed handler method OnGetAsync, returned result .
2023-11-09 12:15:15.248 +01:00 [INF] Executing an implicit handler method - ModelState is "Valid"
2023-11-09 12:15:15.249 +01:00 [INF] Executed an implicit handler method, returned result Microsoft.AspNetCore.Mvc.RazorPages.PageResult.
2023-11-09 12:15:15.364 +01:00 [INF] Executed page /Account/Login in 161.0663ms
2023-11-09 12:15:15.364 +01:00 [INF] Executed endpoint '/Account/Login'
2023-11-09 12:15:15.365 +01:00 [INF] Request finished HTTP/1.1 GET https://localhost:7060/Identity/Account/Login - - - 200 - text/html;+charset=utf-8 217.5046ms
2023-11-09 12:15:15.388 +01:00 [INF] Request starting HTTP/1.1 GET https://localhost:7060/lib/bootstrap/js/bootstrap.js - -
2023-11-09 12:15:15.388 +01:00 [INF] Identity.Application was not authenticated. Failure message: Unprotect ticket failed
2023-11-09 12:15:15.388 +01:00 [INF] Request finished HTTP/1.1 GET https://localhost:7060/lib/bootstrap/js/bootstrap.js - - - 404 0 - 0.7466ms
2023-11-09 12:15:15.391 +01:00 [INF] Request starting HTTP/1.1 GET https://localhost:7060/lib/jquery/jquery.js - -
2023-11-09 12:15:15.392 +01:00 [INF] Request starting HTTP/1.1 GET https://localhost:7060/lib/jquery-validate/jquery.validate.js - -
2023-11-09 12:15:15.392 +01:00 [INF] Request starting HTTP/1.1 GET https://localhost:7060/Identity/lib/jquery-validation/dist/jquery.validate.js - -
2023-11-09 12:15:15.392 +01:00 [INF] Request starting HTTP/1.1 GET https://localhost:7060/Identity/lib/jquery-validation-unobtrusive/jquery.validate.unobtrusive.js - -
2023-11-09 12:15:15.392 +01:00 [INF] Identity.Application was not authenticated. Failure message: Unprotect ticket failed
2023-11-09 12:15:15.392 +01:00 [INF] Identity.Application was not authenticated. Failure message: Unprotect ticket failed
2023-11-09 12:15:15.392 +01:00 [INF] Request finished HTTP/1.1 GET https://localhost:7060/lib/jquery-validate/jquery.validate.js - - - 404 0 - 0.7696ms
2023-11-09 12:15:15.392 +01:00 [INF] Request finished HTTP/1.1 GET https://localhost:7060/lib/jquery/jquery.js - - - 404 0 - 0.9582ms
2023-11-09 12:15:15.397 +01:00 [INF] Sending file. Request path: '/Identity/lib/jquery-validation-unobtrusive/jquery.validate.unobtrusive.js'. Physical path: '/Users/henrik_vik/.nuget/packages/microsoft.aspnetcore.identity.ui/7.0.13/staticwebassets/V5/lib/jquery-validation-unobtrusive/jquery.validate.unobtrusive.js'
2023-11-09 12:15:15.397 +01:00 [INF] Request finished HTTP/1.1 GET https://localhost:7060/Identity/lib/jquery-validation-unobtrusive/jquery.validate.unobtrusive.js - - - 200 19385 text/javascript 5.1934ms
2023-11-09 12:15:15.397 +01:00 [INF] Sending file. Request path: '/Identity/lib/jquery-validation/dist/jquery.validate.js'. Physical path: '/Users/henrik_vik/.nuget/packages/microsoft.aspnetcore.identity.ui/7.0.13/staticwebassets/V5/lib/jquery-validation/dist/jquery.validate.js'
2023-11-09 12:15:15.398 +01:00 [INF] Request finished HTTP/1.1 GET https://localhost:7060/Identity/lib/jquery-validation/dist/jquery.validate.js - - - 200 51171 text/javascript 5.9279ms
2023-11-09 12:15:25.943 +01:00 [INF] Request starting HTTP/1.1 POST https://localhost:7060/Identity/Account/Login application/x-www-form-urlencoded 270
2023-11-09 12:15:25.950 +01:00 [INF] Identity.Application was not authenticated. Failure message: Unprotect ticket failed
2023-11-09 12:15:25.950 +01:00 [INF] Executing endpoint '/Account/Login'
2023-11-09 12:15:25.951 +01:00 [INF] Route matched with {page = "/Account/Login", area = "Identity", action = "", controller = ""}. Executing page /Account/Login
2023-11-09 12:15:25.992 +01:00 [INF] Executing handler method FjordNestPro.Areas.Identity.Pages.Account.LoginModel.OnPostAsync - ModelState is "Valid"
2023-11-09 12:15:26.157 +01:00 [INF] Executed handler method OnPostAsync, returned result Microsoft.AspNetCore.Mvc.RazorPages.PageResult.
2023-11-09 12:15:26.182 +01:00 [INF] Executed page /Account/Login in 231.3715ms
2023-11-09 12:15:26.182 +01:00 [INF] Executed endpoint '/Account/Login'
2023-11-09 12:15:26.188 +01:00 [INF] Request finished HTTP/1.1 POST https://localhost:7060/Identity/Account/Login application/x-www-form-urlencoded 270 - 200 - text/html;+charset=utf-8 245.5328ms
2023-11-09 12:15:26.194 +01:00 [INF] Request starting HTTP/1.1 GET https://localhost:7060/lib/bootstrap/js/bootstrap.js - -
2023-11-09 12:15:26.195 +01:00 [INF] Identity.Application was not authenticated. Failure message: Unprotect ticket failed
2023-11-09 12:15:26.195 +01:00 [INF] Request finished HTTP/1.1 GET https://localhost:7060/lib/bootstrap/js/bootstrap.js - - - 404 0 - 0.7658ms
2023-11-09 12:15:26.197 +01:00 [INF] Request starting HTTP/1.1 GET https://localhost:7060/lib/jquery/jquery.js - -
2023-11-09 12:15:26.197 +01:00 [INF] Request starting HTTP/1.1 GET https://localhost:7060/lib/jquery-validate/jquery.validate.js - -
2023-11-09 12:15:26.198 +01:00 [INF] Identity.Application was not authenticated. Failure message: Unprotect ticket failed
2023-11-09 12:15:26.198 +01:00 [INF] Identity.Application was not authenticated. Failure message: Unprotect ticket failed
2023-11-09 12:15:26.198 +01:00 [INF] Request finished HTTP/1.1 GET https://localhost:7060/lib/jquery-validate/jquery.validate.js - - - 404 0 - 0.6756ms
2023-11-09 12:15:26.198 +01:00 [INF] Request finished HTTP/1.1 GET https://localhost:7060/lib/jquery/jquery.js - - - 404 0 - 0.7407ms
2023-11-09 12:15:29.981 +01:00 [INF] Request starting HTTP/1.1 POST https://localhost:7060/Identity/Account/Login application/x-www-form-urlencoded 263
2023-11-09 12:15:29.982 +01:00 [INF] Identity.Application was not authenticated. Failure message: Unprotect ticket failed
2023-11-09 12:15:29.982 +01:00 [INF] Executing endpoint '/Account/Login'
2023-11-09 12:15:29.983 +01:00 [INF] Route matched with {page = "/Account/Login", area = "Identity", action = "", controller = ""}. Executing page /Account/Login
2023-11-09 12:15:29.986 +01:00 [INF] Executing handler method FjordNestPro.Areas.Identity.Pages.Account.LoginModel.OnPostAsync - ModelState is "Valid"
2023-11-09 12:15:30.208 +01:00 [INF] AuthenticationScheme: Identity.Application signed in.
2023-11-09 12:15:30.212 +01:00 [INF] User logged in.
2023-11-09 12:15:30.212 +01:00 [INF] Executed handler method OnPostAsync, returned result Microsoft.AspNetCore.Mvc.LocalRedirectResult.
2023-11-09 12:15:30.213 +01:00 [INF] Executing LocalRedirectResult, redirecting to /.
2023-11-09 12:15:30.213 +01:00 [INF] Executed page /Account/Login in 230.3129ms
2023-11-09 12:15:30.213 +01:00 [INF] Executed endpoint '/Account/Login'
2023-11-09 12:15:30.214 +01:00 [INF] Request finished HTTP/1.1 POST https://localhost:7060/Identity/Account/Login application/x-www-form-urlencoded 263 - 302 0 - 232.3466ms
2023-11-09 12:15:30.217 +01:00 [INF] Request starting HTTP/1.1 GET https://localhost:7060/ - -
2023-11-09 12:15:30.221 +01:00 [INF] Executing endpoint 'FjordNestPro.Controllers.HomeController.Index (FjordNestPro)'
2023-11-09 12:15:30.222 +01:00 [INF] Route matched with {action = "Index", controller = "Home", area = "", page = ""}. Executing controller action with signature System.Threading.Tasks.Task`1[Microsoft.AspNetCore.Mvc.IActionResult] Index() on controller FjordNestPro.Controllers.HomeController (FjordNestPro).
2023-11-09 12:15:30.293 +01:00 [INF] Executing ViewResult, running view Index.
2023-11-09 12:15:30.299 +01:00 [INF] Executed ViewResult - view Index executed in 5.6088ms.
2023-11-09 12:15:30.299 +01:00 [INF] Executed action FjordNestPro.Controllers.HomeController.Index (FjordNestPro) in 77.0936ms
2023-11-09 12:15:30.299 +01:00 [INF] Executed endpoint 'FjordNestPro.Controllers.HomeController.Index (FjordNestPro)'
2023-11-09 12:15:30.299 +01:00 [INF] Request finished HTTP/1.1 GET https://localhost:7060/ - - - 200 - text/html;+charset=utf-8 82.2351ms
2023-11-09 12:15:30.312 +01:00 [INF] Request starting HTTP/1.1 GET https://localhost:7060/lib/bootstrap/js/bootstrap.js - -
2023-11-09 12:15:30.315 +01:00 [INF] Request finished HTTP/1.1 GET https://localhost:7060/lib/bootstrap/js/bootstrap.js - - - 404 0 - 2.2022ms
2023-11-09 12:15:30.316 +01:00 [INF] Request starting HTTP/1.1 GET https://localhost:7060/lib/jquery/jquery.js - -
2023-11-09 12:15:30.316 +01:00 [INF] Request starting HTTP/1.1 GET https://localhost:7060/lib/jquery-validate/jquery.validate.js - -
2023-11-09 12:15:30.318 +01:00 [INF] Request finished HTTP/1.1 GET https://localhost:7060/lib/jquery/jquery.js - - - 404 0 - 2.6444ms
2023-11-09 12:15:30.318 +01:00 [INF] Request finished HTTP/1.1 GET https://localhost:7060/lib/jquery-validate/jquery.validate.js - - - 404 0 - 2.2515ms
2023-11-09 12:15:32.297 +01:00 [INF] Request starting HTTP/1.1 GET https://localhost:7060/Admin - -
2023-11-09 12:15:32.306 +01:00 [INF] Executing endpoint 'FjordNestPro.Areas.Admin.Controllers.AdminController.Index (FjordNestPro)'
2023-11-09 12:15:32.308 +01:00 [INF] Route matched with {area = "Admin", action = "Index", controller = "Admin", page = ""}. Executing controller action with signature Microsoft.AspNetCore.Mvc.IActionResult Index() on controller FjordNestPro.Areas.Admin.Controllers.AdminController (FjordNestPro).
2023-11-09 12:15:32.311 +01:00 [INF] Executing ViewResult, running view Index.
2023-11-09 12:15:32.347 +01:00 [INF] Executed ViewResult - view Index executed in 38.2027ms.
2023-11-09 12:15:32.347 +01:00 [INF] Executed action FjordNestPro.Areas.Admin.Controllers.AdminController.Index (FjordNestPro) in 38.9961ms
2023-11-09 12:15:32.347 +01:00 [INF] Executed endpoint 'FjordNestPro.Areas.Admin.Controllers.AdminController.Index (FjordNestPro)'
2023-11-09 12:15:32.347 +01:00 [INF] Request finished HTTP/1.1 GET https://localhost:7060/Admin - - - 200 - text/html;+charset=utf-8 49.9122ms
2023-11-09 12:15:32.359 +01:00 [INF] Request starting HTTP/1.1 GET https://localhost:7060/lib/bootstrap/js/bootstrap.js - -
2023-11-09 12:15:32.362 +01:00 [INF] Request finished HTTP/1.1 GET https://localhost:7060/lib/bootstrap/js/bootstrap.js - - - 404 0 - 3.0420ms
2023-11-09 12:15:32.363 +01:00 [INF] Request starting HTTP/1.1 GET https://localhost:7060/lib/jquery/jquery.js - -
2023-11-09 12:15:32.363 +01:00 [INF] Request starting HTTP/1.1 GET https://localhost:7060/lib/jquery-validate/jquery.validate.js - -
2023-11-09 12:15:32.363 +01:00 [INF] Request starting HTTP/1.1 GET https://localhost:7060/images/Logo.png.png - -
2023-11-09 12:15:32.480 +01:00 [INF] Sending file. Request path: '/images/Logo.png.png'. Physical path: '/Users/henrik_vik/Projects/FjordNest/FjordNestPro/wwwroot/images/Logo.png.png'
2023-11-09 12:15:32.480 +01:00 [INF] Request finished HTTP/1.1 GET https://localhost:7060/lib/jquery-validate/jquery.validate.js - - - 404 0 - 117.2142ms
2023-11-09 12:15:32.480 +01:00 [INF] Request finished HTTP/1.1 GET https://localhost:7060/lib/jquery/jquery.js - - - 404 0 - 117.3438ms
2023-11-09 12:15:32.480 +01:00 [INF] Request finished HTTP/1.1 GET https://localhost:7060/images/Logo.png.png - - - 200 18519 image/png 117.1224ms
2023-11-09 12:15:34.300 +01:00 [INF] Request starting HTTP/1.1 GET https://localhost:7060/Admin/Address - -
2023-11-09 12:15:34.304 +01:00 [INF] Executing endpoint 'FjordNestPro.Areas.Admin.Controllers.AddressController.Index (FjordNestPro)'
2023-11-09 12:15:34.309 +01:00 [INF] Route matched with {area = "Admin", action = "Index", controller = "Address", page = ""}. Executing controller action with signature System.Threading.Tasks.Task`1[Microsoft.AspNetCore.Mvc.IActionResult] Index(System.String, System.String, System.String) on controller FjordNestPro.Areas.Admin.Controllers.AddressController (FjordNestPro).
2023-11-09 12:15:34.343 +01:00 [INF] Executing ViewResult, running view Index.
2023-11-09 12:15:34.413 +01:00 [INF] Executed ViewResult - view Index executed in 71.3844ms.
2023-11-09 12:15:34.414 +01:00 [INF] Executed action FjordNestPro.Areas.Admin.Controllers.AddressController.Index (FjordNestPro) in 104.839ms
2023-11-09 12:15:34.414 +01:00 [INF] Executed endpoint 'FjordNestPro.Areas.Admin.Controllers.AddressController.Index (FjordNestPro)'
2023-11-09 12:15:34.414 +01:00 [INF] Request finished HTTP/1.1 GET https://localhost:7060/Admin/Address - - - 200 - text/html;+charset=utf-8 114.1224ms
2023-11-09 12:15:34.429 +01:00 [INF] Request starting HTTP/1.1 GET https://localhost:7060/lib/bootstrap/js/bootstrap.js - -
2023-11-09 12:15:34.429 +01:00 [INF] Request finished HTTP/1.1 GET https://localhost:7060/lib/bootstrap/js/bootstrap.js - - - 404 0 - 0.9077ms
2023-11-09 12:15:34.432 +01:00 [INF] Request starting HTTP/1.1 GET https://localhost:7060/lib/jquery/jquery.js - -
2023-11-09 12:15:34.432 +01:00 [INF] Request starting HTTP/1.1 GET https://localhost:7060/lib/jquery-validate/jquery.validate.js - -
2023-11-09 12:15:34.433 +01:00 [INF] Request starting HTTP/1.1 GET https://localhost:7060/Admin/images/Logo.png.png - -
2023-11-09 12:15:34.433 +01:00 [INF] Request finished HTTP/1.1 GET https://localhost:7060/lib/jquery/jquery.js - - - 404 0 - 0.8978ms
2023-11-09 12:15:34.433 +01:00 [INF] Request finished HTTP/1.1 GET https://localhost:7060/lib/jquery-validate/jquery.validate.js - - - 404 0 - 0.8527ms
2023-11-09 12:15:34.435 +01:00 [INF] Request finished HTTP/1.1 GET https://localhost:7060/Admin/images/Logo.png.png - - - 404 0 - 2.5524ms
